c:\catalystengine\libs\physx\pxshared\src\compiler\vc15win64\x64\pxfoundation\debug\pswindowssocket.obj
c:\catalystengine\libs\physx\pxshared\src\compiler\vc15win64\x64\pxfoundation\debug\psstring.obj
c:\catalystengine\libs\physx\pxshared\src\compiler\vc15win64\x64\pxfoundation\debug\pswindowsslist.obj
c:\catalystengine\libs\physx\pxshared\src\compiler\vc15win64\x64\pxfoundation\debug\psmathutils.obj
c:\catalystengine\libs\physx\pxshared\src\compiler\vc15win64\x64\pxfoundation\debug\pswindowsfpu.obj
c:\catalystengine\libs\physx\pxshared\src\compiler\vc15win64\x64\pxfoundation\debug\psallocator.obj
c:\catalystengine\libs\physx\pxshared\src\compiler\vc15win64\x64\pxfoundation\debug\pstempallocator.obj
c:\catalystengine\libs\physx\pxshared\src\compiler\vc15win64\x64\pxfoundation\debug\pswindowsprintstring.obj
c:\catalystengine\libs\physx\pxshared\src\compiler\vc15win64\x64\pxfoundation\debug\pswindowssync.obj
c:\catalystengine\libs\physx\pxshared\src\compiler\vc15win64\x64\pxfoundation\debug\psfoundation.obj
c:\catalystengine\libs\physx\pxshared\src\compiler\vc15win64\x64\pxfoundation\debug\pswindowsmutex.obj
c:\catalystengine\libs\physx\pxshared\src\compiler\vc15win64\x64\pxfoundation\debug\psassert.obj
c:\catalystengine\libs\physx\pxshared\src\compiler\vc15win64\x64\pxfoundation\debug\psutilities.obj
c:\catalystengine\libs\physx\pxshared\src\compiler\vc15win64\x64\pxfoundation\debug\pswindowscpu.obj
c:\catalystengine\libs\physx\pxshared\src\compiler\vc15win64\x64\pxfoundation\debug\pswindowstime.obj
c:\catalystengine\libs\physx\pxshared\src\compiler\vc15win64\x64\pxfoundation\debug\pswindowsatomic.obj
c:\catalystengine\libs\physx\pxshared\src\compiler\vc15win64\x64\pxfoundation\debug\pswindowsthread.obj
c:\catalystengine\libs\physx\pxshared\bin\vc15win64\pxfoundationdebug_x64.pdb
c:\catalystengine\libs\physx\pxshared\bin\vc15win64\pxfoundationdebug_x64.ilk
c:\catalystengine\libs\physx\pxshared\bin\vc15win64\pxfoundationdebug_x64.dll
c:\catalystengine\libs\physx\pxshared\lib\vc15win64\pxfoundationdebug_x64.lib
c:\catalystengine\libs\physx\pxshared\lib\vc15win64\pxfoundationdebug_x64.exp
c:\catalystengine\libs\physx\pxshared\src\compiler\vc15win64\x64\pxfoundation\debug\pxfoundation.res
c:\catalystengine\libs\physx\pxshared\src\compiler\vc15win64\x64\pxfoundation\debug\pxfoundation.tlog\cl.12328.write.1.tlog
c:\catalystengine\libs\physx\pxshared\src\compiler\vc15win64\x64\pxfoundation\debug\pxfoundation.tlog\cl.command.1.tlog
c:\catalystengine\libs\physx\pxshared\src\compiler\vc15win64\x64\pxfoundation\debug\pxfoundation.tlog\cl.read.1.tlog
c:\catalystengine\libs\physx\pxshared\src\compiler\vc15win64\x64\pxfoundation\debug\pxfoundation.tlog\link.command.1.tlog
c:\catalystengine\libs\physx\pxshared\src\compiler\vc15win64\x64\pxfoundation\debug\pxfoundation.tlog\link.read.1.tlog
c:\catalystengine\libs\physx\pxshared\src\compiler\vc15win64\x64\pxfoundation\debug\pxfoundation.tlog\link.write.1.tlog
c:\catalystengine\libs\physx\pxshared\src\compiler\vc15win64\x64\pxfoundation\debug\pxfoundation.tlog\pxfoundation.write.1u.tlog
c:\catalystengine\libs\physx\pxshared\src\compiler\vc15win64\x64\pxfoundation\debug\pxfoundation.tlog\rc.command.1.tlog
c:\catalystengine\libs\physx\pxshared\src\compiler\vc15win64\x64\pxfoundation\debug\pxfoundation.tlog\rc.read.1.tlog
c:\catalystengine\libs\physx\pxshared\src\compiler\vc15win64\x64\pxfoundation\debug\pxfoundation.tlog\rc.write.1.tlog
