c:\catalystengine\libs\physx\physx_3.4\source\compiler\vc15win64\x64\physxcooking\debug\convexhullutils.obj
c:\catalystengine\libs\physx\physx_3.4\source\compiler\vc15win64\x64\physxcooking\debug\cooking.obj
c:\catalystengine\libs\physx\physx_3.4\source\compiler\vc15win64\x64\physxcooking\debug\grbtrianglemeshcooking.obj
c:\catalystengine\libs\physx\physx_3.4\source\compiler\vc15win64\x64\physxcooking\debug\convexhulllib.obj
c:\catalystengine\libs\physx\physx_3.4\source\compiler\vc15win64\x64\physxcooking\debug\quickhullconvexhulllib.obj
c:\catalystengine\libs\physx\physx_3.4\source\compiler\vc15win64\x64\physxcooking\debug\edgelist.obj
c:\catalystengine\libs\physx\physx_3.4\source\compiler\vc15win64\x64\physxcooking\debug\windowscookingdelayloadhook.obj
c:\catalystengine\libs\physx\physx_3.4\source\compiler\vc15win64\x64\physxcooking\debug\convexmeshbuilder.obj
c:\catalystengine\libs\physx\physx_3.4\source\compiler\vc15win64\x64\physxcooking\debug\quantizer.obj
c:\catalystengine\libs\physx\physx_3.4\source\compiler\vc15win64\x64\physxcooking\debug\trianglemeshbuilder.obj
c:\catalystengine\libs\physx\physx_3.4\source\compiler\vc15win64\x64\physxcooking\debug\adjacencies.obj
c:\catalystengine\libs\physx\physx_3.4\source\compiler\vc15win64\x64\physxcooking\debug\heightfieldcooking.obj
c:\catalystengine\libs\physx\physx_3.4\source\compiler\vc15win64\x64\physxcooking\debug\convexpolygonsbuilder.obj
c:\catalystengine\libs\physx\physx_3.4\source\compiler\vc15win64\x64\physxcooking\debug\cookingutils.obj
c:\catalystengine\libs\physx\physx_3.4\source\compiler\vc15win64\x64\physxcooking\debug\convexhullbuilder.obj
c:\catalystengine\libs\physx\physx_3.4\source\compiler\vc15win64\x64\physxcooking\debug\meshcleaner.obj
c:\catalystengine\libs\physx\physx_3.4\source\compiler\vc15win64\x64\physxcooking\debug\bigconvexdatabuilder.obj
c:\catalystengine\libs\physx\physx_3.4\source\compiler\vc15win64\x64\physxcooking\debug\volumeintegration.obj
c:\catalystengine\libs\physx\physx_3.4\source\compiler\vc15win64\x64\physxcooking\debug\rtreecooking.obj
c:\catalystengine\libs\physx\physx_3.4\source\compiler\vc15win64\x64\physxcooking\debug\inflationconvexhulllib.obj
c:\catalystengine\libs\physx\physx_3.4\bin\vc15win64\physx3cookingdebug_x64.pdb
c:\catalystengine\libs\physx\physx_3.4\bin\vc15win64\physx3cookingdebug_x64.ilk
c:\catalystengine\libs\physx\physx_3.4\bin\vc15win64\physx3cookingdebug_x64.dll
c:\catalystengine\libs\physx\physx_3.4\bin\vc15win64\physx3cookingdebug_x64.map
c:\catalystengine\libs\physx\physx_3.4\lib\vc15win64\physx3cookingdebug_x64.lib
c:\catalystengine\libs\physx\physx_3.4\lib\vc15win64\physx3cookingdebug_x64.exp
c:\catalystengine\libs\physx\physx_3.4\bin\vc15win64\physxcommon_64.dll
c:\catalystengine\libs\physx\physx_3.4\bin\vc15win64\physxfoundation_64.dll
c:\catalystengine\libs\physx\physx_3.4\source\compiler\vc15win64\x64\physxcooking\debug\physx3cooking.res
c:\catalystengine\libs\physx\physx_3.4\source\compiler\vc15win64\x64\physxcooking\debug\physxcooking.tlog\cl.14324.write.1.tlog
c:\catalystengine\libs\physx\physx_3.4\source\compiler\vc15win64\x64\physxcooking\debug\physxcooking.tlog\cl.command.1.tlog
c:\catalystengine\libs\physx\physx_3.4\source\compiler\vc15win64\x64\physxcooking\debug\physxcooking.tlog\cl.read.1.tlog
c:\catalystengine\libs\physx\physx_3.4\source\compiler\vc15win64\x64\physxcooking\debug\physxcooking.tlog\link.command.1.tlog
c:\catalystengine\libs\physx\physx_3.4\source\compiler\vc15win64\x64\physxcooking\debug\physxcooking.tlog\link.read.1.tlog
c:\catalystengine\libs\physx\physx_3.4\source\compiler\vc15win64\x64\physxcooking\debug\physxcooking.tlog\link.write.1.tlog
c:\catalystengine\libs\physx\physx_3.4\source\compiler\vc15win64\x64\physxcooking\debug\physxcooking.tlog\physxcooking.write.1u.tlog
c:\catalystengine\libs\physx\physx_3.4\source\compiler\vc15win64\x64\physxcooking\debug\physxcooking.tlog\rc.command.1.tlog
c:\catalystengine\libs\physx\physx_3.4\source\compiler\vc15win64\x64\physxcooking\debug\physxcooking.tlog\rc.read.1.tlog
c:\catalystengine\libs\physx\physx_3.4\source\compiler\vc15win64\x64\physxcooking\debug\physxcooking.tlog\rc.write.1.tlog
