c:\catalystengine\libs\physx\physx_3.4\source\compiler\vc15win64\x64\lowlevelparticles\debug\ptcollisionconvex.obj
c:\catalystengine\libs\physx\physx_3.4\source\compiler\vc15win64\x64\lowlevelparticles\debug\ptcontextcpu.obj
c:\catalystengine\libs\physx\physx_3.4\source\compiler\vc15win64\x64\lowlevelparticles\debug\ptbodytransformvault.obj
c:\catalystengine\libs\physx\physx_3.4\source\compiler\vc15win64\x64\lowlevelparticles\debug\ptparticledata.obj
c:\catalystengine\libs\physx\physx_3.4\source\compiler\vc15win64\x64\lowlevelparticles\debug\ptcollisionbox.obj
c:\catalystengine\libs\physx\physx_3.4\source\compiler\vc15win64\x64\lowlevelparticles\debug\ptspatialhash.obj
c:\catalystengine\libs\physx\physx_3.4\source\compiler\vc15win64\x64\lowlevelparticles\debug\ptcollisionmesh.obj
c:\catalystengine\libs\physx\physx_3.4\source\compiler\vc15win64\x64\lowlevelparticles\debug\ptspatiallocalhash.obj
c:\catalystengine\libs\physx\physx_3.4\source\compiler\vc15win64\x64\lowlevelparticles\debug\ptrigidbodyaccessgpu.obj
c:\catalystengine\libs\physx\physx_3.4\source\compiler\vc15win64\x64\lowlevelparticles\debug\ptcollisionplane.obj
c:\catalystengine\libs\physx\physx_3.4\source\compiler\vc15win64\x64\lowlevelparticles\debug\ptparticlesystemsimcpu.obj
c:\catalystengine\libs\physx\physx_3.4\source\compiler\vc15win64\x64\lowlevelparticles\debug\ptbatcher.obj
c:\catalystengine\libs\physx\physx_3.4\source\compiler\vc15win64\x64\lowlevelparticles\debug\ptdynamics.obj
c:\catalystengine\libs\physx\physx_3.4\source\compiler\vc15win64\x64\lowlevelparticles\debug\ptcollisioncapsule.obj
c:\catalystengine\libs\physx\physx_3.4\source\compiler\vc15win64\x64\lowlevelparticles\debug\ptcollisionsphere.obj
c:\catalystengine\libs\physx\physx_3.4\source\compiler\vc15win64\x64\lowlevelparticles\debug\ptcollision.obj
c:\catalystengine\libs\physx\physx_3.4\source\compiler\vc15win64\x64\lowlevelparticles\debug\ptparticleshapecpu.obj
c:\catalystengine\libs\physx\physx_3.4\lib\vc15win64\lowlevelparticlesdebug.pdb
c:\catalystengine\libs\physx\physx_3.4\lib\vc15win64\lowlevelparticlesdebug.lib
c:\catalystengine\libs\physx\physx_3.4\source\compiler\vc15win64\x64\lowlevelparticles\debug\lowlevel.d18eb5f3.tlog\cl.12320.write.1.tlog
c:\catalystengine\libs\physx\physx_3.4\source\compiler\vc15win64\x64\lowlevelparticles\debug\lowlevel.d18eb5f3.tlog\cl.command.1.tlog
c:\catalystengine\libs\physx\physx_3.4\source\compiler\vc15win64\x64\lowlevelparticles\debug\lowlevel.d18eb5f3.tlog\cl.read.1.tlog
c:\catalystengine\libs\physx\physx_3.4\source\compiler\vc15win64\x64\lowlevelparticles\debug\lowlevel.d18eb5f3.tlog\lib-link.read.1.tlog
c:\catalystengine\libs\physx\physx_3.4\source\compiler\vc15win64\x64\lowlevelparticles\debug\lowlevel.d18eb5f3.tlog\lib-link.write.1.tlog
c:\catalystengine\libs\physx\physx_3.4\source\compiler\vc15win64\x64\lowlevelparticles\debug\lowlevel.d18eb5f3.tlog\lib.command.1.tlog
