c:\catalystengine\libs\physx\physx_3.4\source\compiler\vc15win64\x64\physxvehicle\debug\pxvehicledrivetank.obj
c:\catalystengine\libs\physx\physx_3.4\source\compiler\vc15win64\x64\physxvehicle\debug\vehicleutilsetup.obj
c:\catalystengine\libs\physx\physx_3.4\source\compiler\vc15win64\x64\physxvehicle\debug\pxvehicledrivenw.obj
c:\catalystengine\libs\physx\physx_3.4\source\compiler\vc15win64\x64\physxvehicle\debug\pxvehiclewheels.obj
c:\catalystengine\libs\physx\physx_3.4\source\compiler\vc15win64\x64\physxvehicle\debug\pxvehicledrive.obj
c:\catalystengine\libs\physx\physx_3.4\source\compiler\vc15win64\x64\physxvehicle\debug\pxvehicletirefriction.obj
c:\catalystengine\libs\physx\physx_3.4\source\compiler\vc15win64\x64\physxvehicle\debug\vehicleutiltelemetry.obj
c:\catalystengine\libs\physx\physx_3.4\source\compiler\vc15win64\x64\physxvehicle\debug\pxvehicledrive4w.obj
c:\catalystengine\libs\physx\physx_3.4\source\compiler\vc15win64\x64\physxvehicle\debug\pxvehicleupdate.obj
c:\catalystengine\libs\physx\physx_3.4\source\compiler\vc15win64\x64\physxvehicle\debug\pxvehiclemetadata.obj
c:\catalystengine\libs\physx\physx_3.4\source\compiler\vc15win64\x64\physxvehicle\debug\pxvehiclesuspwheeltire4.obj
c:\catalystengine\libs\physx\physx_3.4\source\compiler\vc15win64\x64\physxvehicle\debug\pxvehicleautogeneratedmetadataobjects.obj
c:\catalystengine\libs\physx\physx_3.4\source\compiler\vc15win64\x64\physxvehicle\debug\pxvehiclesdk.obj
c:\catalystengine\libs\physx\physx_3.4\source\compiler\vc15win64\x64\physxvehicle\debug\pxvehiclecomponents.obj
c:\catalystengine\libs\physx\physx_3.4\source\compiler\vc15win64\x64\physxvehicle\debug\pxvehicleserialization.obj
c:\catalystengine\libs\physx\physx_3.4\source\compiler\vc15win64\x64\physxvehicle\debug\pxvehiclenodrive.obj
c:\catalystengine\libs\physx\physx_3.4\source\compiler\vc15win64\x64\physxvehicle\debug\vehicleutilcontrol.obj
c:\catalystengine\libs\physx\physx_3.4\source\compiler\vc15win64\x64\physxvehicle\debug\pxvehiclemetadataobjects.obj
c:\catalystengine\libs\physx\physx_3.4\lib\vc15win64\physx3vehicledebug.pdb
c:\catalystengine\libs\physx\physx_3.4\lib\vc15win64\physx3vehicledebug.lib
c:\catalystengine\libs\physx\physx_3.4\source\compiler\vc15win64\x64\physxvehicle\debug\physxvehicle.tlog\cl.10284.write.1.tlog
c:\catalystengine\libs\physx\physx_3.4\source\compiler\vc15win64\x64\physxvehicle\debug\physxvehicle.tlog\cl.command.1.tlog
c:\catalystengine\libs\physx\physx_3.4\source\compiler\vc15win64\x64\physxvehicle\debug\physxvehicle.tlog\cl.read.1.tlog
c:\catalystengine\libs\physx\physx_3.4\source\compiler\vc15win64\x64\physxvehicle\debug\physxvehicle.tlog\lib-link.read.1.tlog
c:\catalystengine\libs\physx\physx_3.4\source\compiler\vc15win64\x64\physxvehicle\debug\physxvehicle.tlog\lib-link.write.1.tlog
c:\catalystengine\libs\physx\physx_3.4\source\compiler\vc15win64\x64\physxvehicle\debug\physxvehicle.tlog\lib.command.1.tlog
