c:\catalystengine\libs\physx\physx_3.4\source\compiler\vc15win64\x64\lowleveldynamics\debug\dyarticulationhelper.obj
c:\catalystengine\libs\physx\physx_3.4\source\compiler\vc15win64\x64\lowleveldynamics\debug\dydynamics.obj
c:\catalystengine\libs\physx\physx_3.4\source\compiler\vc15win64\x64\lowleveldynamics\debug\dythreadcontext.obj
c:\catalystengine\libs\physx\physx_3.4\source\compiler\vc15win64\x64\lowleveldynamics\debug\dyarticulationcontactprep.obj
c:\catalystengine\libs\physx\physx_3.4\source\compiler\vc15win64\x64\lowleveldynamics\debug\dycontactprep.obj
c:\catalystengine\libs\physx\physx_3.4\source\compiler\vc15win64\x64\lowleveldynamics\debug\dysolvercontrolpf.obj
c:\catalystengine\libs\physx\physx_3.4\source\compiler\vc15win64\x64\lowleveldynamics\debug\dyarticulationscalar.obj
c:\catalystengine\libs\physx\physx_3.4\source\compiler\vc15win64\x64\lowleveldynamics\debug\dycontactpreppf.obj
c:\catalystengine\libs\physx\physx_3.4\source\compiler\vc15win64\x64\lowleveldynamics\debug\dyconstraintsetup.obj
c:\catalystengine\libs\physx\physx_3.4\source\compiler\vc15win64\x64\lowleveldynamics\debug\dyrigidbodytosolverbody.obj
c:\catalystengine\libs\physx\physx_3.4\source\compiler\vc15win64\x64\lowleveldynamics\debug\dysolvercontrol.obj
c:\catalystengine\libs\physx\physx_3.4\source\compiler\vc15win64\x64\lowleveldynamics\debug\dyarticulation.obj
c:\catalystengine\libs\physx\physx_3.4\source\compiler\vc15win64\x64\lowleveldynamics\debug\dyconstraintsetupblock.obj
c:\catalystengine\libs\physx\physx_3.4\source\compiler\vc15win64\x64\lowleveldynamics\debug\dysolverconstraints.obj
c:\catalystengine\libs\physx\physx_3.4\source\compiler\vc15win64\x64\lowleveldynamics\debug\dythresholdtable.obj
c:\catalystengine\libs\physx\physx_3.4\source\compiler\vc15win64\x64\lowleveldynamics\debug\dyarticulationsimd.obj
c:\catalystengine\libs\physx\physx_3.4\source\compiler\vc15win64\x64\lowleveldynamics\debug\dycontactprep4pf.obj
c:\catalystengine\libs\physx\physx_3.4\source\compiler\vc15win64\x64\lowleveldynamics\debug\dysolverpfconstraints.obj
c:\catalystengine\libs\physx\physx_3.4\source\compiler\vc15win64\x64\lowleveldynamics\debug\dyconstraintpartition.obj
c:\catalystengine\libs\physx\physx_3.4\source\compiler\vc15win64\x64\lowleveldynamics\debug\dyfrictioncorrelation.obj
c:\catalystengine\libs\physx\physx_3.4\source\compiler\vc15win64\x64\lowleveldynamics\debug\dysolverconstraintsblock.obj
c:\catalystengine\libs\physx\physx_3.4\source\compiler\vc15win64\x64\lowleveldynamics\debug\dyarticulationcontactpreppf.obj
c:\catalystengine\libs\physx\physx_3.4\source\compiler\vc15win64\x64\lowleveldynamics\debug\dycontactprep4.obj
c:\catalystengine\libs\physx\physx_3.4\source\compiler\vc15win64\x64\lowleveldynamics\debug\dysolverpfconstraintsblock.obj
c:\catalystengine\libs\physx\physx_3.4\lib\vc15win64\lowleveldynamicsdebug.pdb
c:\catalystengine\libs\physx\physx_3.4\lib\vc15win64\lowleveldynamicsdebug.lib
c:\catalystengine\libs\physx\physx_3.4\source\compiler\vc15win64\x64\lowleveldynamics\debug\lowleveldynamics.tlog\cl.13336.write.1.tlog
c:\catalystengine\libs\physx\physx_3.4\source\compiler\vc15win64\x64\lowleveldynamics\debug\lowleveldynamics.tlog\cl.command.1.tlog
c:\catalystengine\libs\physx\physx_3.4\source\compiler\vc15win64\x64\lowleveldynamics\debug\lowleveldynamics.tlog\cl.read.1.tlog
c:\catalystengine\libs\physx\physx_3.4\source\compiler\vc15win64\x64\lowleveldynamics\debug\lowleveldynamics.tlog\lib-link.read.1.tlog
c:\catalystengine\libs\physx\physx_3.4\source\compiler\vc15win64\x64\lowleveldynamics\debug\lowleveldynamics.tlog\lib-link.write.1.tlog
c:\catalystengine\libs\physx\physx_3.4\source\compiler\vc15win64\x64\lowleveldynamics\debug\lowleveldynamics.tlog\lib.command.1.tlog
