  Vcpkg is unable to link because we cannot decide between Release and Debug libraries. Please define the property VcpkgConfiguration to be 'Release' or 'Debug' (currently 'debug').
  DyArticulation.cpp
  DyArticulationContactPrep.cpp
  DyArticulationContactPrepPF.cpp
  DyArticulationHelper.cpp
  DyArticulationScalar.cpp
  DyArticulationSIMD.cpp
  DyConstraintPartition.cpp
  DyConstraintSetup.cpp
C:\CatalystEngine\libs\PhysX\PxShared\src\foundation\include\PsMathUtils.h(311,29): warning C5219: implicit conversion from 'int' to 'physx::PxF32', possible loss of data (compiling source file ..\..\LowLevelDynamics\src\DyArticulation.cpp)
C:\CatalystEngine\libs\PhysX\PxShared\src\foundation\include\PsMathUtils.h(311,29): warning C5219: implicit conversion from 'int' to 'physx::PxF32', possible loss of data (compiling source file ..\..\LowLevelDynamics\src\DyArticulationContactPrep.cpp)
C:\CatalystEngine\libs\PhysX\PxShared\src\foundation\include\PsMathUtils.h(311,29): warning C5219: implicit conversion from 'int' to 'physx::PxF32', possible loss of data (compiling source file ..\..\LowLevelDynamics\src\DyArticulationSIMD.cpp)
C:\CatalystEngine\libs\PhysX\PxShared\src\foundation\include\PsMathUtils.h(311,29): warning C5219: implicit conversion from 'int' to 'physx::PxF32', possible loss of data (compiling source file ..\..\LowLevelDynamics\src\DyArticulationContactPrepPF.cpp)
C:\CatalystEngine\libs\PhysX\PxShared\src\foundation\include\PsMathUtils.h(311,29): warning C5219: implicit conversion from 'int' to 'physx::PxF32', possible loss of data (compiling source file ..\..\LowLevelDynamics\src\DyArticulationScalar.cpp)
C:\CatalystEngine\libs\PhysX\PxShared\include\task\PxTask.h(329,1): warning C5220: 'physx::PxLightCpuTask::mRefCount': a non-static data member with a volatile qualified type no longer implies
           that compiler generated copy/move constructors and copy/move assignment operators are not trivial (compiling source file ..\..\LowLevelDynamics\src\DyConstraintPartition.cpp)
C:\CatalystEngine\libs\PhysX\PxShared\include\task\PxTask.h(326): message : see declaration of 'physx::PxLightCpuTask::mRefCount' (compiling source file ..\..\LowLevelDynamics\src\DyConstraintPartition.cpp)
C:\CatalystEngine\libs\PhysX\PhysX_3.4\Source\Common\src\CmTask.h(238,2): warning C5220: 'physx::Cm::FanoutTask::mRefCount': a non-static data member with a volatile qualified type no longer implies
           that compiler generated copy/move constructors and copy/move assignment operators are not trivial (compiling source file ..\..\LowLevelDynamics\src\DyConstraintPartition.cpp)
C:\CatalystEngine\libs\PhysX\PhysX_3.4\Source\Common\src\CmTask.h(232): message : see declaration of 'physx::Cm::FanoutTask::mRefCount' (compiling source file ..\..\LowLevelDynamics\src\DyConstraintPartition.cpp)
C:\CatalystEngine\libs\PhysX\PxShared\src\foundation\include\PsMathUtils.h(311,29): warning C5219: implicit conversion from 'int' to 'physx::PxF32', possible loss of data (compiling source file ..\..\LowLevelDynamics\src\DyArticulationHelper.cpp)
C:\CatalystEngine\libs\PhysX\PxShared\src\foundation\include\PsMathUtils.h(311,29): warning C5219: implicit conversion from 'int' to 'physx::PxF32', possible loss of data (compiling source file ..\..\LowLevelDynamics\src\DyConstraintPartition.cpp)
C:\CatalystEngine\libs\PhysX\PxShared\include\task\PxTask.h(329,1): warning C5220: 'physx::PxLightCpuTask::mRefCount': a non-static data member with a volatile qualified type no longer implies
           that compiler generated copy/move constructors and copy/move assignment operators are not trivial (compiling source file ..\..\LowLevelDynamics\src\DyArticulationContactPrepPF.cpp)
C:\CatalystEngine\libs\PhysX\PxShared\include\task\PxTask.h(326): message : see declaration of 'physx::PxLightCpuTask::mRefCount' (compiling source file ..\..\LowLevelDynamics\src\DyArticulationContactPrepPF.cpp)
C:\CatalystEngine\libs\PhysX\PxShared\include\task\PxTask.h(329,1): warning C5220: 'physx::PxLightCpuTask::mRefCount': a non-static data member with a volatile qualified type no longer implies
           that compiler generated copy/move constructors and copy/move assignment operators are not trivial (compiling source file ..\..\LowLevelDynamics\src\DyArticulation.cpp)
C:\CatalystEngine\libs\PhysX\PxShared\include\task\PxTask.h(326): message : see declaration of 'physx::PxLightCpuTask::mRefCount' (compiling source file ..\..\LowLevelDynamics\src\DyArticulation.cpp)
C:\CatalystEngine\libs\PhysX\PhysX_3.4\Source\Common\src\CmTask.h(238,2): warning C5220: 'physx::Cm::FanoutTask::mRefCount': a non-static data member with a volatile qualified type no longer implies
           that compiler generated copy/move constructors and copy/move assignment operators are not trivial (compiling source file ..\..\LowLevelDynamics\src\DyArticulation.cpp)
C:\CatalystEngine\libs\PhysX\PhysX_3.4\Source\Common\src\CmTask.h(232): message : see declaration of 'physx::Cm::FanoutTask::mRefCount' (compiling source file ..\..\LowLevelDynamics\src\DyArticulation.cpp)
C:\CatalystEngine\libs\PhysX\PxShared\include\task\PxTask.h(329,1): warning C5220: 'physx::PxLightCpuTask::mRefCount': a non-static data member with a volatile qualified type no longer implies
           that compiler generated copy/move constructors and copy/move assignment operators are not trivial (compiling source file ..\..\LowLevelDynamics\src\DyArticulationContactPrep.cpp)
C:\CatalystEngine\libs\PhysX\PxShared\include\task\PxTask.h(326): message : see declaration of 'physx::PxLightCpuTask::mRefCount' (compiling source file ..\..\LowLevelDynamics\src\DyArticulationContactPrep.cpp)
  DyConstraintSetupBlock.cpp
C:\CatalystEngine\libs\PhysX\PxShared\src\foundation\include\PsMathUtils.h(311,29): warning C5219: implicit conversion from 'int' to 'physx::PxF32', possible loss of data (compiling source file ..\..\LowLevelDynamics\src\DyConstraintSetup.cpp)
  DyContactPrep.cpp
  DyContactPrep4.cpp
  DyContactPrep4PF.cpp
  DyContactPrepPF.cpp
  DyDynamics.cpp
  DyFrictionCorrelation.cpp
C:\CatalystEngine\libs\PhysX\PxShared\include\task\PxTask.h(329,1): warning C5220: 'physx::PxLightCpuTask::mRefCount': a non-static data member with a volatile qualified type no longer implies
           that compiler generated copy/move constructors and copy/move assignment operators are not trivial (compiling source file ..\..\LowLevelDynamics\src\DyContactPrep4.cpp)
C:\CatalystEngine\libs\PhysX\PxShared\include\task\PxTask.h(326): message : see declaration of 'physx::PxLightCpuTask::mRefCount' (compiling source file ..\..\LowLevelDynamics\src\DyContactPrep4.cpp)
C:\CatalystEngine\libs\PhysX\PxShared\include\task\PxTask.h(329,1): warning C5220: 'physx::PxLightCpuTask::mRefCount': a non-static data member with a volatile qualified type no longer implies
           that compiler generated copy/move constructors and copy/move assignment operators are not trivial (compiling source file ..\..\LowLevelDynamics\src\DyContactPrep.cpp)
C:\CatalystEngine\libs\PhysX\PxShared\include\task\PxTask.h(326): message : see declaration of 'physx::PxLightCpuTask::mRefCount' (compiling source file ..\..\LowLevelDynamics\src\DyContactPrep.cpp)
C:\CatalystEngine\libs\PhysX\PxShared\src\foundation\include\PsMathUtils.h(311,29): warning C5219: implicit conversion from 'int' to 'physx::PxF32', possible loss of data (compiling source file ..\..\LowLevelDynamics\src\DyContactPrep4.cpp)
C:\CatalystEngine\libs\PhysX\PxShared\src\foundation\include\PsMathUtils.h(311,29): warning C5219: implicit conversion from 'int' to 'physx::PxF32', possible loss of data (compiling source file ..\..\LowLevelDynamics\src\DyContactPrep.cpp)
C:\CatalystEngine\libs\PhysX\PxShared\src\foundation\include\PsMathUtils.h(311,29): warning C5219: implicit conversion from 'int' to 'physx::PxF32', possible loss of data (compiling source file ..\..\LowLevelDynamics\src\DyContactPrep4PF.cpp)
C:\CatalystEngine\libs\PhysX\PxShared\src\foundation\include\PsMathUtils.h(311,29): warning C5219: implicit conversion from 'int' to 'physx::PxF32', possible loss of data (compiling source file ..\..\LowLevelDynamics\src\DyConstraintSetupBlock.cpp)
  DyRigidBodyToSolverBody.cpp
C:\CatalystEngine\libs\PhysX\PxShared\include\task\PxTask.h(329,1): warning C5220: 'physx::PxLightCpuTask::mRefCount': a non-static data member with a volatile qualified type no longer implies
           that compiler generated copy/move constructors and copy/move assignment operators are not trivial (compiling source file ..\..\LowLevelDynamics\src\DyContactPrep4PF.cpp)
C:\CatalystEngine\libs\PhysX\PxShared\include\task\PxTask.h(326): message : see declaration of 'physx::PxLightCpuTask::mRefCount' (compiling source file ..\..\LowLevelDynamics\src\DyContactPrep4PF.cpp)
C:\CatalystEngine\libs\PhysX\PhysX_3.4\Source\Common\src\CmTask.h(238,2): warning C5220: 'physx::Cm::FanoutTask::mRefCount': a non-static data member with a volatile qualified type no longer implies
           that compiler generated copy/move constructors and copy/move assignment operators are not trivial (compiling source file ..\..\LowLevelDynamics\src\DyContactPrep.cpp)
C:\CatalystEngine\libs\PhysX\PhysX_3.4\Source\Common\src\CmTask.h(232): message : see declaration of 'physx::Cm::FanoutTask::mRefCount' (compiling source file ..\..\LowLevelDynamics\src\DyContactPrep.cpp)
C:\CatalystEngine\libs\PhysX\PxShared\src\foundation\include\PsMathUtils.h(311,29): warning C5219: implicit conversion from 'int' to 'physx::PxF32', possible loss of data (compiling source file ..\..\LowLevelDynamics\src\DyContactPrepPF.cpp)
C:\CatalystEngine\libs\PhysX\PhysX_3.4\Source\Common\src\CmTask.h(238,2): warning C5220: 'physx::Cm::FanoutTask::mRefCount': a non-static data member with a volatile qualified type no longer implies
           that compiler generated copy/move constructors and copy/move assignment operators are not trivial (compiling source file ..\..\LowLevelDynamics\src\DyContactPrep4.cpp)
C:\CatalystEngine\libs\PhysX\PhysX_3.4\Source\Common\src\CmTask.h(232): message : see declaration of 'physx::Cm::FanoutTask::mRefCount' (compiling source file ..\..\LowLevelDynamics\src\DyContactPrep4.cpp)
C:\CatalystEngine\libs\PhysX\PxShared\src\foundation\include\PsMathUtils.h(311,29): warning C5219: implicit conversion from 'int' to 'physx::PxF32', possible loss of data (compiling source file ..\..\LowLevelDynamics\src\DyDynamics.cpp)
C:\CatalystEngine\libs\PhysX\PxShared\include\task\PxTask.h(329,1): warning C5220: 'physx::PxLightCpuTask::mRefCount': a non-static data member with a volatile qualified type no longer implies
           that compiler generated copy/move constructors and copy/move assignment operators are not trivial (compiling source file ..\..\LowLevelDynamics\src\DyContactPrepPF.cpp)
C:\CatalystEngine\libs\PhysX\PxShared\include\task\PxTask.h(326): message : see declaration of 'physx::PxLightCpuTask::mRefCount' (compiling source file ..\..\LowLevelDynamics\src\DyContactPrepPF.cpp)
  DySolverConstraints.cpp
C:\CatalystEngine\libs\PhysX\PxShared\include\task\PxTask.h(329,1): warning C5220: 'physx::PxLightCpuTask::mRefCount': a non-static data member with a volatile qualified type no longer implies
           that compiler generated copy/move constructors and copy/move assignment operators are not trivial (compiling source file ..\..\LowLevelDynamics\src\DyDynamics.cpp)
C:\CatalystEngine\libs\PhysX\PxShared\include\task\PxTask.h(326): message : see declaration of 'physx::PxLightCpuTask::mRefCount' (compiling source file ..\..\LowLevelDynamics\src\DyDynamics.cpp)
C:\CatalystEngine\libs\PhysX\PhysX_3.4\Source\Common\src\CmTask.h(238,2): warning C5220: 'physx::Cm::FanoutTask::mRefCount': a non-static data member with a volatile qualified type no longer implies
           that compiler generated copy/move constructors and copy/move assignment operators are not trivial (compiling source file ..\..\LowLevelDynamics\src\DyDynamics.cpp)
C:\CatalystEngine\libs\PhysX\PhysX_3.4\Source\Common\src\CmTask.h(232): message : see declaration of 'physx::Cm::FanoutTask::mRefCount' (compiling source file ..\..\LowLevelDynamics\src\DyDynamics.cpp)
  DySolverConstraintsBlock.cpp
  DySolverControl.cpp
  DySolverControlPF.cpp
  DySolverPFConstraints.cpp
  DySolverPFConstraintsBlock.cpp
C:\CatalystEngine\libs\PhysX\PxShared\src\foundation\include\PsMathUtils.h(311,29): warning C5219: implicit conversion from 'int' to 'physx::PxF32', possible loss of data (compiling source file ..\..\LowLevelDynamics\src\DySolverConstraints.cpp)
  DyThreadContext.cpp
C:\CatalystEngine\libs\PhysX\PxShared\src\foundation\include\PsMathUtils.h(311,29): warning C5219: implicit conversion from 'int' to 'physx::PxF32', possible loss of data (compiling source file ..\..\LowLevelDynamics\src\DySolverConstraintsBlock.cpp)
C:\CatalystEngine\libs\PhysX\PxShared\src\foundation\include\PsMathUtils.h(311,29): warning C5219: implicit conversion from 'int' to 'physx::PxF32', possible loss of data (compiling source file ..\..\LowLevelDynamics\src\DySolverControl.cpp)
  DyThresholdTable.cpp
C:\CatalystEngine\libs\PhysX\PxShared\src\foundation\include\PsMathUtils.h(311,29): warning C5219: implicit conversion from 'int' to 'physx::PxF32', possible loss of data (compiling source file ..\..\LowLevelDynamics\src\DySolverPFConstraints.cpp)
C:\CatalystEngine\libs\PhysX\PxShared\src\foundation\include\PsMathUtils.h(311,29): warning C5219: implicit conversion from 'int' to 'physx::PxF32', possible loss of data (compiling source file ..\..\LowLevelDynamics\src\DyThreadContext.cpp)
C:\CatalystEngine\libs\PhysX\PxShared\src\foundation\include\PsMathUtils.h(311,29): warning C5219: implicit conversion from 'int' to 'physx::PxF32', possible loss of data (compiling source file ..\..\LowLevelDynamics\src\DySolverPFConstraintsBlock.cpp)
C:\CatalystEngine\libs\PhysX\PxShared\src\foundation\include\PsMathUtils.h(311,29): warning C5219: implicit conversion from 'int' to 'physx::PxF32', possible loss of data (compiling source file ..\..\LowLevelDynamics\src\DySolverControlPF.cpp)
  LowLevelDynamics.vcxproj -> C:\CatalystEngine\libs\PhysX\PhysX_3.4\Lib\vc15win64\LowLevelDynamicsDEBUG.lib
