  Vcpkg is unable to link because we cannot decide between Release and Debug libraries. Please define the property VcpkgConfiguration to be 'Release' or 'Debug' (currently 'profile').
cl : command line warning D9025: overriding '/fp:precise' with '/fp:fast'
cl : command line warning D9025: overriding '/Od' with '/Ox'
cl : command line warning D9002: ignoring unknown option '-/WX'
  ModuleLoaderImpl.cpp
C:\CatalystEngine\libs\PhysX\APEX_1.4\include\RWLockable.h(82,1): warning C5204: 'nvidia::apex::RWLockable': class has virtual functions, but its trivial destructor is not virtual; instances of objects derived from this class may not be destructed correctly
C:\CatalystEngine\libs\PhysX\APEX_1.4\include\ApexInterface.h(73,1): warning C5204: 'nvidia::apex::ApexInterface': class has virtual functions, but its trivial destructor is not virtual; instances of objects derived from this class may not be destructed correctly
C:\CatalystEngine\libs\PhysX\APEX_1.4\include\Shape.h(112,1): warning C5204: 'nvidia::apex::Shape': class has virtual functions, but its trivial destructor is not virtual; instances of objects derived from this class may not be destructed correctly
C:\CatalystEngine\libs\PhysX\APEX_1.4\include\Shape.h(124,1): warning C5204: 'nvidia::apex::SphereShape': class has virtual functions, but its trivial destructor is not virtual; instances of objects derived from this class may not be destructed correctly
C:\CatalystEngine\libs\PhysX\APEX_1.4\include\Shape.h(136,1): warning C5204: 'nvidia::apex::CapsuleShape': class has virtual functions, but its trivial destructor is not virtual; instances of objects derived from this class may not be destructed correctly
C:\CatalystEngine\libs\PhysX\APEX_1.4\include\Shape.h(149,1): warning C5204: 'nvidia::apex::BoxShape': class has virtual functions, but its trivial destructor is not virtual; instances of objects derived from this class may not be destructed correctly
C:\CatalystEngine\libs\PhysX\APEX_1.4\include\Shape.h(166,1): warning C5204: 'nvidia::apex::HalfSpaceShape': class has virtual functions, but its trivial destructor is not virtual; instances of objects derived from this class may not be destructed correctly
C:\CatalystEngine\libs\PhysX\APEX_1.4\include\Actor.h(245,1): warning C5204: 'nvidia::apex::ActorSource': class has virtual functions, but its trivial destructor is not virtual; instances of objects derived from this class may not be destructed correctly
C:\CatalystEngine\libs\PhysX\APEX_1.4\include\Context.h(109,1): warning C5204: 'nvidia::apex::RenderableIterator': class has virtual functions, but its trivial destructor is not virtual; instances of objects derived from this class may not be destructed correctly
C:\CatalystEngine\libs\PhysX\APEX_1.4\include\PhysXObjectDesc.h(108,1): warning C5204: 'nvidia::apex::PhysXObjectDesc': class has virtual functions, but its trivial destructor is not virtual; instances of objects derived from this class may not be destructed correctly
C:\CatalystEngine\libs\PhysX\APEX_1.4\include\RenderDataProvider.h(87,1): warning C5204: 'nvidia::apex::RenderDataProvider': class has virtual functions, but its trivial destructor is not virtual; instances of objects derived from this class may not be destructed correctly
C:\CatalystEngine\libs\PhysX\APEX_1.4\include\Renderable.h(67,1): warning C5204: 'nvidia::apex::Renderable': class has virtual functions, but its trivial destructor is not virtual; instances of objects derived from this class may not be destructed correctly
C:\CatalystEngine\libs\PhysX\APEX_1.4\include\AssetPreview.h(72,1): warning C5204: 'nvidia::apex::AssetPreview': class has virtual functions, but its trivial destructor is not virtual; instances of objects derived from this class may not be destructed correctly
C:\CatalystEngine\libs\PhysX\APEX_1.4\include\AssetPreviewScene.h(97,1): warning C5204: 'nvidia::apex::AssetPreviewScene': class has virtual functions, but its trivial destructor is not virtual; instances of objects derived from this class may not be destructed correctly
C:\CatalystEngine\libs\PhysX\APEX_1.4\include\Asset.h(175,1): warning C5204: 'nvidia::apex::AssetAuthoring': class has virtual functions, but its trivial destructor is not virtual; instances of objects derived from this class may not be destructed correctly
C:\CatalystEngine\libs\PhysX\APEX_1.4\include\MirrorScene.h(88,4): warning C5204: 'nvidia::apex::MirrorScene::MirrorFilter': class has virtual functions, but its trivial destructor is not virtual; instances of objects derived from this class may not be destructed correctly
C:\CatalystEngine\libs\PhysX\APEX_1.4\include\MirrorScene.h(112,3): warning C5204: 'nvidia::apex::MirrorScene': class has virtual functions, but its trivial destructor is not virtual; instances of objects derived from this class may not be destructed correctly
C:\CatalystEngine\libs\PhysX\APEX_1.4\include\Scene.h(91,1): warning C5204: 'nvidia::apex::PhysX3Interface': class has virtual functions, but its trivial destructor is not virtual; instances of objects derived from this class may not be destructed correctly
C:\CatalystEngine\libs\PhysX\APEX_1.4\include\ApexSDKCachedData.h(73,1): warning C5204: 'nvidia::apex::ModuleCachedData': class has virtual functions, but its trivial destructor is not virtual; instances of objects derived from this class may not be destructed correctly
C:\CatalystEngine\libs\PhysX\APEX_1.4\include\IProgressListener.h(53,1): warning C5204: 'nvidia::apex::IProgressListener': class has virtual functions, but its trivial destructor is not virtual; instances of objects derived from this class may not be destructed correctly
C:\CatalystEngine\libs\PhysX\APEX_1.4\include\Module.h(177,1): warning C5204: 'nvidia::apex::Module': class has virtual functions, but its trivial destructor is not virtual; instances of objects derived from this class may not be destructed correctly
C:\CatalystEngine\libs\PhysX\APEX_1.4\include\RenderMesh.h(103,1): warning C5204: 'nvidia::apex::VertexBuffer': class has virtual functions, but its trivial destructor is not virtual; instances of objects derived from this class may not be destructed correctly
C:\CatalystEngine\libs\PhysX\APEX_1.4\include\RenderMeshAsset.h(460,1): warning C5204: 'nvidia::apex::RenderMeshAssetAuthoring': class has virtual functions, but its trivial destructor is not virtual; instances of objects derived from this class may not be destructed correctly
C:\CatalystEngine\libs\PhysX\APEX_1.4\include\ResourceProvider.h(151,1): warning C5204: 'nvidia::apex::ResourceProvider': class has virtual functions, but its trivial destructor is not virtual; instances of objects derived from this class may not be destructed correctly
C:\CatalystEngine\libs\PhysX\APEX_1.4\common\include\ResourceProviderIntl.h(178,1): warning C5204: 'nvidia::apex::ResourceProviderIntl': class has virtual functions, but its trivial destructor is not virtual; instances of objects derived from this class may not be destructed correctly
C:\CatalystEngine\libs\PhysX\APEX_1.4\common\include\ModuleIntl.h(277,1): warning C5204: 'nvidia::apex::ModuleSceneIntl': class has virtual functions, but its trivial destructor is not virtual; instances of objects derived from this class may not be destructed correctly
C:\CatalystEngine\libs\PhysX\APEX_1.4\common\include\ApexResource.h(59,1): warning C5204: 'nvidia::apex::ApexResourceInterface': class has virtual functions, but its trivial destructor is not virtual; instances of objects derived from this class may not be destructed correctly
C:\CatalystEngine\libs\PhysX\APEX_1.4\include\loader\ModuleLoader.h(115,1): warning C5204: 'nvidia::apex::ModuleLoader': class has virtual functions, but its trivial destructor is not virtual; instances of objects derived from this class may not be destructed correctly
C:\CatalystEngine\libs\PhysX\APEX_1.4\common\include\ApexRWLockable.h(87,1): warning C5220: 'nvidia::apex::ApexRWLockable::mCurrentWriter': a non-static data member with a volatile qualified type no longer implies
           that compiler generated copy/move constructors and copy/move assignment operators are not trivial
C:\CatalystEngine\libs\PhysX\APEX_1.4\common\include\ApexRWLockable.h(79): message : see declaration of 'nvidia::apex::ApexRWLockable::mCurrentWriter'
C:\CatalystEngine\libs\PhysX\APEX_1.4\common\include\ApexRWLockable.h(87,1): warning C5220: 'nvidia::apex::ApexRWLockable::mConcurrentWriteCount': a non-static data member with a volatile qualified type no longer implies
           that compiler generated copy/move constructors and copy/move assignment operators are not trivial
C:\CatalystEngine\libs\PhysX\APEX_1.4\common\include\ApexRWLockable.h(81): message : see declaration of 'nvidia::apex::ApexRWLockable::mConcurrentWriteCount'
C:\CatalystEngine\libs\PhysX\APEX_1.4\common\include\ApexRWLockable.h(87,1): warning C5220: 'nvidia::apex::ApexRWLockable::mConcurrentReadCount': a non-static data member with a volatile qualified type no longer implies
           that compiler generated copy/move constructors and copy/move assignment operators are not trivial
C:\CatalystEngine\libs\PhysX\APEX_1.4\common\include\ApexRWLockable.h(82): message : see declaration of 'nvidia::apex::ApexRWLockable::mConcurrentReadCount'
C:\CatalystEngine\libs\PhysX\APEX_1.4\common\include\ApexRWLockable.h(87,1): warning C5220: 'nvidia::apex::ApexRWLockable::mConcurrentErrorCount': a non-static data member with a volatile qualified type no longer implies
           that compiler generated copy/move constructors and copy/move assignment operators are not trivial
C:\CatalystEngine\libs\PhysX\APEX_1.4\common\include\ApexRWLockable.h(83): message : see declaration of 'nvidia::apex::ApexRWLockable::mConcurrentErrorCount'
C:\CatalystEngine\libs\PhysX\APEX_1.4\include\destructible\ModuleDestructible.h(447,1): warning C5204: 'nvidia::apex::UserImpactDamageReport': class has virtual functions, but its trivial destructor is not virtual; instances of objects derived from this class may not be destructed correctly
LINK : fatal error LNK1181: cannot open input file 'PhysX3CommonPROFILE_x64.lib'
