  Vcpkg is unable to link because we cannot decide between Release and Debug libraries. Please define the property VcpkgConfiguration to be 'Release' or 'Debug' (currently 'debug').
  WindowsSamplePlatform.cpp
  WindowsSampleUserInput.cpp
  SamplePlatform.cpp
  SampleUserInput.cpp
C:\CatalystEngine\libs\PhysX\PxShared\include\task\PxTask.h(329,1): warning C5220: 'physx::PxLightCpuTask::mRefCount': a non-static data member with a volatile qualified type no longer implies
           that compiler generated copy/move constructors and copy/move assignment operators are not trivial (compiling source file ..\..\src\windows\WindowsSamplePlatform.cpp)
C:\CatalystEngine\libs\PhysX\PxShared\include\task\PxTask.h(326): message : see declaration of 'physx::PxLightCpuTask::mRefCount' (compiling source file ..\..\src\windows\WindowsSamplePlatform.cpp)
C:\CatalystEngine\libs\PhysX\PhysX_3.4\Samples\SampleFramework\renderer\include\RendererColor.h(59,27): warning C5219: implicit conversion from 'int' to 'float', possible loss of data (compiling source file ..\..\src\windows\WindowsSamplePlatform.cpp)
C:\CatalystEngine\libs\PhysX\PhysX_3.4\Samples\SampleFramework\renderer\include\RendererColor.h(60,27): warning C5219: implicit conversion from 'int' to 'float', possible loss of data (compiling source file ..\..\src\windows\WindowsSamplePlatform.cpp)
C:\CatalystEngine\libs\PhysX\PhysX_3.4\Samples\SampleFramework\renderer\include\RendererColor.h(61,27): warning C5219: implicit conversion from 'int' to 'float', possible loss of data (compiling source file ..\..\src\windows\WindowsSamplePlatform.cpp)
C:\CatalystEngine\libs\PhysX\PhysX_3.4\Samples\SampleFramework\renderer\include\RendererColor.h(62,27): warning C5219: implicit conversion from 'int' to 'float', possible loss of data (compiling source file ..\..\src\windows\WindowsSamplePlatform.cpp)
C:\CatalystEngine\libs\PhysX\PxShared\include\task\PxTask.h(329,1): warning C5220: 'physx::PxLightCpuTask::mRefCount': a non-static data member with a volatile qualified type no longer implies
           that compiler generated copy/move constructors and copy/move assignment operators are not trivial (compiling source file ..\..\src\SamplePlatform.cpp)
C:\CatalystEngine\libs\PhysX\PxShared\include\task\PxTask.h(326): message : see declaration of 'physx::PxLightCpuTask::mRefCount' (compiling source file ..\..\src\SamplePlatform.cpp)
C:\CatalystEngine\libs\PhysX\PxShared\include\task\PxTask.h(329,1): warning C5220: 'physx::PxLightCpuTask::mRefCount': a non-static data member with a volatile qualified type no longer implies
           that compiler generated copy/move constructors and copy/move assignment operators are not trivial (compiling source file ..\..\src\SampleUserInput.cpp)
C:\CatalystEngine\libs\PhysX\PxShared\include\task\PxTask.h(326): message : see declaration of 'physx::PxLightCpuTask::mRefCount' (compiling source file ..\..\src\SampleUserInput.cpp)
C:\CatalystEngine\libs\PhysX\PhysX_3.4\Samples\SampleFramework\platform\src\windows\WindowsSamplePlatform.cpp(43,11): fatal error C1083: Cannot open include file: 'd3dx9.h': No such file or directory
C:\CatalystEngine\libs\PhysX\PhysX_3.4\Samples\SampleFramework\renderer\include\RendererColor.h(59,27): warning C5219: implicit conversion from 'int' to 'float', possible loss of data (compiling source file ..\..\src\SamplePlatform.cpp)
C:\CatalystEngine\libs\PhysX\PhysX_3.4\Samples\SampleFramework\renderer\include\RendererColor.h(60,27): warning C5219: implicit conversion from 'int' to 'float', possible loss of data (compiling source file ..\..\src\SamplePlatform.cpp)
C:\CatalystEngine\libs\PhysX\PhysX_3.4\Samples\SampleFramework\renderer\include\RendererColor.h(61,27): warning C5219: implicit conversion from 'int' to 'float', possible loss of data (compiling source file ..\..\src\SamplePlatform.cpp)
C:\CatalystEngine\libs\PhysX\PhysX_3.4\Samples\SampleFramework\renderer\include\RendererColor.h(62,27): warning C5219: implicit conversion from 'int' to 'float', possible loss of data (compiling source file ..\..\src\SamplePlatform.cpp)
C:\CatalystEngine\libs\PhysX\PhysX_3.4\Samples\SampleFramework\renderer\include\RendererColor.h(59,27): warning C5219: implicit conversion from 'int' to 'float', possible loss of data (compiling source file ..\..\src\SampleUserInput.cpp)
C:\CatalystEngine\libs\PhysX\PhysX_3.4\Samples\SampleFramework\renderer\include\RendererColor.h(60,27): warning C5219: implicit conversion from 'int' to 'float', possible loss of data (compiling source file ..\..\src\SampleUserInput.cpp)
C:\CatalystEngine\libs\PhysX\PhysX_3.4\Samples\SampleFramework\renderer\include\RendererColor.h(61,27): warning C5219: implicit conversion from 'int' to 'float', possible loss of data (compiling source file ..\..\src\SampleUserInput.cpp)
C:\CatalystEngine\libs\PhysX\PhysX_3.4\Samples\SampleFramework\renderer\include\RendererColor.h(62,27): warning C5219: implicit conversion from 'int' to 'float', possible loss of data (compiling source file ..\..\src\SampleUserInput.cpp)
