c:\catalystengine\libs\physx\physx_3.4\source\compiler\vc15win64\x64\physxcharacterkinematic\debug\cctsweptbox.obj
c:\catalystengine\libs\physx\physx_3.4\source\compiler\vc15win64\x64\physxcharacterkinematic\debug\cctsweptcapsule.obj
c:\catalystengine\libs\physx\physx_3.4\source\compiler\vc15win64\x64\physxcharacterkinematic\debug\cctboxcontroller.obj
c:\catalystengine\libs\physx\physx_3.4\source\compiler\vc15win64\x64\physxcharacterkinematic\debug\cctcontroller.obj
c:\catalystengine\libs\physx\physx_3.4\source\compiler\vc15win64\x64\physxcharacterkinematic\debug\cctcharactercontrollermanager.obj
c:\catalystengine\libs\physx\physx_3.4\source\compiler\vc15win64\x64\physxcharacterkinematic\debug\cctcharactercontroller.obj
c:\catalystengine\libs\physx\physx_3.4\source\compiler\vc15win64\x64\physxcharacterkinematic\debug\cctcharactercontrollercallbacks.obj
c:\catalystengine\libs\physx\physx_3.4\source\compiler\vc15win64\x64\physxcharacterkinematic\debug\cctcapsulecontroller.obj
c:\catalystengine\libs\physx\physx_3.4\source\compiler\vc15win64\x64\physxcharacterkinematic\debug\cctsweptvolume.obj
c:\catalystengine\libs\physx\physx_3.4\source\compiler\vc15win64\x64\physxcharacterkinematic\debug\cctobstaclecontext.obj
c:\catalystengine\libs\physx\physx_3.4\bin\vc15win64\physx3characterkinematicdebug_x64.pdb
c:\catalystengine\libs\physx\physx_3.4\source\compiler\vc15win64\x64\physxcharacterkinematic\debug\physx3characterkinematic.res
c:\catalystengine\libs\physx\physx_3.4\source\compiler\vc15win64\x64\physxcharacterkinematic\debug\physxcha.1e04f7a2.tlog\cl.11204.write.1.tlog
c:\catalystengine\libs\physx\physx_3.4\source\compiler\vc15win64\x64\physxcharacterkinematic\debug\physxcha.1e04f7a2.tlog\cl.command.1.tlog
c:\catalystengine\libs\physx\physx_3.4\source\compiler\vc15win64\x64\physxcharacterkinematic\debug\physxcha.1e04f7a2.tlog\cl.read.1.tlog
c:\catalystengine\libs\physx\physx_3.4\source\compiler\vc15win64\x64\physxcharacterkinematic\debug\physxcha.1e04f7a2.tlog\link-cvtres.read.1.tlog
c:\catalystengine\libs\physx\physx_3.4\source\compiler\vc15win64\x64\physxcharacterkinematic\debug\physxcha.1e04f7a2.tlog\link-cvtres.write.1.tlog
c:\catalystengine\libs\physx\physx_3.4\source\compiler\vc15win64\x64\physxcharacterkinematic\debug\physxcha.1e04f7a2.tlog\link-rc.read.1.tlog
c:\catalystengine\libs\physx\physx_3.4\source\compiler\vc15win64\x64\physxcharacterkinematic\debug\physxcha.1e04f7a2.tlog\link-rc.write.1.tlog
c:\catalystengine\libs\physx\physx_3.4\source\compiler\vc15win64\x64\physxcharacterkinematic\debug\physxcha.1e04f7a2.tlog\link.command.1.tlog
c:\catalystengine\libs\physx\physx_3.4\source\compiler\vc15win64\x64\physxcharacterkinematic\debug\physxcha.1e04f7a2.tlog\link.read.1.tlog
c:\catalystengine\libs\physx\physx_3.4\source\compiler\vc15win64\x64\physxcharacterkinematic\debug\physxcha.1e04f7a2.tlog\link.read.2.tlog
c:\catalystengine\libs\physx\physx_3.4\source\compiler\vc15win64\x64\physxcharacterkinematic\debug\physxcha.1e04f7a2.tlog\link.read.3.tlog
c:\catalystengine\libs\physx\physx_3.4\source\compiler\vc15win64\x64\physxcharacterkinematic\debug\physxcha.1e04f7a2.tlog\link.write.1.tlog
c:\catalystengine\libs\physx\physx_3.4\source\compiler\vc15win64\x64\physxcharacterkinematic\debug\physxcha.1e04f7a2.tlog\rc.command.1.tlog
c:\catalystengine\libs\physx\physx_3.4\source\compiler\vc15win64\x64\physxcharacterkinematic\debug\physxcha.1e04f7a2.tlog\rc.read.1.tlog
c:\catalystengine\libs\physx\physx_3.4\source\compiler\vc15win64\x64\physxcharacterkinematic\debug\physxcha.1e04f7a2.tlog\rc.write.1.tlog
