c:\catalystengine\libs\physx\physx_3.4\source\compiler\vc15win64\x64\lowlevelcloth\debug\swclothdata.obj
c:\catalystengine\libs\physx\physx_3.4\source\compiler\vc15win64\x64\lowlevelcloth\debug\swfactory.obj
c:\catalystengine\libs\physx\physx_3.4\source\compiler\vc15win64\x64\lowlevelcloth\debug\phaseconfig.obj
c:\catalystengine\libs\physx\physx_3.4\source\compiler\vc15win64\x64\lowlevelcloth\debug\swsolver.obj
c:\catalystengine\libs\physx\physx_3.4\source\compiler\vc15win64\x64\lowlevelcloth\debug\swcollision.obj
c:\catalystengine\libs\physx\physx_3.4\source\compiler\vc15win64\x64\lowlevelcloth\debug\tripletscheduler.obj
c:\catalystengine\libs\physx\physx_3.4\source\compiler\vc15win64\x64\lowlevelcloth\debug\allocator.obj
c:\catalystengine\libs\physx\physx_3.4\source\compiler\vc15win64\x64\lowlevelcloth\debug\swintercollision.obj
c:\catalystengine\libs\physx\physx_3.4\source\compiler\vc15win64\x64\lowlevelcloth\debug\swcloth.obj
c:\catalystengine\libs\physx\physx_3.4\source\compiler\vc15win64\x64\lowlevelcloth\debug\factory.obj
c:\catalystengine\libs\physx\physx_3.4\source\compiler\vc15win64\x64\lowlevelcloth\debug\swselfcollision.obj
c:\catalystengine\libs\physx\physx_3.4\source\compiler\vc15win64\x64\lowlevelcloth\debug\swfabric.obj
c:\catalystengine\libs\physx\physx_3.4\source\compiler\vc15win64\x64\lowlevelcloth\debug\swsolverkernel.obj
c:\catalystengine\libs\physx\physx_3.4\lib\vc15win64\lowlevelclothdebug.pdb
c:\catalystengine\libs\physx\physx_3.4\source\compiler\vc15win64\x64\lowlevelcloth\debug\avx\swsolveconstraints.obj
c:\catalystengine\libs\physx\physx_3.4\lib\vc15win64\lowlevelclothdebug.lib
c:\catalystengine\libs\physx\physx_3.4\source\compiler\vc15win64\x64\lowlevelcloth\debug\lowlevelcloth.tlog\cl.12648.write.1.tlog
c:\catalystengine\libs\physx\physx_3.4\source\compiler\vc15win64\x64\lowlevelcloth\debug\lowlevelcloth.tlog\cl.command.1.tlog
c:\catalystengine\libs\physx\physx_3.4\source\compiler\vc15win64\x64\lowlevelcloth\debug\lowlevelcloth.tlog\cl.read.1.tlog
c:\catalystengine\libs\physx\physx_3.4\source\compiler\vc15win64\x64\lowlevelcloth\debug\lowlevelcloth.tlog\custombuild.command.1.tlog
c:\catalystengine\libs\physx\physx_3.4\source\compiler\vc15win64\x64\lowlevelcloth\debug\lowlevelcloth.tlog\custombuild.read.1.tlog
c:\catalystengine\libs\physx\physx_3.4\source\compiler\vc15win64\x64\lowlevelcloth\debug\lowlevelcloth.tlog\custombuild.write.1.tlog
c:\catalystengine\libs\physx\physx_3.4\source\compiler\vc15win64\x64\lowlevelcloth\debug\lowlevelcloth.tlog\lib-link.read.1.tlog
c:\catalystengine\libs\physx\physx_3.4\source\compiler\vc15win64\x64\lowlevelcloth\debug\lowlevelcloth.tlog\lib-link.write.1.tlog
c:\catalystengine\libs\physx\physx_3.4\source\compiler\vc15win64\x64\lowlevelcloth\debug\lowlevelcloth.tlog\lib.command.1.tlog
