c:\catalystengine\libs\physx\physx_3.4\source\compiler\vc15win64\x64\scenequery\debug\sqaabbtree.obj
c:\catalystengine\libs\physx\physx_3.4\source\compiler\vc15win64\x64\scenequery\debug\sqmetadata.obj
c:\catalystengine\libs\physx\physx_3.4\source\compiler\vc15win64\x64\scenequery\debug\sqextendedbucketpruner.obj
c:\catalystengine\libs\physx\physx_3.4\source\compiler\vc15win64\x64\scenequery\debug\sqpruningpool.obj
c:\catalystengine\libs\physx\physx_3.4\source\compiler\vc15win64\x64\scenequery\debug\sqaabbpruner.obj
c:\catalystengine\libs\physx\physx_3.4\source\compiler\vc15win64\x64\scenequery\debug\sqscenequerymanager.obj
c:\catalystengine\libs\physx\physx_3.4\source\compiler\vc15win64\x64\scenequery\debug\sqbounds.obj
c:\catalystengine\libs\physx\physx_3.4\source\compiler\vc15win64\x64\scenequery\debug\sqincrementalaabbprunercore.obj
c:\catalystengine\libs\physx\physx_3.4\source\compiler\vc15win64\x64\scenequery\debug\sqbucketpruner.obj
c:\catalystengine\libs\physx\physx_3.4\source\compiler\vc15win64\x64\scenequery\debug\sqaabbtreebuild.obj
c:\catalystengine\libs\physx\physx_3.4\source\compiler\vc15win64\x64\scenequery\debug\sqincrementalaabbtree.obj
c:\catalystengine\libs\physx\physx_3.4\source\compiler\vc15win64\x64\scenequery\debug\sqaabbtreeupdatemap.obj
c:\catalystengine\libs\physx\physx_3.4\source\compiler\vc15win64\x64\scenequery\debug\sqpruningstructure.obj
c:\catalystengine\libs\physx\physx_3.4\lib\vc15win64\scenequerydebug.pdb
c:\catalystengine\libs\physx\physx_3.4\lib\vc15win64\scenequerydebug.lib
c:\catalystengine\libs\physx\physx_3.4\source\compiler\vc15win64\x64\scenequery\debug\scenequery.tlog\cl.1932.write.1.tlog
c:\catalystengine\libs\physx\physx_3.4\source\compiler\vc15win64\x64\scenequery\debug\scenequery.tlog\cl.command.1.tlog
c:\catalystengine\libs\physx\physx_3.4\source\compiler\vc15win64\x64\scenequery\debug\scenequery.tlog\cl.read.1.tlog
c:\catalystengine\libs\physx\physx_3.4\source\compiler\vc15win64\x64\scenequery\debug\scenequery.tlog\lib-link.read.1.tlog
c:\catalystengine\libs\physx\physx_3.4\source\compiler\vc15win64\x64\scenequery\debug\scenequery.tlog\lib-link.write.1.tlog
c:\catalystengine\libs\physx\physx_3.4\source\compiler\vc15win64\x64\scenequery\debug\scenequery.tlog\lib.command.1.tlog
