  Vcpkg is unable to link because we cannot decide between Release and Debug libraries. Please define the property VcpkgConfiguration to be 'Release' or 'Debug' (currently 'release').
  PxVehicleComponents.cpp
  PxVehicleDrive.cpp
  PxVehicleDrive4W.cpp
  PxVehicleDriveNW.cpp
  PxVehicleDriveTank.cpp
  PxVehicleMetaData.cpp
  PxVehicleNoDrive.cpp
  PxVehicleSDK.cpp
C:\CatalystEngine\libs\PhysX\PxShared\src\foundation\include\PsMathUtils.h(311,29): warning C5219: implicit conversion from 'int' to 'physx::PxF32', possible loss of data (compiling source file ..\..\PhysXVehicle\src\PxVehicleComponents.cpp)
C:\CatalystEngine\libs\PhysX\PhysX_3.4\Source\PhysXVehicle\src\PxVehicleComponents.cpp(112,34): warning C5219: implicit conversion from 'physx::PxU32' to 'float', possible loss of data
C:\CatalystEngine\libs\PhysX\PhysX_3.4\Source\PhysXVehicle\src\PxVehicleComponents.cpp(119,25): warning C5219: implicit conversion from 'physx::PxU32' to 'float', possible loss of data
C:\CatalystEngine\libs\PhysX\PhysX_3.4\Source\PhysXVehicle\src\PxVehicleComponents.cpp(119,59): warning C5219: implicit conversion from 'physx::PxU32' to 'float', possible loss of data
C:\CatalystEngine\libs\PhysX\PxShared\include\task\PxTask.h(329,1): warning C5220: 'physx::PxLightCpuTask::mRefCount': a non-static data member with a volatile qualified type no longer implies
           that compiler generated copy/move constructors and copy/move assignment operators are not trivial (compiling source file ..\..\PhysXVehicle\src\PxVehicleDrive4W.cpp)
C:\CatalystEngine\libs\PhysX\PxShared\include\task\PxTask.h(326): message : see declaration of 'physx::PxLightCpuTask::mRefCount' (compiling source file ..\..\PhysXVehicle\src\PxVehicleDrive4W.cpp)
C:\CatalystEngine\libs\PhysX\PxShared\include\task\PxTask.h(329,1): warning C5220: 'physx::PxLightCpuTask::mRefCount': a non-static data member with a volatile qualified type no longer implies
           that compiler generated copy/move constructors and copy/move assignment operators are not trivial (compiling source file ..\..\PhysXVehicle\src\PxVehicleDriveNW.cpp)
C:\CatalystEngine\libs\PhysX\PxShared\include\task\PxTask.h(326): message : see declaration of 'physx::PxLightCpuTask::mRefCount' (compiling source file ..\..\PhysXVehicle\src\PxVehicleDriveNW.cpp)
C:\CatalystEngine\libs\PhysX\PxShared\include\task\PxTask.h(329,1): warning C5220: 'physx::PxLightCpuTask::mRefCount': a non-static data member with a volatile qualified type no longer implies
           that compiler generated copy/move constructors and copy/move assignment operators are not trivial (compiling source file ..\..\PhysXVehicle\src\PxVehicleSDK.cpp)
C:\CatalystEngine\libs\PhysX\PxShared\include\task\PxTask.h(326): message : see declaration of 'physx::PxLightCpuTask::mRefCount' (compiling source file ..\..\PhysXVehicle\src\PxVehicleSDK.cpp)
  PxVehicleSerialization.cpp
  PxVehicleSuspWheelTire4.cpp
  PxVehicleTireFriction.cpp
  PxVehicleUpdate.cpp
C:\CatalystEngine\libs\PhysX\PxShared\include\task\PxTask.h(329,1): warning C5220: 'physx::PxLightCpuTask::mRefCount': a non-static data member with a volatile qualified type no longer implies
           that compiler generated copy/move constructors and copy/move assignment operators are not trivial (compiling source file ..\..\PhysXVehicle\src\PxVehicleSerialization.cpp)
C:\CatalystEngine\libs\PhysX\PxShared\include\task\PxTask.h(326): message : see declaration of 'physx::PxLightCpuTask::mRefCount' (compiling source file ..\..\PhysXVehicle\src\PxVehicleSerialization.cpp)
  PxVehicleWheels.cpp
  VehicleUtilControl.cpp
  VehicleUtilSetup.cpp
  VehicleUtilTelemetry.cpp
  PxVehicleAutoGeneratedMetaDataObjects.cpp
C:\CatalystEngine\libs\PhysX\PxShared\src\foundation\include\PsMathUtils.h(311,29): warning C5219: implicit conversion from 'int' to 'physx::PxF32', possible loss of data (compiling source file ..\..\PhysXVehicle\src\PxVehicleUpdate.cpp)
C:\CatalystEngine\libs\PhysX\PhysX_3.4\Source\PhysXVehicle\src\PxVehicleUpdate.cpp(318,33): warning C5219: implicit conversion from 'const physx::PxU32' to 'float', possible loss of data
C:\CatalystEngine\libs\PhysX\PhysX_3.4\Source\PhysXVehicle\src\PxVehicleUpdate.cpp(5097,38): warning C5219: implicit conversion from 'const physx::PxU32' to 'float', possible loss of data
C:\CatalystEngine\libs\PhysX\PhysX_3.4\Source\PhysXVehicle\src\VehicleUtilSetup.cpp(180,77): warning C5219: implicit conversion from 'physx::PxU32' to 'float', possible loss of data
C:\CatalystEngine\libs\PhysX\PhysX_3.4\Source\PhysXVehicle\src\PxVehicleUpdate.cpp(5687,38): warning C5219: implicit conversion from 'const physx::PxU32' to 'float', possible loss of data
C:\CatalystEngine\libs\PhysX\PhysX_3.4\Source\PhysXVehicle\src\PxVehicleUpdate.cpp(6209,38): warning C5219: implicit conversion from 'const physx::PxU32' to 'float', possible loss of data
C:\CatalystEngine\libs\PhysX\PhysX_3.4\Source\PhysXVehicle\src\PxVehicleUpdate.cpp(6571,38): warning C5219: implicit conversion from 'const physx::PxU32' to 'float', possible loss of data
  PxVehicleMetaDataObjects.cpp
C:\CatalystEngine\libs\PhysX\PxShared\include\task\PxTask.h(329,1): warning C5220: 'physx::PxLightCpuTask::mRefCount': a non-static data member with a volatile qualified type no longer implies
           that compiler generated copy/move constructors and copy/move assignment operators are not trivial (compiling source file ..\..\PhysXVehicle\src\PhysXMetaData\src\PxVehicleAutoGeneratedMetaDataObjects.cpp)
C:\CatalystEngine\libs\PhysX\PxShared\include\task\PxTask.h(326): message : see declaration of 'physx::PxLightCpuTask::mRefCount' (compiling source file ..\..\PhysXVehicle\src\PhysXMetaData\src\PxVehicleAutoGeneratedMetaDataObjects.cpp)
C:\CatalystEngine\libs\PhysX\PxShared\src\foundation\include\PsMathUtils.h(311,29): warning C5219: implicit conversion from 'int' to 'physx::PxF32', possible loss of data (compiling source file ..\..\PhysXVehicle\src\PxVehicleWheels.cpp)
C:\CatalystEngine\libs\PhysX\PhysX_3.4\Source\PhysXVehicle\src\PxVehicleWheels.cpp(155,30): warning C5219: implicit conversion from 'physx::PxU32' to 'float', possible loss of data
C:\CatalystEngine\libs\PhysX\PxShared\include\task\PxTask.h(329,1): warning C5220: 'physx::PxLightCpuTask::mRefCount': a non-static data member with a volatile qualified type no longer implies
           that compiler generated copy/move constructors and copy/move assignment operators are not trivial (compiling source file ..\..\PhysXVehicle\src\PhysXMetaData\src\PxVehicleMetaDataObjects.cpp)
C:\CatalystEngine\libs\PhysX\PxShared\include\task\PxTask.h(326): message : see declaration of 'physx::PxLightCpuTask::mRefCount' (compiling source file ..\..\PhysXVehicle\src\PhysXMetaData\src\PxVehicleMetaDataObjects.cpp)
C:\CatalystEngine\libs\PhysX\PhysX_3.4\Source\PhysXVehicle\src\VehicleUtilTelemetry.cpp(171,37): warning C5219: implicit conversion from 'physx::PxU32' to 'const physx::PxReal', possible loss of data
LINK : warning LNK4044: unrecognized option '/INCREMENTAL:NO'; ignored
  PhysXVehicle.vcxproj -> C:\CatalystEngine\libs\PhysX\PhysX_3.4\Lib\vc15win64\PhysX3Vehicle.lib
