c:\catalystengine\libs\physx\physx_3.4\source\compiler\vc15win64\x64\physx\debug\pxparticlegpu.obj
c:\catalystengine\libs\physx\physx_3.4\source\compiler\vc15win64\x64\physx\debug\scbaggregate.obj
c:\catalystengine\libs\physx\physx_3.4\source\compiler\vc15win64\x64\physx\debug\npcloth.obj
c:\catalystengine\libs\physx\physx_3.4\source\compiler\vc15win64\x64\physx\debug\nparticulationjoint.obj
c:\catalystengine\libs\physx\physx_3.4\source\compiler\vc15win64\x64\physx\debug\nprigiddynamic.obj
c:\catalystengine\libs\physx\physx_3.4\source\compiler\vc15win64\x64\physx\debug\npvolumecache.obj
c:\catalystengine\libs\physx\physx_3.4\source\compiler\vc15win64\x64\physx\debug\pxgpu.obj
c:\catalystengine\libs\physx\physx_3.4\source\compiler\vc15win64\x64\physx\debug\npparticlefluid.obj
c:\catalystengine\libs\physx\physx_3.4\source\compiler\vc15win64\x64\physx\debug\scbscene.obj
c:\catalystengine\libs\physx\physx_3.4\source\compiler\vc15win64\x64\physx\debug\npbatchquery.obj
c:\catalystengine\libs\physx\physx_3.4\source\compiler\vc15win64\x64\physx\debug\nppvdscenequerycollector.obj
c:\catalystengine\libs\physx\physx_3.4\source\compiler\vc15win64\x64\physx\debug\npserializeradapter.obj
c:\catalystengine\libs\physx\physx_3.4\source\compiler\vc15win64\x64\physx\debug\pxparticledeviceexclusive.obj
c:\catalystengine\libs\physx\physx_3.4\source\compiler\vc15win64\x64\physx\debug\scbmetadata.obj
c:\catalystengine\libs\physx\physx_3.4\source\compiler\vc15win64\x64\physx\debug\npactor.obj
c:\catalystengine\libs\physx\physx_3.4\source\compiler\vc15win64\x64\physx\debug\npmaterial.obj
c:\catalystengine\libs\physx\physx_3.4\source\compiler\vc15win64\x64\physx\debug\nprigidstatic.obj
c:\catalystengine\libs\physx\physx_3.4\source\compiler\vc15win64\x64\physx\debug\npwritecheck.obj
c:\catalystengine\libs\physx\physx_3.4\source\compiler\vc15win64\x64\physx\debug\npphysicsgpu.obj
c:\catalystengine\libs\physx\physx_3.4\source\compiler\vc15win64\x64\physx\debug\scbparticlesystem.obj
c:\catalystengine\libs\physx\physx_3.4\source\compiler\vc15win64\x64\physx\debug\npimmediatemode.obj
c:\catalystengine\libs\physx\physx_3.4\source\compiler\vc15win64\x64\physx\debug\npconstraint.obj
c:\catalystengine\libs\physx\physx_3.4\source\compiler\vc15win64\x64\physx\debug\npscene.obj
c:\catalystengine\libs\physx\physx_3.4\source\compiler\vc15win64\x64\physx\debug\pvdphysicsclient.obj
c:\catalystengine\libs\physx\physx_3.4\source\compiler\vc15win64\x64\physx\debug\pxphysxindicatordeviceexclusive.obj
c:\catalystengine\libs\physx\physx_3.4\source\compiler\vc15win64\x64\physx\debug\scbbase.obj
c:\catalystengine\libs\physx\physx_3.4\source\compiler\vc15win64\x64\physx\debug\scbshape.obj
c:\catalystengine\libs\physx\physx_3.4\source\compiler\vc15win64\x64\physx\debug\nparticulation.obj
c:\catalystengine\libs\physx\physx_3.4\source\compiler\vc15win64\x64\physx\debug\npphysics.obj
c:\catalystengine\libs\physx\physx_3.4\source\compiler\vc15win64\x64\physx\debug\npspatialindex.obj
c:\catalystengine\libs\physx\physx_3.4\source\compiler\vc15win64\x64\physx\debug\pvdmetadatapvdbinding.obj
c:\catalystengine\libs\physx\physx_3.4\source\compiler\vc15win64\x64\physx\debug\physxindicatorwindows.obj
c:\catalystengine\libs\physx\physx_3.4\source\compiler\vc15win64\x64\physx\debug\scbcloth.obj
c:\catalystengine\libs\physx\physx_3.4\source\compiler\vc15win64\x64\physx\debug\npclothparticledata.obj
c:\catalystengine\libs\physx\physx_3.4\source\compiler\vc15win64\x64\physx\debug\nparticulationlink.obj
c:\catalystengine\libs\physx\physx_3.4\source\compiler\vc15win64\x64\physx\debug\npreadcheck.obj
c:\catalystengine\libs\physx\physx_3.4\source\compiler\vc15win64\x64\physx\debug\npshape.obj
c:\catalystengine\libs\physx\physx_3.4\source\compiler\vc15win64\x64\physx\debug\pxmetadataobjects.obj
c:\catalystengine\libs\physx\physx_3.4\source\compiler\vc15win64\x64\physx\debug\npwindowsdelayloadhook.obj
c:\catalystengine\libs\physx\physx_3.4\source\compiler\vc15win64\x64\physx\debug\npparticlesystem.obj
c:\catalystengine\libs\physx\physx_3.4\source\compiler\vc15win64\x64\physx\debug\scbscenepvdclient.obj
c:\catalystengine\libs\physx\physx_3.4\source\compiler\vc15win64\x64\physx\debug\npfactory.obj
c:\catalystengine\libs\physx\physx_3.4\source\compiler\vc15win64\x64\physx\debug\npscenequeries.obj
c:\catalystengine\libs\physx\physx_3.4\source\compiler\vc15win64\x64\physx\debug\pxautogeneratedmetadataobjects.obj
c:\catalystengine\libs\physx\physx_3.4\source\compiler\vc15win64\x64\physx\debug\pxphysxgpumoduleloader.obj
c:\catalystengine\libs\physx\physx_3.4\source\compiler\vc15win64\x64\physx\debug\scbactor.obj
c:\catalystengine\libs\physx\physx_3.4\source\compiler\vc15win64\x64\physx\debug\npclothfabric.obj
c:\catalystengine\libs\physx\physx_3.4\source\compiler\vc15win64\x64\physx\debug\npaggregate.obj
c:\catalystengine\libs\physx\physx_3.4\source\compiler\vc15win64\x64\physx\debug\npmetadata.obj
c:\catalystengine\libs\physx\physx_3.4\source\compiler\vc15win64\x64\physx\debug\npshapemanager.obj
c:\catalystengine\libs\physx\physx_3.4\bin\vc15win64\physx3debug_x64.pdb
c:\catalystengine\libs\physx\physx_3.4\source\compiler\vc15win64\x64\physx\debug\physx3.res
c:\catalystengine\libs\physx\physx_3.4\source\compiler\vc15win64\x64\physx\debug\physx.tlog\cl.10388.write.1.tlog
c:\catalystengine\libs\physx\physx_3.4\source\compiler\vc15win64\x64\physx\debug\physx.tlog\cl.command.1.tlog
c:\catalystengine\libs\physx\physx_3.4\source\compiler\vc15win64\x64\physx\debug\physx.tlog\cl.read.1.tlog
c:\catalystengine\libs\physx\physx_3.4\source\compiler\vc15win64\x64\physx\debug\physx.tlog\link-cvtres.read.1.tlog
c:\catalystengine\libs\physx\physx_3.4\source\compiler\vc15win64\x64\physx\debug\physx.tlog\link-cvtres.write.1.tlog
c:\catalystengine\libs\physx\physx_3.4\source\compiler\vc15win64\x64\physx\debug\physx.tlog\link-rc.read.1.tlog
c:\catalystengine\libs\physx\physx_3.4\source\compiler\vc15win64\x64\physx\debug\physx.tlog\link-rc.write.1.tlog
c:\catalystengine\libs\physx\physx_3.4\source\compiler\vc15win64\x64\physx\debug\physx.tlog\link.command.1.tlog
c:\catalystengine\libs\physx\physx_3.4\source\compiler\vc15win64\x64\physx\debug\physx.tlog\link.read.1.tlog
c:\catalystengine\libs\physx\physx_3.4\source\compiler\vc15win64\x64\physx\debug\physx.tlog\link.read.2.tlog
c:\catalystengine\libs\physx\physx_3.4\source\compiler\vc15win64\x64\physx\debug\physx.tlog\link.write.1.tlog
c:\catalystengine\libs\physx\physx_3.4\source\compiler\vc15win64\x64\physx\debug\physx.tlog\rc.command.1.tlog
c:\catalystengine\libs\physx\physx_3.4\source\compiler\vc15win64\x64\physx\debug\physx.tlog\rc.read.1.tlog
c:\catalystengine\libs\physx\physx_3.4\source\compiler\vc15win64\x64\physx\debug\physx.tlog\rc.write.1.tlog
