c:\catalystengine\libs\physx\physx_3.4\source\compiler\vc15win64\x64\physxextensions\debug\extcpuworkerthread.obj
c:\catalystengine\libs\physx\physx_3.4\source\compiler\vc15win64\x64\physxextensions\debug\extdefaultstreams.obj
c:\catalystengine\libs\physx\physx_3.4\source\compiler\vc15win64\x64\physxextensions\debug\extjoint.obj
c:\catalystengine\libs\physx\physx_3.4\source\compiler\vc15win64\x64\physxextensions\debug\extpxstringtable.obj
c:\catalystengine\libs\physx\physx_3.4\source\compiler\vc15win64\x64\physxextensions\debug\extrevolutejoint.obj
c:\catalystengine\libs\physx\physx_3.4\source\compiler\vc15win64\x64\physxextensions\debug\snbinaryserialization.obj
c:\catalystengine\libs\physx\physx_3.4\source\compiler\vc15win64\x64\physxextensions\debug\snconvx_output.obj
c:\catalystengine\libs\physx\physx_3.4\source\compiler\vc15win64\x64\physxextensions\debug\snserialization.obj
c:\catalystengine\libs\physx\physx_3.4\source\compiler\vc15win64\x64\physxextensions\debug\extclothfabriccooker.obj
c:\catalystengine\libs\physx\physx_3.4\source\compiler\vc15win64\x64\physxextensions\debug\extd6jointsolverprep.obj
c:\catalystengine\libs\physx\physx_3.4\source\compiler\vc15win64\x64\physxextensions\debug\extfixedjointsolverprep.obj
c:\catalystengine\libs\physx\physx_3.4\source\compiler\vc15win64\x64\physxextensions\debug\extraycastccd.obj
c:\catalystengine\libs\physx\physx_3.4\source\compiler\vc15win64\x64\physxextensions\debug\extscenequeryext.obj
c:\catalystengine\libs\physx\physx_3.4\source\compiler\vc15win64\x64\physxextensions\debug\extsmoothnormals.obj
c:\catalystengine\libs\physx\physx_3.4\source\compiler\vc15win64\x64\physxextensions\debug\snconvx.obj
c:\catalystengine\libs\physx\physx_3.4\source\compiler\vc15win64\x64\physxextensions\debug\snconvx_metadata.obj
c:\catalystengine\libs\physx\physx_3.4\source\compiler\vc15win64\x64\physxextensions\debug\snrepxcoreserializer.obj
c:\catalystengine\libs\physx\physx_3.4\source\compiler\vc15win64\x64\physxextensions\debug\extclothgeodesictethercooker.obj
c:\catalystengine\libs\physx\physx_3.4\source\compiler\vc15win64\x64\physxextensions\debug\extdefaultsimulationfiltershader.obj
c:\catalystengine\libs\physx\physx_3.4\source\compiler\vc15win64\x64\physxextensions\debug\extparticleext.obj
c:\catalystengine\libs\physx\physx_3.4\source\compiler\vc15win64\x64\physxextensions\debug\extprismaticjoint.obj
c:\catalystengine\libs\physx\physx_3.4\source\compiler\vc15win64\x64\physxextensions\debug\extsimplefactory.obj
c:\catalystengine\libs\physx\physx_3.4\source\compiler\vc15win64\x64\physxextensions\debug\snconvx_convert.obj
c:\catalystengine\libs\physx\physx_3.4\source\compiler\vc15win64\x64\physxextensions\debug\snrepxupgrader.obj
c:\catalystengine\libs\physx\physx_3.4\source\compiler\vc15win64\x64\physxextensions\debug\extclothmeshquadifier.obj
c:\catalystengine\libs\physx\physx_3.4\source\compiler\vc15win64\x64\physxextensions\debug\extdefaultcpudispatcher.obj
c:\catalystengine\libs\physx\physx_3.4\source\compiler\vc15win64\x64\physxextensions\debug\extextensions.obj
c:\catalystengine\libs\physx\physx_3.4\source\compiler\vc15win64\x64\physxextensions\debug\snserialutils.obj
c:\catalystengine\libs\physx\physx_3.4\source\compiler\vc15win64\x64\physxextensions\debug\extconvexmeshext.obj
c:\catalystengine\libs\physx\physx_3.4\source\compiler\vc15win64\x64\physxextensions\debug\extdistancejoint.obj
c:\catalystengine\libs\physx\physx_3.4\source\compiler\vc15win64\x64\physxextensions\debug\extpvd.obj
c:\catalystengine\libs\physx\physx_3.4\source\compiler\vc15win64\x64\physxextensions\debug\exttrianglemeshext.obj
c:\catalystengine\libs\physx\physx_3.4\source\compiler\vc15win64\x64\physxextensions\debug\snconvx_align.obj
c:\catalystengine\libs\physx\physx_3.4\source\compiler\vc15win64\x64\physxextensions\debug\snconvx_error.obj
c:\catalystengine\libs\physx\physx_3.4\source\compiler\vc15win64\x64\physxextensions\debug\snxmlserialization.obj
c:\catalystengine\libs\physx\physx_3.4\source\compiler\vc15win64\x64\physxextensions\debug\extclothsimpletethercooker.obj
c:\catalystengine\libs\physx\physx_3.4\source\compiler\vc15win64\x64\physxextensions\debug\extdefaulterrorcallback.obj
c:\catalystengine\libs\physx\physx_3.4\source\compiler\vc15win64\x64\physxextensions\debug\extfixedjoint.obj
c:\catalystengine\libs\physx\physx_3.4\source\compiler\vc15win64\x64\physxextensions\debug\extrevolutejointsolverprep.obj
c:\catalystengine\libs\physx\physx_3.4\source\compiler\vc15win64\x64\physxextensions\debug\snbinarydeserialization.obj
c:\catalystengine\libs\physx\physx_3.4\source\compiler\vc15win64\x64\physxextensions\debug\snjointrepxserializer.obj
c:\catalystengine\libs\physx\physx_3.4\source\compiler\vc15win64\x64\physxextensions\debug\extcollection.obj
c:\catalystengine\libs\physx\physx_3.4\source\compiler\vc15win64\x64\physxextensions\debug\extdistancejointsolverprep.obj
c:\catalystengine\libs\physx\physx_3.4\source\compiler\vc15win64\x64\physxextensions\debug\extprismaticjointsolverprep.obj
c:\catalystengine\libs\physx\physx_3.4\source\compiler\vc15win64\x64\physxextensions\debug\extsphericaljoint.obj
c:\catalystengine\libs\physx\physx_3.4\source\compiler\vc15win64\x64\physxextensions\debug\snserializationcontext.obj
c:\catalystengine\libs\physx\physx_3.4\source\compiler\vc15win64\x64\physxextensions\debug\pxextensionautogeneratedmetadataobjects.obj
c:\catalystengine\libs\physx\physx_3.4\source\compiler\vc15win64\x64\physxextensions\debug\extbroadphase.obj
c:\catalystengine\libs\physx\physx_3.4\source\compiler\vc15win64\x64\physxextensions\debug\extd6joint.obj
c:\catalystengine\libs\physx\physx_3.4\source\compiler\vc15win64\x64\physxextensions\debug\extmetadata.obj
c:\catalystengine\libs\physx\physx_3.4\source\compiler\vc15win64\x64\physxextensions\debug\extrigidbodyext.obj
c:\catalystengine\libs\physx\physx_3.4\source\compiler\vc15win64\x64\physxextensions\debug\extsphericaljointsolverprep.obj
c:\catalystengine\libs\physx\physx_3.4\source\compiler\vc15win64\x64\physxextensions\debug\snconvx_union.obj
c:\catalystengine\libs\physx\physx_3.4\source\compiler\vc15win64\x64\physxextensions\debug\snserializationregistry.obj
c:\catalystengine\libs\physx\physx_3.4\lib\vc15win64\physx3extensionsdebug.pdb
c:\catalystengine\libs\physx\physx_3.4\lib\vc15win64\physx3extensionsdebug.lib
c:\catalystengine\libs\physx\physx_3.4\source\compiler\vc15win64\x64\physxextensions\debug\physxextensions.tlog\cl.12304.write.1.tlog
c:\catalystengine\libs\physx\physx_3.4\source\compiler\vc15win64\x64\physxextensions\debug\physxextensions.tlog\cl.command.1.tlog
c:\catalystengine\libs\physx\physx_3.4\source\compiler\vc15win64\x64\physxextensions\debug\physxextensions.tlog\cl.read.1.tlog
c:\catalystengine\libs\physx\physx_3.4\source\compiler\vc15win64\x64\physxextensions\debug\physxextensions.tlog\lib-link.read.1.tlog
c:\catalystengine\libs\physx\physx_3.4\source\compiler\vc15win64\x64\physxextensions\debug\physxextensions.tlog\lib-link.write.1.tlog
c:\catalystengine\libs\physx\physx_3.4\source\compiler\vc15win64\x64\physxextensions\debug\physxextensions.tlog\lib.command.1.tlog
