  Vcpkg is unable to link because we cannot decide between Release and Debug libraries. Please define the property VcpkgConfiguration to be 'Release' or 'Debug' (currently 'debug').
  ParticleEmitter.cpp
  ParticleEmitterPressure.cpp
  ParticleEmitterRate.cpp
  ParticleFactory.cpp
  ParticleSystem.cpp
  RenderBaseActor.cpp
  RenderBaseObject.cpp
  RenderBoxActor.cpp
C:\CatalystEngine\libs\PhysX\PxShared\include\task\PxTask.h(329,1): warning C5220: 'physx::PxLightCpuTask::mRefCount': a non-static data member with a volatile qualified type no longer implies
           that compiler generated copy/move constructors and copy/move assignment operators are not trivial (compiling source file ..\..\SampleBase\RenderBaseActor.cpp)
C:\CatalystEngine\libs\PhysX\PxShared\include\task\PxTask.h(326): message : see declaration of 'physx::PxLightCpuTask::mRefCount' (compiling source file ..\..\SampleBase\RenderBaseActor.cpp)
C:\CatalystEngine\libs\PhysX\PxShared\include\task\PxTask.h(329,1): warning C5220: 'physx::PxLightCpuTask::mRefCount': a non-static data member with a volatile qualified type no longer implies
           that compiler generated copy/move constructors and copy/move assignment operators are not trivial (compiling source file ..\..\SampleBase\ParticleEmitter.cpp)
C:\CatalystEngine\libs\PhysX\PxShared\include\task\PxTask.h(326): message : see declaration of 'physx::PxLightCpuTask::mRefCount' (compiling source file ..\..\SampleBase\ParticleEmitter.cpp)
C:\CatalystEngine\libs\PhysX\PxShared\include\task\PxTask.h(329,1): warning C5220: 'physx::PxLightCpuTask::mRefCount': a non-static data member with a volatile qualified type no longer implies
           that compiler generated copy/move constructors and copy/move assignment operators are not trivial (compiling source file ..\..\SampleBase\ParticleEmitterPressure.cpp)
C:\CatalystEngine\libs\PhysX\PxShared\include\task\PxTask.h(326): message : see declaration of 'physx::PxLightCpuTask::mRefCount' (compiling source file ..\..\SampleBase\ParticleEmitterPressure.cpp)
C:\CatalystEngine\libs\PhysX\PxShared\include\task\PxTask.h(329,1): warning C5220: 'physx::PxLightCpuTask::mRefCount': a non-static data member with a volatile qualified type no longer implies
           that compiler generated copy/move constructors and copy/move assignment operators are not trivial (compiling source file ..\..\SampleBase\ParticleFactory.cpp)
C:\CatalystEngine\libs\PhysX\PxShared\include\task\PxTask.h(326): message : see declaration of 'physx::PxLightCpuTask::mRefCount' (compiling source file ..\..\SampleBase\ParticleFactory.cpp)
C:\CatalystEngine\libs\PhysX\PxShared\include\task\PxTask.h(329,1): warning C5220: 'physx::PxLightCpuTask::mRefCount': a non-static data member with a volatile qualified type no longer implies
           that compiler generated copy/move constructors and copy/move assignment operators are not trivial (compiling source file ..\..\SampleBase\ParticleEmitterRate.cpp)
C:\CatalystEngine\libs\PhysX\PxShared\include\task\PxTask.h(326): message : see declaration of 'physx::PxLightCpuTask::mRefCount' (compiling source file ..\..\SampleBase\ParticleEmitterRate.cpp)
C:\CatalystEngine\libs\PhysX\PxShared\include\task\PxTask.h(329,1): warning C5220: 'physx::PxLightCpuTask::mRefCount': a non-static data member with a volatile qualified type no longer implies
           that compiler generated copy/move constructors and copy/move assignment operators are not trivial (compiling source file ..\..\SampleBase\ParticleSystem.cpp)
C:\CatalystEngine\libs\PhysX\PxShared\include\task\PxTask.h(326): message : see declaration of 'physx::PxLightCpuTask::mRefCount' (compiling source file ..\..\SampleBase\ParticleSystem.cpp)
C:\CatalystEngine\libs\PhysX\PxShared\include\task\PxTask.h(329,1): warning C5220: 'physx::PxLightCpuTask::mRefCount': a non-static data member with a volatile qualified type no longer implies
           that compiler generated copy/move constructors and copy/move assignment operators are not trivial (compiling source file ..\..\SampleBase\RenderBoxActor.cpp)
C:\CatalystEngine\libs\PhysX\PxShared\include\task\PxTask.h(326): message : see declaration of 'physx::PxLightCpuTask::mRefCount' (compiling source file ..\..\SampleBase\RenderBoxActor.cpp)
  RenderCapsuleActor.cpp
C:\CatalystEngine\libs\PhysX\PxShared\include\task\PxTask.h(329,1): warning C5220: 'physx::PxLightCpuTask::mRefCount': a non-static data member with a volatile qualified type no longer implies
           that compiler generated copy/move constructors and copy/move assignment operators are not trivial (compiling source file ..\..\SampleBase\RenderCapsuleActor.cpp)
C:\CatalystEngine\libs\PhysX\PxShared\include\task\PxTask.h(326): message : see declaration of 'physx::PxLightCpuTask::mRefCount' (compiling source file ..\..\SampleBase\RenderCapsuleActor.cpp)
C:\CatalystEngine\libs\PhysX\PhysX_3.4\Samples\SampleFramework\renderer\include\RendererColor.h(59,27): warning C5219: implicit conversion from 'int' to 'float', possible loss of data (compiling source file ..\..\SampleBase\RenderBaseActor.cpp)
C:\CatalystEngine\libs\PhysX\PhysX_3.4\Samples\SampleFramework\renderer\include\RendererColor.h(60,27): warning C5219: implicit conversion from 'int' to 'float', possible loss of data (compiling source file ..\..\SampleBase\RenderBaseActor.cpp)
C:\CatalystEngine\libs\PhysX\PhysX_3.4\Samples\SampleFramework\renderer\include\RendererColor.h(61,27): warning C5219: implicit conversion from 'int' to 'float', possible loss of data (compiling source file ..\..\SampleBase\RenderBaseActor.cpp)
C:\CatalystEngine\libs\PhysX\PhysX_3.4\Samples\SampleFramework\renderer\include\RendererColor.h(62,27): warning C5219: implicit conversion from 'int' to 'float', possible loss of data (compiling source file ..\..\SampleBase\RenderBaseActor.cpp)
C:\CatalystEngine\libs\PhysX\PhysX_3.4\Samples\SampleFramework\renderer\include\RendererColor.h(59,27): warning C5219: implicit conversion from 'int' to 'float', possible loss of data (compiling source file ..\..\SampleBase\ParticleEmitter.cpp)
C:\CatalystEngine\libs\PhysX\PhysX_3.4\Samples\SampleFramework\renderer\include\RendererColor.h(60,27): warning C5219: implicit conversion from 'int' to 'float', possible loss of data (compiling source file ..\..\SampleBase\ParticleEmitter.cpp)
C:\CatalystEngine\libs\PhysX\PhysX_3.4\Samples\SampleFramework\renderer\include\RendererColor.h(61,27): warning C5219: implicit conversion from 'int' to 'float', possible loss of data (compiling source file ..\..\SampleBase\ParticleEmitter.cpp)
C:\CatalystEngine\libs\PhysX\PhysX_3.4\Samples\SampleFramework\renderer\include\RendererColor.h(62,27): warning C5219: implicit conversion from 'int' to 'float', possible loss of data (compiling source file ..\..\SampleBase\ParticleEmitter.cpp)
C:\CatalystEngine\libs\PhysX\PhysX_3.4\Samples\SampleFramework\renderer\include\RendererColor.h(59,27): warning C5219: implicit conversion from 'int' to 'float', possible loss of data (compiling source file ..\..\SampleBase\ParticleEmitterPressure.cpp)
C:\CatalystEngine\libs\PhysX\PhysX_3.4\Samples\SampleFramework\renderer\include\RendererColor.h(60,27): warning C5219: implicit conversion from 'int' to 'float', possible loss of data (compiling source file ..\..\SampleBase\ParticleEmitterPressure.cpp)
C:\CatalystEngine\libs\PhysX\PhysX_3.4\Samples\SampleFramework\renderer\include\RendererColor.h(61,27): warning C5219: implicit conversion from 'int' to 'float', possible loss of data (compiling source file ..\..\SampleBase\ParticleEmitterPressure.cpp)
C:\CatalystEngine\libs\PhysX\PhysX_3.4\Samples\SampleFramework\renderer\include\RendererColor.h(62,27): warning C5219: implicit conversion from 'int' to 'float', possible loss of data (compiling source file ..\..\SampleBase\ParticleEmitterPressure.cpp)
C:\CatalystEngine\libs\PhysX\PhysX_3.4\Samples\SampleFramework\renderer\include\RendererColor.h(59,27): warning C5219: implicit conversion from 'int' to 'float', possible loss of data (compiling source file ..\..\SampleBase\ParticleEmitterRate.cpp)
C:\CatalystEngine\libs\PhysX\PhysX_3.4\Samples\SampleFramework\renderer\include\RendererColor.h(60,27): warning C5219: implicit conversion from 'int' to 'float', possible loss of data (compiling source file ..\..\SampleBase\ParticleEmitterRate.cpp)
C:\CatalystEngine\libs\PhysX\PhysX_3.4\Samples\SampleFramework\renderer\include\RendererColor.h(61,27): warning C5219: implicit conversion from 'int' to 'float', possible loss of data (compiling source file ..\..\SampleBase\ParticleEmitterRate.cpp)
C:\CatalystEngine\libs\PhysX\PhysX_3.4\Samples\SampleFramework\renderer\include\RendererColor.h(62,27): warning C5219: implicit conversion from 'int' to 'float', possible loss of data (compiling source file ..\..\SampleBase\ParticleEmitterRate.cpp)
  RenderGridActor.cpp
C:\CatalystEngine\libs\PhysX\PhysX_3.4\Samples\SampleFramework\renderer\include\RendererColor.h(59,27): warning C5219: implicit conversion from 'int' to 'float', possible loss of data (compiling source file ..\..\SampleBase\ParticleFactory.cpp)
C:\CatalystEngine\libs\PhysX\PhysX_3.4\Samples\SampleFramework\renderer\include\RendererColor.h(60,27): warning C5219: implicit conversion from 'int' to 'float', possible loss of data (compiling source file ..\..\SampleBase\ParticleFactory.cpp)
C:\CatalystEngine\libs\PhysX\PhysX_3.4\Samples\SampleFramework\renderer\include\RendererColor.h(61,27): warning C5219: implicit conversion from 'int' to 'float', possible loss of data (compiling source file ..\..\SampleBase\ParticleFactory.cpp)
C:\CatalystEngine\libs\PhysX\PhysX_3.4\Samples\SampleFramework\renderer\include\RendererColor.h(62,27): warning C5219: implicit conversion from 'int' to 'float', possible loss of data (compiling source file ..\..\SampleBase\ParticleFactory.cpp)
C:\CatalystEngine\libs\PhysX\PhysX_3.4\Samples\PxToolkit\include\PxTkRandom.h(66,33): warning C5219: implicit conversion from 'physx::PxU32' to 'physx::PxF32', possible loss of data (compiling source file ..\..\SampleBase\ParticleEmitter.cpp)
C:\CatalystEngine\libs\PhysX\PhysX_3.4\Samples\PxToolkit\include\PxTkRandom.h(77,22): warning C5219: implicit conversion from 'physx::PxU32' to 'physx::PxF32', possible loss of data (compiling source file ..\..\SampleBase\ParticleEmitter.cpp)
C:\CatalystEngine\libs\PhysX\PhysX_3.4\Samples\PxToolkit\include\PxTkRandom.h(81,24): warning C5219: implicit conversion from 'physx::PxU32' to 'physx::PxF32', possible loss of data (compiling source file ..\..\SampleBase\ParticleEmitter.cpp)
C:\CatalystEngine\libs\PhysX\PhysX_3.4\Samples\PxToolkit\include\PxTkRandom.h(84,63): warning C5219: implicit conversion from 'physx::PxU32' to 'physx::PxF32', possible loss of data (compiling source file ..\..\SampleBase\ParticleEmitter.cpp)
C:\CatalystEngine\libs\PhysX\PhysX_3.4\Samples\SampleFramework\renderer\include\RendererColor.h(59,27): warning C5219: implicit conversion from 'int' to 'float', possible loss of data (compiling source file ..\..\SampleBase\ParticleSystem.cpp)
C:\CatalystEngine\libs\PhysX\PhysX_3.4\Samples\SampleFramework\renderer\include\RendererColor.h(60,27): warning C5219: implicit conversion from 'int' to 'float', possible loss of data (compiling source file ..\..\SampleBase\ParticleSystem.cpp)
C:\CatalystEngine\libs\PhysX\PhysX_3.4\Samples\PxToolkit\include\PxTkRandom.h(66,33): warning C5219: implicit conversion from 'physx::PxU32' to 'physx::PxF32', possible loss of data (compiling source file ..\..\SampleBase\ParticleEmitterPressure.cpp)
C:\CatalystEngine\libs\PhysX\PhysX_3.4\Samples\SampleFramework\renderer\include\RendererColor.h(61,27): warning C5219: implicit conversion from 'int' to 'float', possible loss of data (compiling source file ..\..\SampleBase\ParticleSystem.cpp)
C:\CatalystEngine\libs\PhysX\PhysX_3.4\Samples\SampleFramework\renderer\include\RendererColor.h(62,27): warning C5219: implicit conversion from 'int' to 'float', possible loss of data (compiling source file ..\..\SampleBase\ParticleSystem.cpp)
C:\CatalystEngine\libs\PhysX\PhysX_3.4\Samples\PxToolkit\include\PxTkRandom.h(77,22): warning C5219: implicit conversion from 'physx::PxU32' to 'physx::PxF32', possible loss of data (compiling source file ..\..\SampleBase\ParticleEmitterPressure.cpp)
C:\CatalystEngine\libs\PhysX\PhysX_3.4\Samples\PxToolkit\include\PxTkRandom.h(81,24): warning C5219: implicit conversion from 'physx::PxU32' to 'physx::PxF32', possible loss of data (compiling source file ..\..\SampleBase\ParticleEmitterPressure.cpp)
C:\CatalystEngine\libs\PhysX\PhysX_3.4\Samples\PxToolkit\include\PxTkRandom.h(84,63): warning C5219: implicit conversion from 'physx::PxU32' to 'physx::PxF32', possible loss of data (compiling source file ..\..\SampleBase\ParticleEmitterPressure.cpp)
C:\CatalystEngine\libs\PhysX\PhysX_3.4\Samples\PxToolkit\include\PxTkRandom.h(66,33): warning C5219: implicit conversion from 'physx::PxU32' to 'physx::PxF32', possible loss of data (compiling source file ..\..\SampleBase\ParticleEmitterRate.cpp)
C:\CatalystEngine\libs\PhysX\PhysX_3.4\Samples\PxToolkit\include\PxTkRandom.h(77,22): warning C5219: implicit conversion from 'physx::PxU32' to 'physx::PxF32', possible loss of data (compiling source file ..\..\SampleBase\ParticleEmitterRate.cpp)
C:\CatalystEngine\libs\PhysX\PhysX_3.4\Samples\PxToolkit\include\PxTkRandom.h(81,24): warning C5219: implicit conversion from 'physx::PxU32' to 'physx::PxF32', possible loss of data (compiling source file ..\..\SampleBase\ParticleEmitterRate.cpp)
C:\CatalystEngine\libs\PhysX\PhysX_3.4\Samples\PxToolkit\include\PxTkRandom.h(84,63): warning C5219: implicit conversion from 'physx::PxU32' to 'physx::PxF32', possible loss of data (compiling source file ..\..\SampleBase\ParticleEmitterRate.cpp)
C:\CatalystEngine\libs\PhysX\PhysX_3.4\Samples\SampleBase\PhysXSampleApplication.h(328,2): warning C5220: 'PhysXSampleApplication::mHideMouseCursor': a non-static data member with a volatile qualified type no longer implies
           that compiler generated copy/move constructors and copy/move assignment operators are not trivial (compiling source file ..\..\SampleBase\ParticleEmitter.cpp)
C:\CatalystEngine\libs\PhysX\PhysX_3.4\Samples\SampleBase\PhysXSampleApplication.h(290): message : see declaration of 'PhysXSampleApplication::mHideMouseCursor' (compiling source file ..\..\SampleBase\ParticleEmitter.cpp)
C:\CatalystEngine\libs\PhysX\PhysX_3.4\Samples\SampleBase\PhysXSampleApplication.h(328,2): warning C5220: 'PhysXSampleApplication::mHideMouseCursor': a non-static data member with a volatile qualified type no longer implies
           that compiler generated copy/move constructors and copy/move assignment operators are not trivial (compiling source file ..\..\SampleBase\ParticleEmitterPressure.cpp)
C:\CatalystEngine\libs\PhysX\PhysX_3.4\Samples\SampleBase\PhysXSampleApplication.h(290): message : see declaration of 'PhysXSampleApplication::mHideMouseCursor' (compiling source file ..\..\SampleBase\ParticleEmitterPressure.cpp)
C:\CatalystEngine\libs\PhysX\PhysX_3.4\Samples\SampleBase\ParticleEmitter.h(160,15): warning C5219: implicit conversion from 'physx::PxU32' to 'physx::PxReal', possible loss of data (compiling source file ..\..\SampleBase\ParticleEmitter.cpp)
C:\CatalystEngine\libs\PhysX\PhysX_3.4\Samples\SampleBase\ParticleEmitter.h(161,15): warning C5219: implicit conversion from 'physx::PxU32' to 'physx::PxReal', possible loss of data (compiling source file ..\..\SampleBase\ParticleEmitter.cpp)
C:\CatalystEngine\libs\PhysX\PhysX_3.4\Samples\SampleBase\ParticleEmitter.h(160,15): warning C5219: implicit conversion from 'physx::PxU32' to 'physx::PxReal', possible loss of data (compiling source file ..\..\SampleBase\ParticleEmitterPressure.cpp)
C:\CatalystEngine\libs\PhysX\PhysX_3.4\Samples\SampleBase\ParticleEmitter.h(161,15): warning C5219: implicit conversion from 'physx::PxU32' to 'physx::PxReal', possible loss of data (compiling source file ..\..\SampleBase\ParticleEmitterPressure.cpp)
C:\CatalystEngine\libs\PhysX\PhysX_3.4\Samples\SampleBase\ParticleEmitter.cpp(90,40): warning C5219: implicit conversion from 'physx::PxU32' to 'float', possible loss of data
C:\CatalystEngine\libs\PhysX\PhysX_3.4\Samples\SampleBase\ParticleEmitter.cpp(95,22): warning C5219: implicit conversion from 'physx::PxU32' to 'float', possible loss of data
C:\CatalystEngine\libs\PhysX\PhysX_3.4\Samples\SampleBase\ParticleEmitter.cpp(96,26): warning C5219: implicit conversion from 'physx::PxU32' to 'float', possible loss of data
C:\CatalystEngine\libs\PhysX\PhysX_3.4\Samples\SampleBase\ParticleEmitter.cpp(97,22): warning C5219: implicit conversion from 'physx::PxU32' to 'float', possible loss of data
C:\CatalystEngine\libs\PhysX\PhysX_3.4\Samples\SampleBase\ParticleEmitter.cpp(98,43): warning C5219: implicit conversion from 'physx::PxU32' to 'float', possible loss of data
C:\CatalystEngine\libs\PhysX\PhysX_3.4\Samples\SampleBase\ParticleEmitter.cpp(147,15): warning C5219: implicit conversion from 'physx::PxU32' to 'float', possible loss of data
C:\CatalystEngine\libs\PhysX\PhysX_3.4\Samples\SampleBase\ParticleEmitter.cpp(148,15): warning C5219: implicit conversion from 'physx::PxU32' to 'float', possible loss of data
C:\CatalystEngine\libs\PhysX\PxShared\src\foundation\include\PsMathUtils.h(311,29): warning C5219: implicit conversion from 'int' to 'physx::PxF32', possible loss of data (compiling source file ..\..\SampleBase\ParticleEmitterPressure.cpp)
C:\CatalystEngine\libs\PhysX\PhysX_3.4\Samples\SampleBase\ParticleEmitterPressure.cpp(97,57): warning C5219: implicit conversion from 'physx::PxU32' to 'physx::PxReal', possible loss of data
C:\CatalystEngine\libs\PhysX\PhysX_3.4\Samples\SampleBase\ParticleEmitterPressure.cpp(97,80): warning C5219: implicit conversion from 'physx::PxU32' to 'physx::PxReal', possible loss of data
C:\CatalystEngine\libs\PhysX\PhysX_3.4\Samples\SampleBase\PhysXSampleApplication.h(328,2): warning C5220: 'PhysXSampleApplication::mHideMouseCursor': a non-static data member with a volatile qualified type no longer implies
           that compiler generated copy/move constructors and copy/move assignment operators are not trivial (compiling source file ..\..\SampleBase\ParticleEmitterRate.cpp)
C:\CatalystEngine\libs\PhysX\PhysX_3.4\Samples\SampleBase\PhysXSampleApplication.h(290): message : see declaration of 'PhysXSampleApplication::mHideMouseCursor' (compiling source file ..\..\SampleBase\ParticleEmitterRate.cpp)
C:\CatalystEngine\libs\PhysX\PhysX_3.4\Samples\PxToolkit\include\PxTkRandom.h(66,33): warning C5219: implicit conversion from 'physx::PxU32' to 'physx::PxF32', possible loss of data (compiling source file ..\..\SampleBase\ParticleFactory.cpp)
C:\CatalystEngine\libs\PhysX\PhysX_3.4\Samples\PxToolkit\include\PxTkRandom.h(77,22): warning C5219: implicit conversion from 'physx::PxU32' to 'physx::PxF32', possible loss of data (compiling source file ..\..\SampleBase\ParticleFactory.cpp)
C:\CatalystEngine\libs\PhysX\PhysX_3.4\Samples\PxToolkit\include\PxTkRandom.h(81,24): warning C5219: implicit conversion from 'physx::PxU32' to 'physx::PxF32', possible loss of data (compiling source file ..\..\SampleBase\ParticleFactory.cpp)
C:\CatalystEngine\libs\PhysX\PhysX_3.4\Samples\PxToolkit\include\PxTkRandom.h(84,63): warning C5219: implicit conversion from 'physx::PxU32' to 'physx::PxF32', possible loss of data (compiling source file ..\..\SampleBase\ParticleFactory.cpp)
C:\CatalystEngine\libs\PhysX\PhysX_3.4\Samples\SampleBase\ParticleEmitter.h(160,15): warning C5219: implicit conversion from 'physx::PxU32' to 'physx::PxReal', possible loss of data (compiling source file ..\..\SampleBase\ParticleEmitterRate.cpp)
C:\CatalystEngine\libs\PhysX\PhysX_3.4\Samples\SampleBase\ParticleEmitter.h(161,15): warning C5219: implicit conversion from 'physx::PxU32' to 'physx::PxReal', possible loss of data (compiling source file ..\..\SampleBase\ParticleEmitterRate.cpp)
C:\CatalystEngine\libs\PhysX\PhysX_3.4\Samples\SampleBase\ParticleEmitterRate.cpp(76,42): warning C5219: implicit conversion from 'physx::PxU32' to 'physx::PxReal', possible loss of data
C:\CatalystEngine\libs\PhysX\PhysX_3.4\Samples\SampleBase\ParticleEmitterRate.cpp(128,41): warning C5219: implicit conversion from 'physx::PxU32' to 'physx::PxReal', possible loss of data
C:\CatalystEngine\libs\PhysX\PhysX_3.4\Samples\SampleBase\ParticleEmitterRate.cpp(128,75): warning C5219: implicit conversion from 'physx::PxU32' to 'physx::PxReal', possible loss of data
C:\CatalystEngine\libs\PhysX\PhysX_3.4\Samples\PxToolkit\include\PxTkRandom.h(66,33): warning C5219: implicit conversion from 'physx::PxU32' to 'physx::PxF32', possible loss of data (compiling source file ..\..\SampleBase\ParticleSystem.cpp)
C:\CatalystEngine\libs\PhysX\PhysX_3.4\Samples\PxToolkit\include\PxTkRandom.h(77,22): warning C5219: implicit conversion from 'physx::PxU32' to 'physx::PxF32', possible loss of data (compiling source file ..\..\SampleBase\ParticleSystem.cpp)
C:\CatalystEngine\libs\PhysX\PhysX_3.4\Samples\PxToolkit\include\PxTkRandom.h(81,24): warning C5219: implicit conversion from 'physx::PxU32' to 'physx::PxF32', possible loss of data (compiling source file ..\..\SampleBase\ParticleSystem.cpp)
C:\CatalystEngine\libs\PhysX\PhysX_3.4\Samples\PxToolkit\include\PxTkRandom.h(84,63): warning C5219: implicit conversion from 'physx::PxU32' to 'physx::PxF32', possible loss of data (compiling source file ..\..\SampleBase\ParticleSystem.cpp)
  RenderMaterial.cpp
C:\CatalystEngine\libs\PhysX\PxShared\include\task\PxTask.h(329,1): warning C5220: 'physx::PxLightCpuTask::mRefCount': a non-static data member with a volatile qualified type no longer implies
           that compiler generated copy/move constructors and copy/move assignment operators are not trivial (compiling source file ..\..\SampleBase\RenderGridActor.cpp)
C:\CatalystEngine\libs\PhysX\PxShared\include\task\PxTask.h(326): message : see declaration of 'physx::PxLightCpuTask::mRefCount' (compiling source file ..\..\SampleBase\RenderGridActor.cpp)
C:\CatalystEngine\libs\PhysX\PhysX_3.4\Samples\SampleBase\PhysXSampleApplication.h(328,2): warning C5220: 'PhysXSampleApplication::mHideMouseCursor': a non-static data member with a volatile qualified type no longer implies
           that compiler generated copy/move constructors and copy/move assignment operators are not trivial (compiling source file ..\..\SampleBase\ParticleSystem.cpp)
C:\CatalystEngine\libs\PhysX\PhysX_3.4\Samples\SampleBase\PhysXSampleApplication.h(290): message : see declaration of 'PhysXSampleApplication::mHideMouseCursor' (compiling source file ..\..\SampleBase\ParticleSystem.cpp)
C:\CatalystEngine\libs\PhysX\PhysX_3.4\Samples\SampleBase\PhysXSampleApplication.h(328,2): warning C5220: 'PhysXSampleApplication::mHideMouseCursor': a non-static data member with a volatile qualified type no longer implies
           that compiler generated copy/move constructors and copy/move assignment operators are not trivial (compiling source file ..\..\SampleBase\ParticleFactory.cpp)
C:\CatalystEngine\libs\PhysX\PhysX_3.4\Samples\SampleBase\PhysXSampleApplication.h(290): message : see declaration of 'PhysXSampleApplication::mHideMouseCursor' (compiling source file ..\..\SampleBase\ParticleFactory.cpp)
C:\CatalystEngine\libs\PhysX\PxShared\src\foundation\include\PsMathUtils.h(311,29): warning C5219: implicit conversion from 'int' to 'physx::PxF32', possible loss of data (compiling source file ..\..\SampleBase\ParticleFactory.cpp)
C:\CatalystEngine\libs\PhysX\PxShared\src\foundation\include\PsMathUtils.h(311,29): warning C5219: implicit conversion from 'int' to 'physx::PxF32', possible loss of data (compiling source file ..\..\SampleBase\ParticleSystem.cpp)
C:\CatalystEngine\libs\PhysX\PhysX_3.4\Samples\SampleBase\ParticleFactory.cpp(52,23): warning C5219: implicit conversion from 'unsigned int' to 'float', possible loss of data
C:\CatalystEngine\libs\PhysX\PhysX_3.4\Samples\SampleBase\ParticleFactory.cpp(52,34): warning C5219: implicit conversion from 'unsigned int' to 'float', possible loss of data
C:\CatalystEngine\libs\PhysX\PhysX_3.4\Samples\SampleBase\ParticleFactory.cpp(52,45): warning C5219: implicit conversion from 'unsigned int' to 'float', possible loss of data
C:\CatalystEngine\libs\PhysX\PhysX_3.4\Samples\SampleBase\ParticleFactory.cpp(65,14): warning C5219: implicit conversion from 'unsigned int' to 'float', possible loss of data
C:\CatalystEngine\libs\PhysX\PhysX_3.4\Samples\SampleBase\ParticleFactory.cpp(66,24): warning C5219: implicit conversion from 'unsigned int' to 'float', possible loss of data
C:\CatalystEngine\libs\PhysX\PhysX_3.4\Samples\SampleBase\ParticleFactory.cpp(75,23): warning C5219: implicit conversion from 'unsigned int' to 'float', possible loss of data
C:\CatalystEngine\libs\PhysX\PhysX_3.4\Samples\SampleBase\ParticleFactory.cpp(75,34): warning C5219: implicit conversion from 'unsigned int' to 'float', possible loss of data
C:\CatalystEngine\libs\PhysX\PhysX_3.4\Samples\SampleBase\ParticleFactory.cpp(75,45): warning C5219: implicit conversion from 'unsigned int' to 'float', possible loss of data
  RenderMeshActor.cpp
  RenderParticleSystemActor.cpp
  RenderSphereActor.cpp
C:\CatalystEngine\libs\PhysX\PxShared\include\task\PxTask.h(329,1): warning C5220: 'physx::PxLightCpuTask::mRefCount': a non-static data member with a volatile qualified type no longer implies
           that compiler generated copy/move constructors and copy/move assignment operators are not trivial (compiling source file ..\..\SampleBase\RenderMeshActor.cpp)
C:\CatalystEngine\libs\PhysX\PxShared\include\task\PxTask.h(326): message : see declaration of 'physx::PxLightCpuTask::mRefCount' (compiling source file ..\..\SampleBase\RenderMeshActor.cpp)
C:\CatalystEngine\libs\PhysX\PhysX_3.4\Samples\SampleBase\ParticleSystem.cpp(412,47): warning C5219: implicit conversion from 'physx::PxU32' to 'float', possible loss of data
  RenderTexture.cpp
C:\CatalystEngine\libs\PhysX\PxShared\include\task\PxTask.h(329,1): warning C5220: 'physx::PxLightCpuTask::mRefCount': a non-static data member with a volatile qualified type no longer implies
           that compiler generated copy/move constructors and copy/move assignment operators are not trivial (compiling source file ..\..\SampleBase\RenderSphereActor.cpp)
C:\CatalystEngine\libs\PhysX\PxShared\include\task\PxTask.h(326): message : see declaration of 'physx::PxLightCpuTask::mRefCount' (compiling source file ..\..\SampleBase\RenderSphereActor.cpp)
C:\CatalystEngine\libs\PhysX\PxShared\include\task\PxTask.h(329,1): warning C5220: 'physx::PxLightCpuTask::mRefCount': a non-static data member with a volatile qualified type no longer implies
           that compiler generated copy/move constructors and copy/move assignment operators are not trivial (compiling source file ..\..\SampleBase\RenderParticleSystemActor.cpp)
C:\CatalystEngine\libs\PhysX\PxShared\include\task\PxTask.h(326): message : see declaration of 'physx::PxLightCpuTask::mRefCount' (compiling source file ..\..\SampleBase\RenderParticleSystemActor.cpp)
  RenderClothActor.cpp
C:\CatalystEngine\libs\PhysX\PxShared\include\task\PxTask.h(329,1): warning C5220: 'physx::PxLightCpuTask::mRefCount': a non-static data member with a volatile qualified type no longer implies
           that compiler generated copy/move constructors and copy/move assignment operators are not trivial (compiling source file ..\..\SampleBase\RenderClothActor.cpp)
C:\CatalystEngine\libs\PhysX\PxShared\include\task\PxTask.h(326): message : see declaration of 'physx::PxLightCpuTask::mRefCount' (compiling source file ..\..\SampleBase\RenderClothActor.cpp)
  RaycastCCD.cpp
C:\CatalystEngine\libs\PhysX\PxShared\include\task\PxTask.h(329,1): warning C5220: 'physx::PxLightCpuTask::mRefCount': a non-static data member with a volatile qualified type no longer implies
           that compiler generated copy/move constructors and copy/move assignment operators are not trivial (compiling source file ..\..\SampleBase\RenderTexture.cpp)
C:\CatalystEngine\libs\PhysX\PxShared\include\task\PxTask.h(326): message : see declaration of 'physx::PxLightCpuTask::mRefCount' (compiling source file ..\..\SampleBase\RenderTexture.cpp)
C:\CatalystEngine\libs\PhysX\PxShared\include\task\PxTask.h(329,1): warning C5220: 'physx::PxLightCpuTask::mRefCount': a non-static data member with a volatile qualified type no longer implies
           that compiler generated copy/move constructors and copy/move assignment operators are not trivial (compiling source file ..\..\SampleBase\RenderMaterial.cpp)
C:\CatalystEngine\libs\PhysX\PxShared\include\task\PxTask.h(326): message : see declaration of 'physx::PxLightCpuTask::mRefCount' (compiling source file ..\..\SampleBase\RenderMaterial.cpp)
  SampleCamera.cpp
C:\CatalystEngine\libs\PhysX\PhysX_3.4\Samples\SampleFramework\renderer\include\RendererColor.h(59,27): warning C5219: implicit conversion from 'int' to 'float', possible loss of data (compiling source file ..\..\SampleBase\RenderMeshActor.cpp)
C:\CatalystEngine\libs\PhysX\PhysX_3.4\Samples\SampleFramework\renderer\include\RendererColor.h(60,27): warning C5219: implicit conversion from 'int' to 'float', possible loss of data (compiling source file ..\..\SampleBase\RenderMeshActor.cpp)
C:\CatalystEngine\libs\PhysX\PhysX_3.4\Samples\SampleFramework\renderer\include\RendererColor.h(61,27): warning C5219: implicit conversion from 'int' to 'float', possible loss of data (compiling source file ..\..\SampleBase\RenderMeshActor.cpp)
C:\CatalystEngine\libs\PhysX\PhysX_3.4\Samples\SampleFramework\renderer\include\RendererColor.h(62,27): warning C5219: implicit conversion from 'int' to 'float', possible loss of data (compiling source file ..\..\SampleBase\RenderMeshActor.cpp)
  SampleCameraController.cpp
C:\CatalystEngine\libs\PhysX\PxShared\include\task\PxTask.h(329,1): warning C5220: 'physx::PxLightCpuTask::mRefCount': a non-static data member with a volatile qualified type no longer implies
           that compiler generated copy/move constructors and copy/move assignment operators are not trivial (compiling source file ..\..\SampleBase\RaycastCCD.cpp)
C:\CatalystEngine\libs\PhysX\PxShared\include\task\PxTask.h(326): message : see declaration of 'physx::PxLightCpuTask::mRefCount' (compiling source file ..\..\SampleBase\RaycastCCD.cpp)
C:\CatalystEngine\libs\PhysX\PhysX_3.4\Samples\SampleFramework\renderer\include\RendererColor.h(59,27): warning C5219: implicit conversion from 'int' to 'float', possible loss of data (compiling source file ..\..\SampleBase\RenderTexture.cpp)
C:\CatalystEngine\libs\PhysX\PhysX_3.4\Samples\SampleFramework\renderer\include\RendererColor.h(60,27): warning C5219: implicit conversion from 'int' to 'float', possible loss of data (compiling source file ..\..\SampleBase\RenderTexture.cpp)
C:\CatalystEngine\libs\PhysX\PhysX_3.4\Samples\SampleFramework\renderer\include\RendererColor.h(61,27): warning C5219: implicit conversion from 'int' to 'float', possible loss of data (compiling source file ..\..\SampleBase\RenderTexture.cpp)
C:\CatalystEngine\libs\PhysX\PhysX_3.4\Samples\SampleFramework\renderer\include\RendererColor.h(62,27): warning C5219: implicit conversion from 'int' to 'float', possible loss of data (compiling source file ..\..\SampleBase\RenderTexture.cpp)
C:\CatalystEngine\libs\PhysX\PhysX_3.4\Samples\SampleFramework\renderer\include\RendererColor.h(59,27): warning C5219: implicit conversion from 'int' to 'float', possible loss of data (compiling source file ..\..\SampleBase\RenderMaterial.cpp)
C:\CatalystEngine\libs\PhysX\PhysX_3.4\Samples\SampleFramework\renderer\include\RendererColor.h(60,27): warning C5219: implicit conversion from 'int' to 'float', possible loss of data (compiling source file ..\..\SampleBase\RenderMaterial.cpp)
C:\CatalystEngine\libs\PhysX\PhysX_3.4\Samples\SampleFramework\renderer\include\RendererColor.h(61,27): warning C5219: implicit conversion from 'int' to 'float', possible loss of data (compiling source file ..\..\SampleBase\RenderMaterial.cpp)
C:\CatalystEngine\libs\PhysX\PhysX_3.4\Samples\SampleFramework\renderer\include\RendererColor.h(62,27): warning C5219: implicit conversion from 'int' to 'float', possible loss of data (compiling source file ..\..\SampleBase\RenderMaterial.cpp)
C:\CatalystEngine\libs\PhysX\PxShared\include\task\PxTask.h(329,1): warning C5220: 'physx::PxLightCpuTask::mRefCount': a non-static data member with a volatile qualified type no longer implies
           that compiler generated copy/move constructors and copy/move assignment operators are not trivial (compiling source file ..\..\SampleBase\SampleCamera.cpp)
C:\CatalystEngine\libs\PhysX\PxShared\include\task\PxTask.h(326): message : see declaration of 'physx::PxLightCpuTask::mRefCount' (compiling source file ..\..\SampleBase\SampleCamera.cpp)
  SampleConsole.cpp
  SampleMain.cpp
C:\CatalystEngine\libs\PhysX\PxShared\include\task\PxTask.h(329,1): warning C5220: 'physx::PxLightCpuTask::mRefCount': a non-static data member with a volatile qualified type no longer implies
           that compiler generated copy/move constructors and copy/move assignment operators are not trivial (compiling source file ..\..\SampleBase\SampleCameraController.cpp)
C:\CatalystEngine\libs\PhysX\PxShared\include\task\PxTask.h(326): message : see declaration of 'physx::PxLightCpuTask::mRefCount' (compiling source file ..\..\SampleBase\SampleCameraController.cpp)
  SampleStepper.cpp
C:\CatalystEngine\libs\PhysX\PxShared\include\task\PxTask.h(329,1): warning C5220: 'physx::PxLightCpuTask::mRefCount': a non-static data member with a volatile qualified type no longer implies
           that compiler generated copy/move constructors and copy/move assignment operators are not trivial (compiling source file ..\..\SampleBase\SampleMain.cpp)
C:\CatalystEngine\libs\PhysX\PxShared\include\task\PxTask.h(326): message : see declaration of 'physx::PxLightCpuTask::mRefCount' (compiling source file ..\..\SampleBase\SampleMain.cpp)
  TestGroup.cpp
C:\CatalystEngine\libs\PhysX\PhysX_3.4\Samples\SampleFramework\renderer\include\RendererColor.h(59,27): warning C5219: implicit conversion from 'int' to 'float', possible loss of data (compiling source file ..\..\SampleBase\RenderClothActor.cpp)
C:\CatalystEngine\libs\PhysX\PhysX_3.4\Samples\SampleFramework\renderer\include\RendererColor.h(60,27): warning C5219: implicit conversion from 'int' to 'float', possible loss of data (compiling source file ..\..\SampleBase\RenderClothActor.cpp)
C:\CatalystEngine\libs\PhysX\PhysX_3.4\Samples\SampleFramework\renderer\include\RendererColor.h(61,27): warning C5219: implicit conversion from 'int' to 'float', possible loss of data (compiling source file ..\..\SampleBase\RenderClothActor.cpp)
C:\CatalystEngine\libs\PhysX\PhysX_3.4\Samples\SampleFramework\renderer\include\RendererColor.h(62,27): warning C5219: implicit conversion from 'int' to 'float', possible loss of data (compiling source file ..\..\SampleBase\RenderClothActor.cpp)
C:\CatalystEngine\libs\PhysX\PxShared\include\task\PxTask.h(329,1): warning C5220: 'physx::PxLightCpuTask::mRefCount': a non-static data member with a volatile qualified type no longer implies
           that compiler generated copy/move constructors and copy/move assignment operators are not trivial (compiling source file ..\..\SampleBase\SampleConsole.cpp)
C:\CatalystEngine\libs\PhysX\PxShared\include\task\PxTask.h(326): message : see declaration of 'physx::PxLightCpuTask::mRefCount' (compiling source file ..\..\SampleBase\SampleConsole.cpp)
C:\CatalystEngine\libs\PhysX\PxShared\include\task\PxTask.h(329,1): warning C5220: 'physx::PxLightCpuTask::mRefCount': a non-static data member with a volatile qualified type no longer implies
           that compiler generated copy/move constructors and copy/move assignment operators are not trivial (compiling source file ..\..\SampleBase\TestGroup.cpp)
C:\CatalystEngine\libs\PhysX\PxShared\include\task\PxTask.h(326): message : see declaration of 'physx::PxLightCpuTask::mRefCount' (compiling source file ..\..\SampleBase\TestGroup.cpp)
C:\CatalystEngine\libs\PhysX\PxShared\src\foundation\include\PsMathUtils.h(311,29): warning C5219: implicit conversion from 'int' to 'physx::PxF32', possible loss of data (compiling source file ..\..\SampleBase\SampleCamera.cpp)
C:\CatalystEngine\libs\PhysX\PhysX_3.4\Samples\SampleFramework\renderer\include\RendererColor.h(59,27): warning C5219: implicit conversion from 'int' to 'float', possible loss of data (compiling source file ..\..\SampleBase\SampleCamera.cpp)
C:\CatalystEngine\libs\PhysX\PhysX_3.4\Samples\SampleFramework\renderer\include\RendererColor.h(60,27): warning C5219: implicit conversion from 'int' to 'float', possible loss of data (compiling source file ..\..\SampleBase\SampleCamera.cpp)
C:\CatalystEngine\libs\PhysX\PhysX_3.4\Samples\SampleFramework\renderer\include\RendererColor.h(61,27): warning C5219: implicit conversion from 'int' to 'float', possible loss of data (compiling source file ..\..\SampleBase\SampleCamera.cpp)
C:\CatalystEngine\libs\PhysX\PhysX_3.4\Samples\SampleFramework\renderer\include\RendererColor.h(62,27): warning C5219: implicit conversion from 'int' to 'float', possible loss of data (compiling source file ..\..\SampleBase\SampleCamera.cpp)
C:\CatalystEngine\libs\PhysX\PhysX_3.4\Samples\PxToolkit\include\PxTkRandom.h(66,33): warning C5219: implicit conversion from 'physx::PxU32' to 'physx::PxF32', possible loss of data (compiling source file ..\..\SampleBase\RenderClothActor.cpp)
C:\CatalystEngine\libs\PhysX\PhysX_3.4\Samples\PxToolkit\include\PxTkRandom.h(77,22): warning C5219: implicit conversion from 'physx::PxU32' to 'physx::PxF32', possible loss of data (compiling source file ..\..\SampleBase\RenderClothActor.cpp)
C:\CatalystEngine\libs\PhysX\PhysX_3.4\Samples\PxToolkit\include\PxTkRandom.h(81,24): warning C5219: implicit conversion from 'physx::PxU32' to 'physx::PxF32', possible loss of data (compiling source file ..\..\SampleBase\RenderClothActor.cpp)
C:\CatalystEngine\libs\PhysX\PhysX_3.4\Samples\PxToolkit\include\PxTkRandom.h(84,63): warning C5219: implicit conversion from 'physx::PxU32' to 'physx::PxF32', possible loss of data (compiling source file ..\..\SampleBase\RenderClothActor.cpp)
C:\CatalystEngine\libs\PhysX\PhysX_3.4\Samples\SampleBase\PhysXSampleApplication.h(328,2): warning C5220: 'PhysXSampleApplication::mHideMouseCursor': a non-static data member with a volatile qualified type no longer implies
           that compiler generated copy/move constructors and copy/move assignment operators are not trivial (compiling source file ..\..\SampleBase\RenderClothActor.cpp)
C:\CatalystEngine\libs\PhysX\PhysX_3.4\Samples\SampleBase\PhysXSampleApplication.h(290): message : see declaration of 'PhysXSampleApplication::mHideMouseCursor' (compiling source file ..\..\SampleBase\RenderClothActor.cpp)
  PhysXSample.cpp
C:\CatalystEngine\libs\PhysX\PhysX_3.4\Samples\SampleFramework\renderer\include\RendererColor.h(59,27): warning C5219: implicit conversion from 'int' to 'float', possible loss of data (compiling source file ..\..\SampleBase\RenderParticleSystemActor.cpp)
C:\CatalystEngine\libs\PhysX\PhysX_3.4\Samples\SampleFramework\renderer\include\RendererColor.h(60,27): warning C5219: implicit conversion from 'int' to 'float', possible loss of data (compiling source file ..\..\SampleBase\RenderParticleSystemActor.cpp)
C:\CatalystEngine\libs\PhysX\PhysX_3.4\Samples\SampleFramework\renderer\include\RendererColor.h(61,27): warning C5219: implicit conversion from 'int' to 'float', possible loss of data (compiling source file ..\..\SampleBase\RenderParticleSystemActor.cpp)
C:\CatalystEngine\libs\PhysX\PhysX_3.4\Samples\SampleFramework\renderer\include\RendererColor.h(62,27): warning C5219: implicit conversion from 'int' to 'float', possible loss of data (compiling source file ..\..\SampleBase\RenderParticleSystemActor.cpp)
C:\CatalystEngine\libs\PhysX\PxShared\include\task\PxTask.h(329,1): warning C5220: 'physx::PxLightCpuTask::mRefCount': a non-static data member with a volatile qualified type no longer implies
           that compiler generated copy/move constructors and copy/move assignment operators are not trivial (compiling source file ..\..\SampleBase\SampleStepper.cpp)
C:\CatalystEngine\libs\PhysX\PxShared\include\task\PxTask.h(326): message : see declaration of 'physx::PxLightCpuTask::mRefCount' (compiling source file ..\..\SampleBase\SampleStepper.cpp)
C:\CatalystEngine\libs\PhysX\PhysX_3.4\Samples\PxToolkit\include\PxTkRandom.h(66,33): warning C5219: implicit conversion from 'physx::PxU32' to 'physx::PxF32', possible loss of data (compiling source file ..\..\SampleBase\RenderParticleSystemActor.cpp)
C:\CatalystEngine\libs\PhysX\PhysX_3.4\Samples\PxToolkit\include\PxTkRandom.h(77,22): warning C5219: implicit conversion from 'physx::PxU32' to 'physx::PxF32', possible loss of data (compiling source file ..\..\SampleBase\RenderParticleSystemActor.cpp)
C:\CatalystEngine\libs\PhysX\PhysX_3.4\Samples\PxToolkit\include\PxTkRandom.h(81,24): warning C5219: implicit conversion from 'physx::PxU32' to 'physx::PxF32', possible loss of data (compiling source file ..\..\SampleBase\RenderParticleSystemActor.cpp)
C:\CatalystEngine\libs\PhysX\PhysX_3.4\Samples\PxToolkit\include\PxTkRandom.h(84,63): warning C5219: implicit conversion from 'physx::PxU32' to 'physx::PxF32', possible loss of data (compiling source file ..\..\SampleBase\RenderParticleSystemActor.cpp)
C:\CatalystEngine\libs\PhysX\PhysX_3.4\Samples\SampleFramework\renderer\include\RendererColor.h(59,27): warning C5219: implicit conversion from 'int' to 'float', possible loss of data (compiling source file ..\..\SampleBase\SampleCameraController.cpp)
C:\CatalystEngine\libs\PhysX\PhysX_3.4\Samples\SampleFramework\renderer\include\RendererColor.h(60,27): warning C5219: implicit conversion from 'int' to 'float', possible loss of data (compiling source file ..\..\SampleBase\SampleCameraController.cpp)
C:\CatalystEngine\libs\PhysX\PhysX_3.4\Samples\SampleFramework\renderer\include\RendererColor.h(61,27): warning C5219: implicit conversion from 'int' to 'float', possible loss of data (compiling source file ..\..\SampleBase\SampleCameraController.cpp)
C:\CatalystEngine\libs\PhysX\PhysX_3.4\Samples\SampleFramework\renderer\include\RendererColor.h(62,27): warning C5219: implicit conversion from 'int' to 'float', possible loss of data (compiling source file ..\..\SampleBase\SampleCameraController.cpp)
C:\CatalystEngine\libs\PhysX\PhysX_3.4\Samples\SampleFramework\renderer\include\RendererColor.h(59,27): warning C5219: implicit conversion from 'int' to 'float', possible loss of data (compiling source file ..\..\SampleBase\SampleConsole.cpp)
C:\CatalystEngine\libs\PhysX\PhysX_3.4\Samples\SampleFramework\renderer\include\RendererColor.h(60,27): warning C5219: implicit conversion from 'int' to 'float', possible loss of data (compiling source file ..\..\SampleBase\SampleConsole.cpp)
C:\CatalystEngine\libs\PhysX\PhysX_3.4\Samples\SampleFramework\renderer\include\RendererColor.h(61,27): warning C5219: implicit conversion from 'int' to 'float', possible loss of data (compiling source file ..\..\SampleBase\SampleConsole.cpp)
C:\CatalystEngine\libs\PhysX\PhysX_3.4\Samples\SampleFramework\renderer\include\RendererColor.h(62,27): warning C5219: implicit conversion from 'int' to 'float', possible loss of data (compiling source file ..\..\SampleBase\SampleConsole.cpp)
C:\CatalystEngine\libs\PhysX\PhysX_3.4\Samples\SampleBase\PhysXSampleApplication.h(328,2): warning C5220: 'PhysXSampleApplication::mHideMouseCursor': a non-static data member with a volatile qualified type no longer implies
           that compiler generated copy/move constructors and copy/move assignment operators are not trivial (compiling source file ..\..\SampleBase\RenderParticleSystemActor.cpp)
C:\CatalystEngine\libs\PhysX\PhysX_3.4\Samples\SampleBase\PhysXSampleApplication.h(290): message : see declaration of 'PhysXSampleApplication::mHideMouseCursor' (compiling source file ..\..\SampleBase\RenderParticleSystemActor.cpp)
C:\CatalystEngine\libs\PhysX\PxShared\include\task\PxTask.h(329,1): warning C5220: 'physx::PxLightCpuTask::mRefCount': a non-static data member with a volatile qualified type no longer implies
           that compiler generated copy/move constructors and copy/move assignment operators are not trivial (compiling source file ..\..\SampleBase\PhysXSample.cpp)
C:\CatalystEngine\libs\PhysX\PxShared\include\task\PxTask.h(326): message : see declaration of 'physx::PxLightCpuTask::mRefCount' (compiling source file ..\..\SampleBase\PhysXSample.cpp)
C:\CatalystEngine\libs\PhysX\PhysX_3.4\Samples\SampleFramework\renderer\include\RendererColor.h(59,27): warning C5219: implicit conversion from 'int' to 'float', possible loss of data (compiling source file ..\..\SampleBase\SampleMain.cpp)
C:\CatalystEngine\libs\PhysX\PhysX_3.4\Samples\SampleFramework\renderer\include\RendererColor.h(60,27): warning C5219: implicit conversion from 'int' to 'float', possible loss of data (compiling source file ..\..\SampleBase\SampleMain.cpp)
C:\CatalystEngine\libs\PhysX\PhysX_3.4\Samples\SampleFramework\renderer\include\RendererColor.h(61,27): warning C5219: implicit conversion from 'int' to 'float', possible loss of data (compiling source file ..\..\SampleBase\SampleMain.cpp)
C:\CatalystEngine\libs\PhysX\PhysX_3.4\Samples\SampleFramework\renderer\include\RendererColor.h(62,27): warning C5219: implicit conversion from 'int' to 'float', possible loss of data (compiling source file ..\..\SampleBase\SampleMain.cpp)
C:\CatalystEngine\libs\PhysX\PhysX_3.4\Samples\SampleFramework\renderer\include\RendererColor.h(59,27): warning C5219: implicit conversion from 'int' to 'float', possible loss of data (compiling source file ..\..\SampleBase\SampleStepper.cpp)
C:\CatalystEngine\libs\PhysX\PhysX_3.4\Samples\SampleFramework\renderer\include\RendererColor.h(60,27): warning C5219: implicit conversion from 'int' to 'float', possible loss of data (compiling source file ..\..\SampleBase\SampleStepper.cpp)
C:\CatalystEngine\libs\PhysX\PhysX_3.4\Samples\SampleFramework\renderer\include\RendererColor.h(61,27): warning C5219: implicit conversion from 'int' to 'float', possible loss of data (compiling source file ..\..\SampleBase\SampleStepper.cpp)
C:\CatalystEngine\libs\PhysX\PhysX_3.4\Samples\SampleFramework\renderer\include\RendererColor.h(62,27): warning C5219: implicit conversion from 'int' to 'float', possible loss of data (compiling source file ..\..\SampleBase\SampleStepper.cpp)
C:\CatalystEngine\libs\PhysX\PhysX_3.4\Samples\SampleBase\SampleCameraController.cpp(137,21): warning C5219: implicit conversion from 'physx::PxI32' to 'physx::PxReal', possible loss of data
C:\CatalystEngine\libs\PhysX\PhysX_3.4\Samples\SampleBase\SampleCameraController.cpp(138,21): warning C5219: implicit conversion from 'physx::PxI32' to 'physx::PxReal', possible loss of data
  PhysXSampleApplication.cpp
C:\CatalystEngine\libs\PhysX\PhysX_3.4\Samples\SampleFramework\renderer\include\RendererColor.h(59,27): warning C5219: implicit conversion from 'int' to 'float', possible loss of data (compiling source file ..\..\SampleBase\TestGroup.cpp)
C:\CatalystEngine\libs\PhysX\PhysX_3.4\Samples\SampleFramework\renderer\include\RendererColor.h(60,27): warning C5219: implicit conversion from 'int' to 'float', possible loss of data (compiling source file ..\..\SampleBase\TestGroup.cpp)
C:\CatalystEngine\libs\PhysX\PhysX_3.4\Samples\SampleFramework\renderer\include\RendererColor.h(61,27): warning C5219: implicit conversion from 'int' to 'float', possible loss of data (compiling source file ..\..\SampleBase\TestGroup.cpp)
C:\CatalystEngine\libs\PhysX\PhysX_3.4\Samples\SampleFramework\renderer\include\RendererColor.h(62,27): warning C5219: implicit conversion from 'int' to 'float', possible loss of data (compiling source file ..\..\SampleBase\TestGroup.cpp)
  InputEventBuffer.cpp
C:\CatalystEngine\libs\PhysX\PhysX_3.4\Samples\PxToolkit\include\PxTkRandom.h(66,33): warning C5219: implicit conversion from 'physx::PxU32' to 'physx::PxF32', possible loss of data (compiling source file ..\..\SampleBase\SampleMain.cpp)
C:\CatalystEngine\libs\PhysX\PhysX_3.4\Samples\PxToolkit\include\PxTkRandom.h(77,22): warning C5219: implicit conversion from 'physx::PxU32' to 'physx::PxF32', possible loss of data (compiling source file ..\..\SampleBase\SampleMain.cpp)
C:\CatalystEngine\libs\PhysX\PhysX_3.4\Samples\PxToolkit\include\PxTkRandom.h(81,24): warning C5219: implicit conversion from 'physx::PxU32' to 'physx::PxF32', possible loss of data (compiling source file ..\..\SampleBase\SampleMain.cpp)
C:\CatalystEngine\libs\PhysX\PhysX_3.4\Samples\PxToolkit\include\PxTkRandom.h(84,63): warning C5219: implicit conversion from 'physx::PxU32' to 'physx::PxF32', possible loss of data (compiling source file ..\..\SampleBase\SampleMain.cpp)
  SampleInputMappingAsset.cpp
C:\CatalystEngine\libs\PhysX\PxShared\include\task\PxTask.h(329,1): warning C5220: 'physx::PxLightCpuTask::mRefCount': a non-static data member with a volatile qualified type no longer implies
           that compiler generated copy/move constructors and copy/move assignment operators are not trivial (compiling source file ..\..\SampleBase\PhysXSampleApplication.cpp)
C:\CatalystEngine\libs\PhysX\PxShared\include\task\PxTask.h(326): message : see declaration of 'physx::PxLightCpuTask::mRefCount' (compiling source file ..\..\SampleBase\PhysXSampleApplication.cpp)
C:\CatalystEngine\libs\PhysX\PhysX_3.4\Samples\SampleBase\PhysXSampleApplication.h(328,2): warning C5220: 'PhysXSampleApplication::mHideMouseCursor': a non-static data member with a volatile qualified type no longer implies
           that compiler generated copy/move constructors and copy/move assignment operators are not trivial (compiling source file ..\..\SampleBase\SampleMain.cpp)
C:\CatalystEngine\libs\PhysX\PhysX_3.4\Samples\SampleBase\PhysXSampleApplication.h(290): message : see declaration of 'PhysXSampleApplication::mHideMouseCursor' (compiling source file ..\..\SampleBase\SampleMain.cpp)
C:\CatalystEngine\libs\PhysX\PhysX_3.4\Samples\PxToolkit\include\PxTkRandom.h(66,33): warning C5219: implicit conversion from 'physx::PxU32' to 'physx::PxF32', possible loss of data (compiling source file ..\..\SampleBase\TestGroup.cpp)
C:\CatalystEngine\libs\PhysX\PhysX_3.4\Samples\PxToolkit\include\PxTkRandom.h(77,22): warning C5219: implicit conversion from 'physx::PxU32' to 'physx::PxF32', possible loss of data (compiling source file ..\..\SampleBase\TestGroup.cpp)
C:\CatalystEngine\libs\PhysX\PxShared\include\task\PxTask.h(329,1): warning C5220: 'physx::PxLightCpuTask::mRefCount': a non-static data member with a volatile qualified type no longer implies
           that compiler generated copy/move constructors and copy/move assignment operators are not trivial (compiling source file ..\..\SampleBase\SampleInputMappingAsset.cpp)
C:\CatalystEngine\libs\PhysX\PxShared\include\task\PxTask.h(326): message : see declaration of 'physx::PxLightCpuTask::mRefCount' (compiling source file ..\..\SampleBase\SampleInputMappingAsset.cpp)
C:\CatalystEngine\libs\PhysX\PhysX_3.4\Samples\PxToolkit\include\PxTkRandom.h(81,24): warning C5219: implicit conversion from 'physx::PxU32' to 'physx::PxF32', possible loss of data (compiling source file ..\..\SampleBase\TestGroup.cpp)
C:\CatalystEngine\libs\PhysX\PhysX_3.4\Samples\PxToolkit\include\PxTkRandom.h(84,63): warning C5219: implicit conversion from 'physx::PxU32' to 'physx::PxF32', possible loss of data (compiling source file ..\..\SampleBase\TestGroup.cpp)
  Picking.cpp
C:\CatalystEngine\libs\PhysX\PhysX_3.4\Samples\SampleFramework\renderer\include\RendererColor.h(59,27): warning C5219: implicit conversion from 'int' to 'float', possible loss of data (compiling source file ..\..\SampleBase\PhysXSample.cpp)
C:\CatalystEngine\libs\PhysX\PhysX_3.4\Samples\SampleFramework\renderer\include\RendererColor.h(60,27): warning C5219: implicit conversion from 'int' to 'float', possible loss of data (compiling source file ..\..\SampleBase\PhysXSample.cpp)
C:\CatalystEngine\libs\PhysX\PhysX_3.4\Samples\SampleFramework\renderer\include\RendererColor.h(61,27): warning C5219: implicit conversion from 'int' to 'float', possible loss of data (compiling source file ..\..\SampleBase\PhysXSample.cpp)
C:\CatalystEngine\libs\PhysX\PhysX_3.4\Samples\SampleFramework\renderer\include\RendererColor.h(62,27): warning C5219: implicit conversion from 'int' to 'float', possible loss of data (compiling source file ..\..\SampleBase\PhysXSample.cpp)
C:\CatalystEngine\libs\PhysX\PhysX_3.4\Samples\SampleBase\PhysXSampleApplication.h(328,2): warning C5220: 'PhysXSampleApplication::mHideMouseCursor': a non-static data member with a volatile qualified type no longer implies
           that compiler generated copy/move constructors and copy/move assignment operators are not trivial (compiling source file ..\..\SampleBase\TestGroup.cpp)
C:\CatalystEngine\libs\PhysX\PhysX_3.4\Samples\SampleBase\PhysXSampleApplication.h(290): message : see declaration of 'PhysXSampleApplication::mHideMouseCursor' (compiling source file ..\..\SampleBase\TestGroup.cpp)
  RawLoader.cpp
  SampleAllocator.cpp
C:\CatalystEngine\libs\PhysX\PhysX_3.4\Samples\PxToolkit\include\PxTkRandom.h(66,33): warning C5219: implicit conversion from 'physx::PxU32' to 'physx::PxF32', possible loss of data (compiling source file ..\..\SampleBase\SampleStepper.cpp)
C:\CatalystEngine\libs\PhysX\PhysX_3.4\Samples\PxToolkit\include\PxTkRandom.h(77,22): warning C5219: implicit conversion from 'physx::PxU32' to 'physx::PxF32', possible loss of data (compiling source file ..\..\SampleBase\SampleStepper.cpp)
C:\CatalystEngine\libs\PhysX\PhysX_3.4\Samples\PxToolkit\include\PxTkRandom.h(81,24): warning C5219: implicit conversion from 'physx::PxU32' to 'physx::PxF32', possible loss of data (compiling source file ..\..\SampleBase\SampleStepper.cpp)
C:\CatalystEngine\libs\PhysX\PhysX_3.4\Samples\PxToolkit\include\PxTkRandom.h(84,63): warning C5219: implicit conversion from 'physx::PxU32' to 'physx::PxF32', possible loss of data (compiling source file ..\..\SampleBase\SampleStepper.cpp)
C:\CatalystEngine\libs\PhysX\PhysX_3.4\Samples\PxToolkit\include\PxTkRandom.h(66,33): warning C5219: implicit conversion from 'physx::PxU32' to 'physx::PxF32', possible loss of data (compiling source file ..\..\SampleBase\PhysXSample.cpp)
C:\CatalystEngine\libs\PhysX\PhysX_3.4\Samples\PxToolkit\include\PxTkRandom.h(77,22): warning C5219: implicit conversion from 'physx::PxU32' to 'physx::PxF32', possible loss of data (compiling source file ..\..\SampleBase\PhysXSample.cpp)
C:\CatalystEngine\libs\PhysX\PhysX_3.4\Samples\PxToolkit\include\PxTkRandom.h(81,24): warning C5219: implicit conversion from 'physx::PxU32' to 'physx::PxF32', possible loss of data (compiling source file ..\..\SampleBase\PhysXSample.cpp)
C:\CatalystEngine\libs\PhysX\PhysX_3.4\Samples\PxToolkit\include\PxTkRandom.h(84,63): warning C5219: implicit conversion from 'physx::PxU32' to 'physx::PxF32', possible loss of data (compiling source file ..\..\SampleBase\PhysXSample.cpp)
C:\CatalystEngine\libs\PhysX\PhysX_3.4\Samples\SampleBase\InputEventBuffer.h(106,1): warning C5220: 'RingBuffer<InputEventBuffer::EventsUnion,64>::mReadCount': a non-static data member with a volatile qualified type no longer implies
           that compiler generated copy/move constructors and copy/move assignment operators are not trivial (compiling source file ..\..\SampleBase\InputEventBuffer.cpp)
C:\CatalystEngine\libs\PhysX\PhysX_3.4\Samples\SampleBase\InputEventBuffer.h(104): message : see declaration of 'RingBuffer<InputEventBuffer::EventsUnion,64>::mReadCount' (compiling source file ..\..\SampleBase\InputEventBuffer.cpp)
C:\CatalystEngine\libs\PhysX\PhysX_3.4\Samples\SampleBase\InputEventBuffer.h(217): message : see reference to class template instantiation 'RingBuffer<InputEventBuffer::EventsUnion,64>' being compiled (compiling source file ..\..\SampleBase\InputEventBuffer.cpp)
C:\CatalystEngine\libs\PhysX\PhysX_3.4\Samples\SampleBase\InputEventBuffer.h(106,1): warning C5220: 'RingBuffer<InputEventBuffer::EventsUnion,64>::mWriteCount': a non-static data member with a volatile qualified type no longer implies
           that compiler generated copy/move constructors and copy/move assignment operators are not trivial (compiling source file ..\..\SampleBase\InputEventBuffer.cpp)
C:\CatalystEngine\libs\PhysX\PhysX_3.4\Samples\SampleBase\InputEventBuffer.h(105): message : see declaration of 'RingBuffer<InputEventBuffer::EventsUnion,64>::mWriteCount' (compiling source file ..\..\SampleBase\InputEventBuffer.cpp)
C:\CatalystEngine\libs\PhysX\PhysX_3.4\Samples\SampleBase\InputEventBuffer.h(226,1): warning C5220: 'InputEventBuffer::mResetInputCacheReq': a non-static data member with a volatile qualified type no longer implies
           that compiler generated copy/move constructors and copy/move assignment operators are not trivial (compiling source file ..\..\SampleBase\InputEventBuffer.cpp)
C:\CatalystEngine\libs\PhysX\PhysX_3.4\Samples\SampleBase\InputEventBuffer.h(218): message : see declaration of 'InputEventBuffer::mResetInputCacheReq' (compiling source file ..\..\SampleBase\InputEventBuffer.cpp)
C:\CatalystEngine\libs\PhysX\PhysX_3.4\Samples\SampleBase\InputEventBuffer.h(226,1): warning C5220: 'InputEventBuffer::mResetInputCacheAck': a non-static data member with a volatile qualified type no longer implies
           that compiler generated copy/move constructors and copy/move assignment operators are not trivial (compiling source file ..\..\SampleBase\InputEventBuffer.cpp)
C:\CatalystEngine\libs\PhysX\PhysX_3.4\Samples\SampleBase\InputEventBuffer.h(219): message : see declaration of 'InputEventBuffer::mResetInputCacheAck' (compiling source file ..\..\SampleBase\InputEventBuffer.cpp)
C:\CatalystEngine\libs\PhysX\PxShared\include\task\PxTask.h(329,1): warning C5220: 'physx::PxLightCpuTask::mRefCount': a non-static data member with a volatile qualified type no longer implies
           that compiler generated copy/move constructors and copy/move assignment operators are not trivial (compiling source file ..\..\SampleBase\InputEventBuffer.cpp)
C:\CatalystEngine\libs\PhysX\PxShared\include\task\PxTask.h(326): message : see declaration of 'physx::PxLightCpuTask::mRefCount' (compiling source file ..\..\SampleBase\InputEventBuffer.cpp)
C:\CatalystEngine\libs\PhysX\PhysX_3.4\Samples\SampleBase\PhysXSampleApplication.h(328,2): warning C5220: 'PhysXSampleApplication::mHideMouseCursor': a non-static data member with a volatile qualified type no longer implies
           that compiler generated copy/move constructors and copy/move assignment operators are not trivial (compiling source file ..\..\SampleBase\SampleStepper.cpp)
C:\CatalystEngine\libs\PhysX\PhysX_3.4\Samples\SampleBase\PhysXSampleApplication.h(290): message : see declaration of 'PhysXSampleApplication::mHideMouseCursor' (compiling source file ..\..\SampleBase\SampleStepper.cpp)
C:\CatalystEngine\libs\PhysX\PxShared\include\task\PxTask.h(329,1): warning C5220: 'physx::PxLightCpuTask::mRefCount': a non-static data member with a volatile qualified type no longer implies
           that compiler generated copy/move constructors and copy/move assignment operators are not trivial (compiling source file ..\..\SampleBase\Picking.cpp)
C:\CatalystEngine\libs\PhysX\PxShared\include\task\PxTask.h(326): message : see declaration of 'physx::PxLightCpuTask::mRefCount' (compiling source file ..\..\SampleBase\Picking.cpp)
C:\CatalystEngine\libs\PhysX\PhysX_3.4\Samples\SampleBase\PhysXSampleApplication.h(328,2): warning C5220: 'PhysXSampleApplication::mHideMouseCursor': a non-static data member with a volatile qualified type no longer implies
           that compiler generated copy/move constructors and copy/move assignment operators are not trivial (compiling source file ..\..\SampleBase\PhysXSample.cpp)
C:\CatalystEngine\libs\PhysX\PhysX_3.4\Samples\SampleBase\PhysXSampleApplication.h(290): message : see declaration of 'PhysXSampleApplication::mHideMouseCursor' (compiling source file ..\..\SampleBase\PhysXSample.cpp)
C:\CatalystEngine\libs\PhysX\PhysX_3.4\Samples\SampleBase\SampleStepper.cpp(201,35): warning C5219: implicit conversion from 'physx::PxU32' to 'physx::PxReal', possible loss of data
C:\CatalystEngine\libs\PhysX\PhysX_3.4\Samples\SampleFramework\renderer\include\RendererColor.h(59,27): warning C5219: implicit conversion from 'int' to 'float', possible loss of data (compiling source file ..\..\SampleBase\SampleInputMappingAsset.cpp)
C:\CatalystEngine\libs\PhysX\PhysX_3.4\Samples\SampleFramework\renderer\include\RendererColor.h(60,27): warning C5219: implicit conversion from 'int' to 'float', possible loss of data (compiling source file ..\..\SampleBase\SampleInputMappingAsset.cpp)
C:\CatalystEngine\libs\PhysX\PhysX_3.4\Samples\SampleFramework\renderer\include\RendererColor.h(61,27): warning C5219: implicit conversion from 'int' to 'float', possible loss of data (compiling source file ..\..\SampleBase\SampleInputMappingAsset.cpp)
C:\CatalystEngine\libs\PhysX\PhysX_3.4\Samples\SampleFramework\renderer\include\RendererColor.h(62,27): warning C5219: implicit conversion from 'int' to 'float', possible loss of data (compiling source file ..\..\SampleBase\SampleInputMappingAsset.cpp)
C:\CatalystEngine\libs\PhysX\PhysX_3.4\Samples\SampleFramework\renderer\include\RendererColor.h(59,27): warning C5219: implicit conversion from 'int' to 'float', possible loss of data (compiling source file ..\..\SampleBase\PhysXSampleApplication.cpp)
C:\CatalystEngine\libs\PhysX\PhysX_3.4\Samples\SampleFramework\renderer\include\RendererColor.h(60,27): warning C5219: implicit conversion from 'int' to 'float', possible loss of data (compiling source file ..\..\SampleBase\PhysXSampleApplication.cpp)
C:\CatalystEngine\libs\PhysX\PhysX_3.4\Samples\SampleFramework\renderer\include\RendererColor.h(61,27): warning C5219: implicit conversion from 'int' to 'float', possible loss of data (compiling source file ..\..\SampleBase\PhysXSampleApplication.cpp)
C:\CatalystEngine\libs\PhysX\PhysX_3.4\Samples\SampleFramework\renderer\include\RendererColor.h(62,27): warning C5219: implicit conversion from 'int' to 'float', possible loss of data (compiling source file ..\..\SampleBase\PhysXSampleApplication.cpp)
C:\CatalystEngine\libs\PhysX\PhysX_3.4\Samples\SampleFramework\renderer\include\RendererColor.h(59,27): warning C5219: implicit conversion from 'int' to 'float', possible loss of data (compiling source file ..\..\SampleBase\InputEventBuffer.cpp)
C:\CatalystEngine\libs\PhysX\PhysX_3.4\Samples\SampleFramework\renderer\include\RendererColor.h(60,27): warning C5219: implicit conversion from 'int' to 'float', possible loss of data (compiling source file ..\..\SampleBase\InputEventBuffer.cpp)
C:\CatalystEngine\libs\PhysX\PhysX_3.4\Samples\SampleFramework\renderer\include\RendererColor.h(61,27): warning C5219: implicit conversion from 'int' to 'float', possible loss of data (compiling source file ..\..\SampleBase\InputEventBuffer.cpp)
C:\CatalystEngine\libs\PhysX\PhysX_3.4\Samples\SampleFramework\renderer\include\RendererColor.h(62,27): warning C5219: implicit conversion from 'int' to 'float', possible loss of data (compiling source file ..\..\SampleBase\InputEventBuffer.cpp)
C:\CatalystEngine\libs\PhysX\PhysX_3.4\Samples\PxToolkit\include\PxTkRandom.h(66,33): warning C5219: implicit conversion from 'physx::PxU32' to 'physx::PxF32', possible loss of data (compiling source file ..\..\SampleBase\SampleInputMappingAsset.cpp)
C:\CatalystEngine\libs\PhysX\PhysX_3.4\Samples\PxToolkit\include\PxTkRandom.h(77,22): warning C5219: implicit conversion from 'physx::PxU32' to 'physx::PxF32', possible loss of data (compiling source file ..\..\SampleBase\SampleInputMappingAsset.cpp)
C:\CatalystEngine\libs\PhysX\PhysX_3.4\Samples\PxToolkit\include\PxTkRandom.h(81,24): warning C5219: implicit conversion from 'physx::PxU32' to 'physx::PxF32', possible loss of data (compiling source file ..\..\SampleBase\SampleInputMappingAsset.cpp)
C:\CatalystEngine\libs\PhysX\PhysX_3.4\Samples\PxToolkit\include\PxTkRandom.h(84,63): warning C5219: implicit conversion from 'physx::PxU32' to 'physx::PxF32', possible loss of data (compiling source file ..\..\SampleBase\SampleInputMappingAsset.cpp)
C:\CatalystEngine\libs\PhysX\PhysX_3.4\Samples\PxToolkit\include\PxTkRandom.h(66,33): warning C5219: implicit conversion from 'physx::PxU32' to 'physx::PxF32', possible loss of data (compiling source file ..\..\SampleBase\PhysXSampleApplication.cpp)
C:\CatalystEngine\libs\PhysX\PhysX_3.4\Samples\PxToolkit\include\PxTkRandom.h(77,22): warning C5219: implicit conversion from 'physx::PxU32' to 'physx::PxF32', possible loss of data (compiling source file ..\..\SampleBase\PhysXSampleApplication.cpp)
C:\CatalystEngine\libs\PhysX\PhysX_3.4\Samples\PxToolkit\include\PxTkRandom.h(81,24): warning C5219: implicit conversion from 'physx::PxU32' to 'physx::PxF32', possible loss of data (compiling source file ..\..\SampleBase\PhysXSampleApplication.cpp)
C:\CatalystEngine\libs\PhysX\PhysX_3.4\Samples\PxToolkit\include\PxTkRandom.h(84,63): warning C5219: implicit conversion from 'physx::PxU32' to 'physx::PxF32', possible loss of data (compiling source file ..\..\SampleBase\PhysXSampleApplication.cpp)
C:\CatalystEngine\libs\PhysX\PxShared\include\task\PxTask.h(329,1): warning C5220: 'physx::PxLightCpuTask::mRefCount': a non-static data member with a volatile qualified type no longer implies
           that compiler generated copy/move constructors and copy/move assignment operators are not trivial (compiling source file ..\..\SampleBase\RawLoader.cpp)
C:\CatalystEngine\libs\PhysX\PxShared\include\task\PxTask.h(326): message : see declaration of 'physx::PxLightCpuTask::mRefCount' (compiling source file ..\..\SampleBase\RawLoader.cpp)
  SampleMouseFilter.cpp
  SampleRandomPrecomputed.cpp
C:\CatalystEngine\libs\PhysX\PhysX_3.4\Samples\PxToolkit\include\PxTkRandom.h(66,33): warning C5219: implicit conversion from 'physx::PxU32' to 'physx::PxF32', possible loss of data (compiling source file ..\..\SampleBase\InputEventBuffer.cpp)
C:\CatalystEngine\libs\PhysX\PhysX_3.4\Samples\PxToolkit\include\PxTkRandom.h(77,22): warning C5219: implicit conversion from 'physx::PxU32' to 'physx::PxF32', possible loss of data (compiling source file ..\..\SampleBase\InputEventBuffer.cpp)
C:\CatalystEngine\libs\PhysX\PhysX_3.4\Samples\PxToolkit\include\PxTkRandom.h(81,24): warning C5219: implicit conversion from 'physx::PxU32' to 'physx::PxF32', possible loss of data (compiling source file ..\..\SampleBase\InputEventBuffer.cpp)
C:\CatalystEngine\libs\PhysX\PhysX_3.4\Samples\PxToolkit\include\PxTkRandom.h(84,63): warning C5219: implicit conversion from 'physx::PxU32' to 'physx::PxF32', possible loss of data (compiling source file ..\..\SampleBase\InputEventBuffer.cpp)
C:\CatalystEngine\libs\PhysX\PhysX_3.4\Samples\SampleBase\PhysXSampleApplication.h(328,2): warning C5220: 'PhysXSampleApplication::mHideMouseCursor': a non-static data member with a volatile qualified type no longer implies
           that compiler generated copy/move constructors and copy/move assignment operators are not trivial (compiling source file ..\..\SampleBase\InputEventBuffer.cpp)
C:\CatalystEngine\libs\PhysX\PhysX_3.4\Samples\SampleBase\PhysXSampleApplication.h(290): message : see declaration of 'PhysXSampleApplication::mHideMouseCursor' (compiling source file ..\..\SampleBase\InputEventBuffer.cpp)
C:\CatalystEngine\libs\PhysX\PhysX_3.4\Samples\SampleBase\PhysXSampleApplication.h(328,2): warning C5220: 'PhysXSampleApplication::mHideMouseCursor': a non-static data member with a volatile qualified type no longer implies
           that compiler generated copy/move constructors and copy/move assignment operators are not trivial (compiling source file ..\..\SampleBase\PhysXSampleApplication.cpp)
C:\CatalystEngine\libs\PhysX\PhysX_3.4\Samples\SampleBase\PhysXSampleApplication.h(290): message : see declaration of 'PhysXSampleApplication::mHideMouseCursor' (compiling source file ..\..\SampleBase\PhysXSampleApplication.cpp)
C:\CatalystEngine\libs\PhysX\PhysX_3.4\Samples\SampleBase\PhysXSampleApplication.h(328,2): warning C5220: 'PhysXSampleApplication::mHideMouseCursor': a non-static data member with a volatile qualified type no longer implies
           that compiler generated copy/move constructors and copy/move assignment operators are not trivial (compiling source file ..\..\SampleBase\SampleInputMappingAsset.cpp)
C:\CatalystEngine\libs\PhysX\PhysX_3.4\Samples\SampleBase\PhysXSampleApplication.h(290): message : see declaration of 'PhysXSampleApplication::mHideMouseCursor' (compiling source file ..\..\SampleBase\SampleInputMappingAsset.cpp)
C:\CatalystEngine\libs\PhysX\PxShared\include\task\PxTask.h(329,1): warning C5220: 'physx::PxLightCpuTask::mRefCount': a non-static data member with a volatile qualified type no longer implies
           that compiler generated copy/move constructors and copy/move assignment operators are not trivial (compiling source file ..\..\SampleBase\SampleRandomPrecomputed.cpp)
C:\CatalystEngine\libs\PhysX\PxShared\include\task\PxTask.h(326): message : see declaration of 'physx::PxLightCpuTask::mRefCount' (compiling source file ..\..\SampleBase\SampleRandomPrecomputed.cpp)
C:\CatalystEngine\libs\PhysX\PxShared\src\foundation\include\PsMathUtils.h(311,29): warning C5219: implicit conversion from 'int' to 'physx::PxF32', possible loss of data (compiling source file ..\..\SampleBase\PhysXSampleApplication.cpp)
  RenderPhysX3Debug.cpp
C:\CatalystEngine\libs\PhysX\PhysX_3.4\Samples\SampleFramework\renderer\include\RendererColor.h(59,27): warning C5219: implicit conversion from 'int' to 'float', possible loss of data (compiling source file ..\..\SampleBase\RawLoader.cpp)
C:\CatalystEngine\libs\PhysX\PhysX_3.4\Samples\SampleFramework\renderer\include\RendererColor.h(60,27): warning C5219: implicit conversion from 'int' to 'float', possible loss of data (compiling source file ..\..\SampleBase\RawLoader.cpp)
C:\CatalystEngine\libs\PhysX\PhysX_3.4\Samples\SampleFramework\renderer\include\RendererColor.h(61,27): warning C5219: implicit conversion from 'int' to 'float', possible loss of data (compiling source file ..\..\SampleBase\RawLoader.cpp)
C:\CatalystEngine\libs\PhysX\PhysX_3.4\Samples\SampleFramework\renderer\include\RendererColor.h(62,27): warning C5219: implicit conversion from 'int' to 'float', possible loss of data (compiling source file ..\..\SampleBase\RawLoader.cpp)
C:\CatalystEngine\libs\PhysX\PhysX_3.4\Samples\SampleFramework\renderer\include\RendererColor.h(59,27): warning C5219: implicit conversion from 'int' to 'float', possible loss of data (compiling source file ..\..\SampleBase\Picking.cpp)
C:\CatalystEngine\libs\PhysX\PxShared\include\task\PxTask.h(329,1): warning C5220: 'physx::PxLightCpuTask::mRefCount': a non-static data member with a volatile qualified type no longer implies
           that compiler generated copy/move constructors and copy/move assignment operators are not trivial (compiling source file ..\..\SampleBase\RenderPhysX3Debug.cpp)
C:\CatalystEngine\libs\PhysX\PxShared\include\task\PxTask.h(326): message : see declaration of 'physx::PxLightCpuTask::mRefCount' (compiling source file ..\..\SampleBase\RenderPhysX3Debug.cpp)
C:\CatalystEngine\libs\PhysX\PhysX_3.4\Samples\SampleFramework\renderer\include\RendererColor.h(60,27): warning C5219: implicit conversion from 'int' to 'float', possible loss of data (compiling source file ..\..\SampleBase\Picking.cpp)
C:\CatalystEngine\libs\PhysX\PhysX_3.4\Samples\SampleFramework\renderer\include\RendererColor.h(61,27): warning C5219: implicit conversion from 'int' to 'float', possible loss of data (compiling source file ..\..\SampleBase\Picking.cpp)
C:\CatalystEngine\libs\PhysX\PhysX_3.4\Samples\SampleFramework\renderer\include\RendererColor.h(62,27): warning C5219: implicit conversion from 'int' to 'float', possible loss of data (compiling source file ..\..\SampleBase\Picking.cpp)
  wavefront.cpp
C:\CatalystEngine\libs\PhysX\PhysX_3.4\Samples\SampleBase\PhysXSample.cpp(2418,38): warning C5219: implicit conversion from 'physx::PxU32' to 'float', possible loss of data
C:\CatalystEngine\libs\PhysX\PhysX_3.4\Samples\PxToolkit\include\PxTkRandom.h(66,33): warning C5219: implicit conversion from 'physx::PxU32' to 'physx::PxF32', possible loss of data (compiling source file ..\..\SampleBase\Picking.cpp)
C:\CatalystEngine\libs\PhysX\PhysX_3.4\Samples\PxToolkit\include\PxTkRandom.h(77,22): warning C5219: implicit conversion from 'physx::PxU32' to 'physx::PxF32', possible loss of data (compiling source file ..\..\SampleBase\Picking.cpp)
C:\CatalystEngine\libs\PhysX\PhysX_3.4\Samples\PxToolkit\include\PxTkRandom.h(81,24): warning C5219: implicit conversion from 'physx::PxU32' to 'physx::PxF32', possible loss of data (compiling source file ..\..\SampleBase\Picking.cpp)
C:\CatalystEngine\libs\PhysX\PhysX_3.4\Samples\PxToolkit\include\PxTkRandom.h(84,63): warning C5219: implicit conversion from 'physx::PxU32' to 'physx::PxF32', possible loss of data (compiling source file ..\..\SampleBase\Picking.cpp)
C:\CatalystEngine\libs\PhysX\PhysX_3.4\Samples\SampleBase\PhysXSampleApplication.h(328,2): warning C5220: 'PhysXSampleApplication::mHideMouseCursor': a non-static data member with a volatile qualified type no longer implies
           that compiler generated copy/move constructors and copy/move assignment operators are not trivial (compiling source file ..\..\SampleBase\Picking.cpp)
C:\CatalystEngine\libs\PhysX\PhysX_3.4\Samples\SampleBase\PhysXSampleApplication.h(290): message : see declaration of 'PhysXSampleApplication::mHideMouseCursor' (compiling source file ..\..\SampleBase\Picking.cpp)
C:\CatalystEngine\libs\PhysX\PhysX_3.4\Samples\SampleBase\InputEventBuffer.h(106,1): warning C5220: 'RingBuffer<InputEventBuffer::EventsUnion,64>::mReadCount': a non-static data member with a volatile qualified type no longer implies
           that compiler generated copy/move constructors and copy/move assignment operators are not trivial (compiling source file ..\..\SampleBase\PhysXSampleApplication.cpp)
C:\CatalystEngine\libs\PhysX\PhysX_3.4\Samples\SampleBase\InputEventBuffer.h(104): message : see declaration of 'RingBuffer<InputEventBuffer::EventsUnion,64>::mReadCount' (compiling source file ..\..\SampleBase\PhysXSampleApplication.cpp)
C:\CatalystEngine\libs\PhysX\PhysX_3.4\Samples\SampleBase\InputEventBuffer.h(217): message : see reference to class template instantiation 'RingBuffer<InputEventBuffer::EventsUnion,64>' being compiled (compiling source file ..\..\SampleBase\PhysXSampleApplication.cpp)
C:\CatalystEngine\libs\PhysX\PhysX_3.4\Samples\SampleBase\InputEventBuffer.h(106,1): warning C5220: 'RingBuffer<InputEventBuffer::EventsUnion,64>::mWriteCount': a non-static data member with a volatile qualified type no longer implies
           that compiler generated copy/move constructors and copy/move assignment operators are not trivial (compiling source file ..\..\SampleBase\PhysXSampleApplication.cpp)
C:\CatalystEngine\libs\PhysX\PhysX_3.4\Samples\SampleBase\InputEventBuffer.h(105): message : see declaration of 'RingBuffer<InputEventBuffer::EventsUnion,64>::mWriteCount' (compiling source file ..\..\SampleBase\PhysXSampleApplication.cpp)
C:\CatalystEngine\libs\PhysX\PhysX_3.4\Samples\SampleBase\InputEventBuffer.h(226,1): warning C5220: 'InputEventBuffer::mResetInputCacheReq': a non-static data member with a volatile qualified type no longer implies
           that compiler generated copy/move constructors and copy/move assignment operators are not trivial (compiling source file ..\..\SampleBase\PhysXSampleApplication.cpp)
C:\CatalystEngine\libs\PhysX\PhysX_3.4\Samples\SampleBase\InputEventBuffer.h(218): message : see declaration of 'InputEventBuffer::mResetInputCacheReq' (compiling source file ..\..\SampleBase\PhysXSampleApplication.cpp)
C:\CatalystEngine\libs\PhysX\PhysX_3.4\Samples\SampleBase\InputEventBuffer.h(226,1): warning C5220: 'InputEventBuffer::mResetInputCacheAck': a non-static data member with a volatile qualified type no longer implies
           that compiler generated copy/move constructors and copy/move assignment operators are not trivial (compiling source file ..\..\SampleBase\PhysXSampleApplication.cpp)
C:\CatalystEngine\libs\PhysX\PhysX_3.4\Samples\SampleBase\InputEventBuffer.h(219): message : see declaration of 'InputEventBuffer::mResetInputCacheAck' (compiling source file ..\..\SampleBase\PhysXSampleApplication.cpp)
  SampleCharacterHelpers.cpp
  AcclaimLoader.cpp
C:\CatalystEngine\libs\PhysX\PhysX_3.4\Samples\SampleBase\Picking.cpp(282,11): warning C5219: implicit conversion from 'physx::PxU32' to 'float', possible loss of data
C:\CatalystEngine\libs\PhysX\PhysX_3.4\Samples\SampleBase\Picking.cpp(283,11): warning C5219: implicit conversion from 'physx::PxU32' to 'float', possible loss of data
  TestMotionGenerator.cpp
C:\CatalystEngine\libs\PhysX\PhysX_3.4\Samples\SampleFramework\renderer\include\RendererColor.h(59,27): warning C5219: implicit conversion from 'int' to 'float', possible loss of data (compiling source file ..\..\SampleBase\RenderPhysX3Debug.cpp)
C:\CatalystEngine\libs\PhysX\PhysX_3.4\Samples\SampleFramework\renderer\include\RendererColor.h(60,27): warning C5219: implicit conversion from 'int' to 'float', possible loss of data (compiling source file ..\..\SampleBase\RenderPhysX3Debug.cpp)
C:\CatalystEngine\libs\PhysX\PhysX_3.4\Samples\SampleFramework\renderer\include\RendererColor.h(61,27): warning C5219: implicit conversion from 'int' to 'float', possible loss of data (compiling source file ..\..\SampleBase\RenderPhysX3Debug.cpp)
C:\CatalystEngine\libs\PhysX\PhysX_3.4\Samples\SampleFramework\renderer\include\RendererColor.h(62,27): warning C5219: implicit conversion from 'int' to 'float', possible loss of data (compiling source file ..\..\SampleBase\RenderPhysX3Debug.cpp)
C:\CatalystEngine\libs\PhysX\PhysX_3.4\Samples\SampleFramework\renderer\include\RendererColor.h(59,27): warning C5219: implicit conversion from 'int' to 'float', possible loss of data (compiling source file ..\..\SampleBase\SampleRandomPrecomputed.cpp)
C:\CatalystEngine\libs\PhysX\PhysX_3.4\Samples\SampleFramework\renderer\include\RendererColor.h(60,27): warning C5219: implicit conversion from 'int' to 'float', possible loss of data (compiling source file ..\..\SampleBase\SampleRandomPrecomputed.cpp)
C:\CatalystEngine\libs\PhysX\PhysX_3.4\Samples\SampleFramework\renderer\include\RendererColor.h(61,27): warning C5219: implicit conversion from 'int' to 'float', possible loss of data (compiling source file ..\..\SampleBase\SampleRandomPrecomputed.cpp)
C:\CatalystEngine\libs\PhysX\PhysX_3.4\Samples\SampleFramework\renderer\include\RendererColor.h(62,27): warning C5219: implicit conversion from 'int' to 'float', possible loss of data (compiling source file ..\..\SampleBase\SampleRandomPrecomputed.cpp)
C:\CatalystEngine\libs\PhysX\PxShared\src\foundation\include\PsMathUtils.h(311,29): warning C5219: implicit conversion from 'int' to 'physx::PxF32', possible loss of data (compiling source file ..\..\SampleBase\SampleCharacterHelpers.cpp)
C:\CatalystEngine\libs\PhysX\PxShared\include\task\PxTask.h(329,1): warning C5220: 'physx::PxLightCpuTask::mRefCount': a non-static data member with a volatile qualified type no longer implies
           that compiler generated copy/move constructors and copy/move assignment operators are not trivial (compiling source file ..\..\SampleBase\SampleCharacterHelpers.cpp)
C:\CatalystEngine\libs\PhysX\PxShared\include\task\PxTask.h(326): message : see declaration of 'physx::PxLightCpuTask::mRefCount' (compiling source file ..\..\SampleBase\SampleCharacterHelpers.cpp)
C:\CatalystEngine\libs\PhysX\PhysX_3.4\Samples\PxToolkit\include\PxTkRandom.h(66,33): warning C5219: implicit conversion from 'physx::PxU32' to 'physx::PxF32', possible loss of data (compiling source file ..\..\SampleBase\SampleRandomPrecomputed.cpp)
C:\CatalystEngine\libs\PhysX\PhysX_3.4\Samples\PxToolkit\include\PxTkRandom.h(77,22): warning C5219: implicit conversion from 'physx::PxU32' to 'physx::PxF32', possible loss of data (compiling source file ..\..\SampleBase\SampleRandomPrecomputed.cpp)
C:\CatalystEngine\libs\PhysX\PhysX_3.4\Samples\PxToolkit\include\PxTkRandom.h(81,24): warning C5219: implicit conversion from 'physx::PxU32' to 'physx::PxF32', possible loss of data (compiling source file ..\..\SampleBase\SampleRandomPrecomputed.cpp)
C:\CatalystEngine\libs\PhysX\PhysX_3.4\Samples\PxToolkit\include\PxTkRandom.h(84,63): warning C5219: implicit conversion from 'physx::PxU32' to 'physx::PxF32', possible loss of data (compiling source file ..\..\SampleBase\SampleRandomPrecomputed.cpp)
C:\CatalystEngine\libs\PhysX\PxShared\src\foundation\include\PsMathUtils.h(311,29): warning C5219: implicit conversion from 'int' to 'physx::PxF32', possible loss of data (compiling source file ..\..\SampleBase\AcclaimLoader.cpp)
C:\CatalystEngine\libs\PhysX\PxShared\include\task\PxTask.h(329,1): warning C5220: 'physx::PxLightCpuTask::mRefCount': a non-static data member with a volatile qualified type no longer implies
           that compiler generated copy/move constructors and copy/move assignment operators are not trivial (compiling source file ..\..\SampleBase\AcclaimLoader.cpp)
C:\CatalystEngine\libs\PhysX\PxShared\include\task\PxTask.h(326): message : see declaration of 'physx::PxLightCpuTask::mRefCount' (compiling source file ..\..\SampleBase\AcclaimLoader.cpp)
C:\CatalystEngine\libs\PhysX\PhysX_3.4\Samples\SampleBase\PhysXSampleApplication.h(328,2): warning C5220: 'PhysXSampleApplication::mHideMouseCursor': a non-static data member with a volatile qualified type no longer implies
           that compiler generated copy/move constructors and copy/move assignment operators are not trivial (compiling source file ..\..\SampleBase\SampleRandomPrecomputed.cpp)
C:\CatalystEngine\libs\PhysX\PhysX_3.4\Samples\SampleBase\PhysXSampleApplication.h(290): message : see declaration of 'PhysXSampleApplication::mHideMouseCursor' (compiling source file ..\..\SampleBase\SampleRandomPrecomputed.cpp)
  TestGeometryHelpers.cpp
C:\CatalystEngine\libs\PhysX\PhysX_3.4\Samples\SampleFramework\renderer\include\RendererColor.h(59,27): warning C5219: implicit conversion from 'int' to 'float', possible loss of data (compiling source file ..\..\SampleBase\SampleCharacterHelpers.cpp)
C:\CatalystEngine\libs\PhysX\PhysX_3.4\Samples\SampleFramework\renderer\include\RendererColor.h(60,27): warning C5219: implicit conversion from 'int' to 'float', possible loss of data (compiling source file ..\..\SampleBase\SampleCharacterHelpers.cpp)
C:\CatalystEngine\libs\PhysX\PhysX_3.4\Samples\SampleFramework\renderer\include\RendererColor.h(61,27): warning C5219: implicit conversion from 'int' to 'float', possible loss of data (compiling source file ..\..\SampleBase\SampleCharacterHelpers.cpp)
C:\CatalystEngine\libs\PhysX\PhysX_3.4\Samples\SampleFramework\renderer\include\RendererColor.h(62,27): warning C5219: implicit conversion from 'int' to 'float', possible loss of data (compiling source file ..\..\SampleBase\SampleCharacterHelpers.cpp)
C:\CatalystEngine\libs\PhysX\PhysX_3.4\Samples\SampleFramework\renderer\include\RendererColor.h(59,27): warning C5219: implicit conversion from 'int' to 'float', possible loss of data (compiling source file ..\..\SampleBase\AcclaimLoader.cpp)
C:\CatalystEngine\libs\PhysX\PhysX_3.4\Samples\SampleFramework\renderer\include\RendererColor.h(60,27): warning C5219: implicit conversion from 'int' to 'float', possible loss of data (compiling source file ..\..\SampleBase\AcclaimLoader.cpp)
C:\CatalystEngine\libs\PhysX\PhysX_3.4\Samples\SampleFramework\renderer\include\RendererColor.h(61,27): warning C5219: implicit conversion from 'int' to 'float', possible loss of data (compiling source file ..\..\SampleBase\AcclaimLoader.cpp)
C:\CatalystEngine\libs\PhysX\PhysX_3.4\Samples\SampleFramework\renderer\include\RendererColor.h(62,27): warning C5219: implicit conversion from 'int' to 'float', possible loss of data (compiling source file ..\..\SampleBase\AcclaimLoader.cpp)
  TestClothHelpers.cpp
C:\CatalystEngine\libs\PhysX\PxShared\include\task\PxTask.h(329,1): warning C5220: 'physx::PxLightCpuTask::mRefCount': a non-static data member with a volatile qualified type no longer implies
           that compiler generated copy/move constructors and copy/move assignment operators are not trivial (compiling source file ..\..\SampleBase\TestMotionGenerator.cpp)
C:\CatalystEngine\libs\PhysX\PxShared\include\task\PxTask.h(326): message : see declaration of 'physx::PxLightCpuTask::mRefCount' (compiling source file ..\..\SampleBase\TestMotionGenerator.cpp)
C:\CatalystEngine\libs\PhysX\PhysX_3.4\Samples\PxToolkit\include\PxTkRandom.h(66,33): warning C5219: implicit conversion from 'physx::PxU32' to 'physx::PxF32', possible loss of data (compiling source file ..\..\SampleBase\TestClothHelpers.cpp)
C:\CatalystEngine\libs\PhysX\PhysX_3.4\Samples\PxToolkit\include\PxTkRandom.h(77,22): warning C5219: implicit conversion from 'physx::PxU32' to 'physx::PxF32', possible loss of data (compiling source file ..\..\SampleBase\TestClothHelpers.cpp)
C:\CatalystEngine\libs\PhysX\PhysX_3.4\Samples\PxToolkit\include\PxTkRandom.h(81,24): warning C5219: implicit conversion from 'physx::PxU32' to 'physx::PxF32', possible loss of data (compiling source file ..\..\SampleBase\TestClothHelpers.cpp)
C:\CatalystEngine\libs\PhysX\PhysX_3.4\Samples\PxToolkit\include\PxTkRandom.h(84,63): warning C5219: implicit conversion from 'physx::PxU32' to 'physx::PxF32', possible loss of data (compiling source file ..\..\SampleBase\TestClothHelpers.cpp)
C:\CatalystEngine\libs\PhysX\PhysX_3.4\Samples\SampleBase\TestClothHelpers.cpp(184,17): warning C5219: implicit conversion from 'physx::PxU32' to 'physx::PxReal', possible loss of data
C:\CatalystEngine\libs\PhysX\PhysX_3.4\Samples\SampleBase\TestClothHelpers.cpp(188,18): warning C5219: implicit conversion from 'physx::PxU32' to 'physx::PxReal', possible loss of data
C:\CatalystEngine\libs\PhysX\PhysX_3.4\Samples\SampleBase\TestMotionGenerator.cpp(51,30): warning C5219: implicit conversion from 'int' to 'float', possible loss of data
C:\CatalystEngine\libs\PhysX\PhysX_3.4\Samples\SampleBase\TestMotionGenerator.cpp(66,30): warning C5219: implicit conversion from 'int' to 'float', possible loss of data
LINK : fatal error LNK1181: cannot open input file 'C:\CatalystEngine\libs\PhysX\PhysX_3.4\Samples\SampleFramework\framework\lib\vc15win64\SampleFramework-MTDEBUG.lib'
