  Vcpkg is unable to link because we cannot decide between Release and Debug libraries. Please define the property VcpkgConfiguration to be 'Release' or 'Debug' (currently 'debug').
  WindowsSampleAssetManager.cpp
  nv_dds.cpp
  ODBlock.cpp
  SampleApplication.cpp
  SampleAsset.cpp
  SampleAssetManager.cpp
  SampleCommandLine.cpp
  SampleDirManager.cpp
C:\CatalystEngine\libs\PhysX\PxShared\include\task\PxTask.h(329,1): error C2220: the following warning is treated as an error (compiling source file ..\..\src\SampleAssetManager.cpp)
C:\CatalystEngine\libs\PhysX\PxShared\include\task\PxTask.h(329,1): warning C5220: 'physx::PxLightCpuTask::mRefCount': a non-static data member with a volatile qualified type no longer implies
           that compiler generated copy/move constructors and copy/move assignment operators are not trivial (compiling source file ..\..\src\SampleAssetManager.cpp)
C:\CatalystEngine\libs\PhysX\PxShared\include\task\PxTask.h(326): message : see declaration of 'physx::PxLightCpuTask::mRefCount' (compiling source file ..\..\src\SampleAssetManager.cpp)
C:\CatalystEngine\libs\PhysX\PxShared\include\task\PxTask.h(329,1): message : to simplify migration, consider the temporary use of /Wv:18 flag with the version of the compiler with which you used to build without warnings (compiling source file ..\..\src\SampleAssetManager.cpp)
C:\CatalystEngine\libs\PhysX\PxShared\include\task\PxTask.h(329,1): error C2220: the following warning is treated as an error (compiling source file ..\..\src\windows\WindowsSampleAssetManager.cpp)
C:\CatalystEngine\libs\PhysX\PxShared\include\task\PxTask.h(329,1): warning C5220: 'physx::PxLightCpuTask::mRefCount': a non-static data member with a volatile qualified type no longer implies
           that compiler generated copy/move constructors and copy/move assignment operators are not trivial (compiling source file ..\..\src\windows\WindowsSampleAssetManager.cpp)
C:\CatalystEngine\libs\PhysX\PxShared\include\task\PxTask.h(326): message : see declaration of 'physx::PxLightCpuTask::mRefCount' (compiling source file ..\..\src\windows\WindowsSampleAssetManager.cpp)
C:\CatalystEngine\libs\PhysX\PxShared\include\task\PxTask.h(329,1): message : to simplify migration, consider the temporary use of /Wv:18 flag with the version of the compiler with which you used to build without warnings (compiling source file ..\..\src\windows\WindowsSampleAssetManager.cpp)
C:\CatalystEngine\libs\PhysX\PxShared\include\task\PxTask.h(329,1): error C2220: the following warning is treated as an error (compiling source file ..\..\src\nv_dds.cpp)
C:\CatalystEngine\libs\PhysX\PxShared\include\task\PxTask.h(329,1): warning C5220: 'physx::PxLightCpuTask::mRefCount': a non-static data member with a volatile qualified type no longer implies
           that compiler generated copy/move constructors and copy/move assignment operators are not trivial (compiling source file ..\..\src\nv_dds.cpp)
C:\CatalystEngine\libs\PhysX\PxShared\include\task\PxTask.h(326): message : see declaration of 'physx::PxLightCpuTask::mRefCount' (compiling source file ..\..\src\nv_dds.cpp)
C:\CatalystEngine\libs\PhysX\PxShared\include\task\PxTask.h(329,1): message : to simplify migration, consider the temporary use of /Wv:18 flag with the version of the compiler with which you used to build without warnings (compiling source file ..\..\src\nv_dds.cpp)
C:\CatalystEngine\libs\PhysX\PhysX_3.4\Samples\SampleFramework\renderer\include\RendererColor.h(59,27): warning C5219: implicit conversion from 'int' to 'float', possible loss of data (compiling source file ..\..\src\SampleAssetManager.cpp)
C:\CatalystEngine\libs\PhysX\PhysX_3.4\Samples\SampleFramework\renderer\include\RendererColor.h(59,27): message : to simplify migration, consider the temporary use of /Wv:18 flag with the version of the compiler with which you used to build without warnings (compiling source file ..\..\src\SampleAssetManager.cpp)
C:\CatalystEngine\libs\PhysX\PhysX_3.4\Samples\SampleFramework\renderer\include\RendererColor.h(60,27): warning C5219: implicit conversion from 'int' to 'float', possible loss of data (compiling source file ..\..\src\SampleAssetManager.cpp)
C:\CatalystEngine\libs\PhysX\PhysX_3.4\Samples\SampleFramework\renderer\include\RendererColor.h(60,27): message : to simplify migration, consider the temporary use of /Wv:18 flag with the version of the compiler with which you used to build without warnings (compiling source file ..\..\src\SampleAssetManager.cpp)
C:\CatalystEngine\libs\PhysX\PhysX_3.4\Samples\SampleFramework\renderer\include\RendererColor.h(61,27): warning C5219: implicit conversion from 'int' to 'float', possible loss of data (compiling source file ..\..\src\SampleAssetManager.cpp)
C:\CatalystEngine\libs\PhysX\PhysX_3.4\Samples\SampleFramework\renderer\include\RendererColor.h(61,27): message : to simplify migration, consider the temporary use of /Wv:18 flag with the version of the compiler with which you used to build without warnings (compiling source file ..\..\src\SampleAssetManager.cpp)
C:\CatalystEngine\libs\PhysX\PhysX_3.4\Samples\SampleFramework\renderer\include\RendererColor.h(62,27): warning C5219: implicit conversion from 'int' to 'float', possible loss of data (compiling source file ..\..\src\SampleAssetManager.cpp)
C:\CatalystEngine\libs\PhysX\PhysX_3.4\Samples\SampleFramework\renderer\include\RendererColor.h(62,27): message : to simplify migration, consider the temporary use of /Wv:18 flag with the version of the compiler with which you used to build without warnings (compiling source file ..\..\src\SampleAssetManager.cpp)
  SampleInputAsset.cpp
  SampleLineDebugRender.cpp
  SampleMaterialAsset.cpp
  SamplePointDebugRender.cpp
C:\CatalystEngine\libs\PhysX\PxShared\include\task\PxTask.h(329,1): error C2220: the following warning is treated as an error (compiling source file ..\..\src\SampleApplication.cpp)
C:\CatalystEngine\libs\PhysX\PxShared\include\task\PxTask.h(329,1): warning C5220: 'physx::PxLightCpuTask::mRefCount': a non-static data member with a volatile qualified type no longer implies
           that compiler generated copy/move constructors and copy/move assignment operators are not trivial (compiling source file ..\..\src\SampleApplication.cpp)
C:\CatalystEngine\libs\PhysX\PxShared\include\task\PxTask.h(326): message : see declaration of 'physx::PxLightCpuTask::mRefCount' (compiling source file ..\..\src\SampleApplication.cpp)
C:\CatalystEngine\libs\PhysX\PxShared\include\task\PxTask.h(329,1): message : to simplify migration, consider the temporary use of /Wv:18 flag with the version of the compiler with which you used to build without warnings (compiling source file ..\..\src\SampleApplication.cpp)
C:\CatalystEngine\libs\PhysX\PxShared\include\task\PxTask.h(329,1): error C2220: the following warning is treated as an error (compiling source file ..\..\src\SampleLineDebugRender.cpp)
C:\CatalystEngine\libs\PhysX\PxShared\include\task\PxTask.h(329,1): warning C5220: 'physx::PxLightCpuTask::mRefCount': a non-static data member with a volatile qualified type no longer implies
           that compiler generated copy/move constructors and copy/move assignment operators are not trivial (compiling source file ..\..\src\SampleLineDebugRender.cpp)
C:\CatalystEngine\libs\PhysX\PxShared\include\task\PxTask.h(326): message : see declaration of 'physx::PxLightCpuTask::mRefCount' (compiling source file ..\..\src\SampleLineDebugRender.cpp)
C:\CatalystEngine\libs\PhysX\PxShared\include\task\PxTask.h(329,1): message : to simplify migration, consider the temporary use of /Wv:18 flag with the version of the compiler with which you used to build without warnings (compiling source file ..\..\src\SampleLineDebugRender.cpp)
C:\CatalystEngine\libs\PhysX\PxShared\include\task\PxTask.h(329,1): error C2220: the following warning is treated as an error (compiling source file ..\..\src\SamplePointDebugRender.cpp)
C:\CatalystEngine\libs\PhysX\PxShared\include\task\PxTask.h(329,1): warning C5220: 'physx::PxLightCpuTask::mRefCount': a non-static data member with a volatile qualified type no longer implies
           that compiler generated copy/move constructors and copy/move assignment operators are not trivial (compiling source file ..\..\src\SamplePointDebugRender.cpp)
C:\CatalystEngine\libs\PhysX\PxShared\include\task\PxTask.h(326): message : see declaration of 'physx::PxLightCpuTask::mRefCount' (compiling source file ..\..\src\SamplePointDebugRender.cpp)
C:\CatalystEngine\libs\PhysX\PxShared\include\task\PxTask.h(329,1): message : to simplify migration, consider the temporary use of /Wv:18 flag with the version of the compiler with which you used to build without warnings (compiling source file ..\..\src\SamplePointDebugRender.cpp)
C:\CatalystEngine\libs\PhysX\PxShared\include\task\PxTask.h(329,1): error C2220: the following warning is treated as an error (compiling source file ..\..\src\SampleInputAsset.cpp)
C:\CatalystEngine\libs\PhysX\PxShared\include\task\PxTask.h(329,1): warning C5220: 'physx::PxLightCpuTask::mRefCount': a non-static data member with a volatile qualified type no longer implies
           that compiler generated copy/move constructors and copy/move assignment operators are not trivial (compiling source file ..\..\src\SampleInputAsset.cpp)
C:\CatalystEngine\libs\PhysX\PxShared\include\task\PxTask.h(326): message : see declaration of 'physx::PxLightCpuTask::mRefCount' (compiling source file ..\..\src\SampleInputAsset.cpp)
C:\CatalystEngine\libs\PhysX\PxShared\include\task\PxTask.h(329,1): message : to simplify migration, consider the temporary use of /Wv:18 flag with the version of the compiler with which you used to build without warnings (compiling source file ..\..\src\SampleInputAsset.cpp)
C:\CatalystEngine\libs\PhysX\PxShared\include\task\PxTask.h(329,1): error C2220: the following warning is treated as an error (compiling source file ..\..\src\SampleMaterialAsset.cpp)
C:\CatalystEngine\libs\PhysX\PxShared\include\task\PxTask.h(329,1): warning C5220: 'physx::PxLightCpuTask::mRefCount': a non-static data member with a volatile qualified type no longer implies
           that compiler generated copy/move constructors and copy/move assignment operators are not trivial (compiling source file ..\..\src\SampleMaterialAsset.cpp)
C:\CatalystEngine\libs\PhysX\PxShared\include\task\PxTask.h(326): message : see declaration of 'physx::PxLightCpuTask::mRefCount' (compiling source file ..\..\src\SampleMaterialAsset.cpp)
C:\CatalystEngine\libs\PhysX\PxShared\include\task\PxTask.h(329,1): message : to simplify migration, consider the temporary use of /Wv:18 flag with the version of the compiler with which you used to build without warnings (compiling source file ..\..\src\SampleMaterialAsset.cpp)
C:\CatalystEngine\libs\PhysX\PxShared\include\task\PxTask.h(329,1): error C2220: the following warning is treated as an error (compiling source file ..\..\src\SampleDirManager.cpp)
C:\CatalystEngine\libs\PhysX\PxShared\include\task\PxTask.h(329,1): warning C5220: 'physx::PxLightCpuTask::mRefCount': a non-static data member with a volatile qualified type no longer implies
           that compiler generated copy/move constructors and copy/move assignment operators are not trivial (compiling source file ..\..\src\SampleDirManager.cpp)
C:\CatalystEngine\libs\PhysX\PxShared\include\task\PxTask.h(326): message : see declaration of 'physx::PxLightCpuTask::mRefCount' (compiling source file ..\..\src\SampleDirManager.cpp)
C:\CatalystEngine\libs\PhysX\PxShared\include\task\PxTask.h(329,1): message : to simplify migration, consider the temporary use of /Wv:18 flag with the version of the compiler with which you used to build without warnings (compiling source file ..\..\src\SampleDirManager.cpp)
C:\CatalystEngine\libs\PhysX\PhysX_3.4\Samples\SampleFramework\renderer\include\RendererColor.h(59,27): warning C5219: implicit conversion from 'int' to 'float', possible loss of data (compiling source file ..\..\src\SampleLineDebugRender.cpp)
C:\CatalystEngine\libs\PhysX\PhysX_3.4\Samples\SampleFramework\renderer\include\RendererColor.h(59,27): message : to simplify migration, consider the temporary use of /Wv:18 flag with the version of the compiler with which you used to build without warnings (compiling source file ..\..\src\SampleLineDebugRender.cpp)
C:\CatalystEngine\libs\PhysX\PhysX_3.4\Samples\SampleFramework\renderer\include\RendererColor.h(60,27): warning C5219: implicit conversion from 'int' to 'float', possible loss of data (compiling source file ..\..\src\SampleLineDebugRender.cpp)
C:\CatalystEngine\libs\PhysX\PhysX_3.4\Samples\SampleFramework\renderer\include\RendererColor.h(60,27): message : to simplify migration, consider the temporary use of /Wv:18 flag with the version of the compiler with which you used to build without warnings (compiling source file ..\..\src\SampleLineDebugRender.cpp)
C:\CatalystEngine\libs\PhysX\PhysX_3.4\Samples\SampleFramework\renderer\include\RendererColor.h(61,27): warning C5219: implicit conversion from 'int' to 'float', possible loss of data (compiling source file ..\..\src\SampleLineDebugRender.cpp)
C:\CatalystEngine\libs\PhysX\PhysX_3.4\Samples\SampleFramework\renderer\include\RendererColor.h(61,27): message : to simplify migration, consider the temporary use of /Wv:18 flag with the version of the compiler with which you used to build without warnings (compiling source file ..\..\src\SampleLineDebugRender.cpp)
C:\CatalystEngine\libs\PhysX\PhysX_3.4\Samples\SampleFramework\renderer\include\RendererColor.h(62,27): warning C5219: implicit conversion from 'int' to 'float', possible loss of data (compiling source file ..\..\src\SampleLineDebugRender.cpp)
C:\CatalystEngine\libs\PhysX\PhysX_3.4\Samples\SampleFramework\renderer\include\RendererColor.h(62,27): message : to simplify migration, consider the temporary use of /Wv:18 flag with the version of the compiler with which you used to build without warnings (compiling source file ..\..\src\SampleLineDebugRender.cpp)
C:\CatalystEngine\libs\PhysX\PhysX_3.4\Samples\SampleFramework\renderer\include\RendererColor.h(59,27): warning C5219: implicit conversion from 'int' to 'float', possible loss of data (compiling source file ..\..\src\SampleMaterialAsset.cpp)
C:\CatalystEngine\libs\PhysX\PhysX_3.4\Samples\SampleFramework\renderer\include\RendererColor.h(59,27): message : to simplify migration, consider the temporary use of /Wv:18 flag with the version of the compiler with which you used to build without warnings (compiling source file ..\..\src\SampleMaterialAsset.cpp)
C:\CatalystEngine\libs\PhysX\PhysX_3.4\Samples\SampleFramework\renderer\include\RendererColor.h(60,27): warning C5219: implicit conversion from 'int' to 'float', possible loss of data (compiling source file ..\..\src\SampleMaterialAsset.cpp)
C:\CatalystEngine\libs\PhysX\PhysX_3.4\Samples\SampleFramework\renderer\include\RendererColor.h(60,27): message : to simplify migration, consider the temporary use of /Wv:18 flag with the version of the compiler with which you used to build without warnings (compiling source file ..\..\src\SampleMaterialAsset.cpp)
C:\CatalystEngine\libs\PhysX\PhysX_3.4\Samples\SampleFramework\renderer\include\RendererColor.h(61,27): warning C5219: implicit conversion from 'int' to 'float', possible loss of data (compiling source file ..\..\src\SampleMaterialAsset.cpp)
C:\CatalystEngine\libs\PhysX\PhysX_3.4\Samples\SampleFramework\renderer\include\RendererColor.h(61,27): message : to simplify migration, consider the temporary use of /Wv:18 flag with the version of the compiler with which you used to build without warnings (compiling source file ..\..\src\SampleMaterialAsset.cpp)
C:\CatalystEngine\libs\PhysX\PhysX_3.4\Samples\SampleFramework\renderer\include\RendererColor.h(62,27): warning C5219: implicit conversion from 'int' to 'float', possible loss of data (compiling source file ..\..\src\SampleMaterialAsset.cpp)
C:\CatalystEngine\libs\PhysX\PhysX_3.4\Samples\SampleFramework\renderer\include\RendererColor.h(62,27): message : to simplify migration, consider the temporary use of /Wv:18 flag with the version of the compiler with which you used to build without warnings (compiling source file ..\..\src\SampleMaterialAsset.cpp)
C:\CatalystEngine\libs\PhysX\PhysX_3.4\Samples\SampleFramework\renderer\include\RendererColor.h(59,27): warning C5219: implicit conversion from 'int' to 'float', possible loss of data (compiling source file ..\..\src\SampleApplication.cpp)
C:\CatalystEngine\libs\PhysX\PhysX_3.4\Samples\SampleFramework\renderer\include\RendererColor.h(59,27): message : to simplify migration, consider the temporary use of /Wv:18 flag with the version of the compiler with which you used to build without warnings (compiling source file ..\..\src\SampleApplication.cpp)
C:\CatalystEngine\libs\PhysX\PhysX_3.4\Samples\SampleFramework\renderer\include\RendererColor.h(60,27): warning C5219: implicit conversion from 'int' to 'float', possible loss of data (compiling source file ..\..\src\SampleApplication.cpp)
C:\CatalystEngine\libs\PhysX\PhysX_3.4\Samples\SampleFramework\renderer\include\RendererColor.h(60,27): message : to simplify migration, consider the temporary use of /Wv:18 flag with the version of the compiler with which you used to build without warnings (compiling source file ..\..\src\SampleApplication.cpp)
C:\CatalystEngine\libs\PhysX\PhysX_3.4\Samples\SampleFramework\renderer\include\RendererColor.h(61,27): warning C5219: implicit conversion from 'int' to 'float', possible loss of data (compiling source file ..\..\src\SampleApplication.cpp)
C:\CatalystEngine\libs\PhysX\PhysX_3.4\Samples\SampleFramework\renderer\include\RendererColor.h(61,27): message : to simplify migration, consider the temporary use of /Wv:18 flag with the version of the compiler with which you used to build without warnings (compiling source file ..\..\src\SampleApplication.cpp)
C:\CatalystEngine\libs\PhysX\PhysX_3.4\Samples\SampleFramework\renderer\include\RendererColor.h(62,27): warning C5219: implicit conversion from 'int' to 'float', possible loss of data (compiling source file ..\..\src\SampleApplication.cpp)
C:\CatalystEngine\libs\PhysX\PhysX_3.4\Samples\SampleFramework\renderer\include\RendererColor.h(62,27): message : to simplify migration, consider the temporary use of /Wv:18 flag with the version of the compiler with which you used to build without warnings (compiling source file ..\..\src\SampleApplication.cpp)
  SampleTextureAsset.cpp
C:\CatalystEngine\libs\PhysX\PhysX_3.4\Samples\SampleFramework\renderer\include\RendererColor.h(59,27): warning C5219: implicit conversion from 'int' to 'float', possible loss of data (compiling source file ..\..\src\SamplePointDebugRender.cpp)
C:\CatalystEngine\libs\PhysX\PhysX_3.4\Samples\SampleFramework\renderer\include\RendererColor.h(59,27): message : to simplify migration, consider the temporary use of /Wv:18 flag with the version of the compiler with which you used to build without warnings (compiling source file ..\..\src\SamplePointDebugRender.cpp)
C:\CatalystEngine\libs\PhysX\PhysX_3.4\Samples\SampleFramework\renderer\include\RendererColor.h(60,27): warning C5219: implicit conversion from 'int' to 'float', possible loss of data (compiling source file ..\..\src\SamplePointDebugRender.cpp)
C:\CatalystEngine\libs\PhysX\PhysX_3.4\Samples\SampleFramework\renderer\include\RendererColor.h(60,27): message : to simplify migration, consider the temporary use of /Wv:18 flag with the version of the compiler with which you used to build without warnings (compiling source file ..\..\src\SamplePointDebugRender.cpp)
C:\CatalystEngine\libs\PhysX\PhysX_3.4\Samples\SampleFramework\renderer\include\RendererColor.h(61,27): warning C5219: implicit conversion from 'int' to 'float', possible loss of data (compiling source file ..\..\src\SamplePointDebugRender.cpp)
C:\CatalystEngine\libs\PhysX\PhysX_3.4\Samples\SampleFramework\renderer\include\RendererColor.h(61,27): message : to simplify migration, consider the temporary use of /Wv:18 flag with the version of the compiler with which you used to build without warnings (compiling source file ..\..\src\SamplePointDebugRender.cpp)
C:\CatalystEngine\libs\PhysX\PhysX_3.4\Samples\SampleFramework\renderer\include\RendererColor.h(62,27): warning C5219: implicit conversion from 'int' to 'float', possible loss of data (compiling source file ..\..\src\SamplePointDebugRender.cpp)
C:\CatalystEngine\libs\PhysX\PhysX_3.4\Samples\SampleFramework\renderer\include\RendererColor.h(62,27): message : to simplify migration, consider the temporary use of /Wv:18 flag with the version of the compiler with which you used to build without warnings (compiling source file ..\..\src\SamplePointDebugRender.cpp)
C:\CatalystEngine\libs\PhysX\PhysX_3.4\Samples\SampleFramework\framework\src\SampleLineDebugRender.cpp(97,35): warning C5219: implicit conversion from 'physx::PxU32' to 'float', possible loss of data
C:\CatalystEngine\libs\PhysX\PhysX_3.4\Samples\SampleFramework\framework\src\SampleLineDebugRender.cpp(97,35): message : to simplify migration, consider the temporary use of /Wv:18 flag with the version of the compiler with which you used to build without warnings
C:\CatalystEngine\libs\PhysX\PhysX_3.4\Samples\SampleFramework\renderer\include\RendererColor.h(59,27): warning C5219: implicit conversion from 'int' to 'float', possible loss of data (compiling source file ..\..\src\SampleDirManager.cpp)
C:\CatalystEngine\libs\PhysX\PhysX_3.4\Samples\SampleFramework\renderer\include\RendererColor.h(59,27): message : to simplify migration, consider the temporary use of /Wv:18 flag with the version of the compiler with which you used to build without warnings (compiling source file ..\..\src\SampleDirManager.cpp)
C:\CatalystEngine\libs\PhysX\PhysX_3.4\Samples\SampleFramework\renderer\include\RendererColor.h(60,27): warning C5219: implicit conversion from 'int' to 'float', possible loss of data (compiling source file ..\..\src\SampleDirManager.cpp)
C:\CatalystEngine\libs\PhysX\PhysX_3.4\Samples\SampleFramework\renderer\include\RendererColor.h(60,27): message : to simplify migration, consider the temporary use of /Wv:18 flag with the version of the compiler with which you used to build without warnings (compiling source file ..\..\src\SampleDirManager.cpp)
C:\CatalystEngine\libs\PhysX\PhysX_3.4\Samples\SampleFramework\renderer\include\RendererColor.h(61,27): warning C5219: implicit conversion from 'int' to 'float', possible loss of data (compiling source file ..\..\src\SampleDirManager.cpp)
C:\CatalystEngine\libs\PhysX\PhysX_3.4\Samples\SampleFramework\renderer\include\RendererColor.h(61,27): message : to simplify migration, consider the temporary use of /Wv:18 flag with the version of the compiler with which you used to build without warnings (compiling source file ..\..\src\SampleDirManager.cpp)
C:\CatalystEngine\libs\PhysX\PhysX_3.4\Samples\SampleFramework\renderer\include\RendererColor.h(62,27): warning C5219: implicit conversion from 'int' to 'float', possible loss of data (compiling source file ..\..\src\SampleDirManager.cpp)
C:\CatalystEngine\libs\PhysX\PhysX_3.4\Samples\SampleFramework\renderer\include\RendererColor.h(62,27): message : to simplify migration, consider the temporary use of /Wv:18 flag with the version of the compiler with which you used to build without warnings (compiling source file ..\..\src\SampleDirManager.cpp)
  SampleTree.cpp
C:\CatalystEngine\libs\PhysX\PhysX_3.4\Samples\SampleFramework\framework\src\SamplePointDebugRender.cpp(94,35): warning C5219: implicit conversion from 'physx::PxU32' to 'float', possible loss of data
C:\CatalystEngine\libs\PhysX\PhysX_3.4\Samples\SampleFramework\framework\src\SamplePointDebugRender.cpp(94,35): message : to simplify migration, consider the temporary use of /Wv:18 flag with the version of the compiler with which you used to build without warnings
  SampleTriangleDebugRender.cpp
  targa.cpp
C:\CatalystEngine\libs\PhysX\PxShared\include\task\PxTask.h(329,1): error C2220: the following warning is treated as an error (compiling source file ..\..\src\SampleTextureAsset.cpp)
C:\CatalystEngine\libs\PhysX\PxShared\include\task\PxTask.h(329,1): warning C5220: 'physx::PxLightCpuTask::mRefCount': a non-static data member with a volatile qualified type no longer implies
           that compiler generated copy/move constructors and copy/move assignment operators are not trivial (compiling source file ..\..\src\SampleTextureAsset.cpp)
C:\CatalystEngine\libs\PhysX\PxShared\include\task\PxTask.h(326): message : see declaration of 'physx::PxLightCpuTask::mRefCount' (compiling source file ..\..\src\SampleTextureAsset.cpp)
C:\CatalystEngine\libs\PhysX\PxShared\include\task\PxTask.h(329,1): message : to simplify migration, consider the temporary use of /Wv:18 flag with the version of the compiler with which you used to build without warnings (compiling source file ..\..\src\SampleTextureAsset.cpp)
C:\CatalystEngine\libs\PhysX\PxShared\include\task\PxTask.h(329,1): error C2220: the following warning is treated as an error (compiling source file ..\..\src\SampleTriangleDebugRender.cpp)
C:\CatalystEngine\libs\PhysX\PxShared\include\task\PxTask.h(329,1): warning C5220: 'physx::PxLightCpuTask::mRefCount': a non-static data member with a volatile qualified type no longer implies
           that compiler generated copy/move constructors and copy/move assignment operators are not trivial (compiling source file ..\..\src\SampleTriangleDebugRender.cpp)
C:\CatalystEngine\libs\PhysX\PxShared\include\task\PxTask.h(326): message : see declaration of 'physx::PxLightCpuTask::mRefCount' (compiling source file ..\..\src\SampleTriangleDebugRender.cpp)
C:\CatalystEngine\libs\PhysX\PxShared\include\task\PxTask.h(329,1): message : to simplify migration, consider the temporary use of /Wv:18 flag with the version of the compiler with which you used to build without warnings (compiling source file ..\..\src\SampleTriangleDebugRender.cpp)
C:\CatalystEngine\libs\PhysX\PhysX_3.4\Samples\SampleFramework\renderer\include\RendererColor.h(59,27): warning C5219: implicit conversion from 'int' to 'float', possible loss of data (compiling source file ..\..\src\SampleTextureAsset.cpp)
C:\CatalystEngine\libs\PhysX\PhysX_3.4\Samples\SampleFramework\renderer\include\RendererColor.h(59,27): message : to simplify migration, consider the temporary use of /Wv:18 flag with the version of the compiler with which you used to build without warnings (compiling source file ..\..\src\SampleTextureAsset.cpp)
C:\CatalystEngine\libs\PhysX\PhysX_3.4\Samples\SampleFramework\renderer\include\RendererColor.h(60,27): warning C5219: implicit conversion from 'int' to 'float', possible loss of data (compiling source file ..\..\src\SampleTextureAsset.cpp)
C:\CatalystEngine\libs\PhysX\PhysX_3.4\Samples\SampleFramework\renderer\include\RendererColor.h(60,27): message : to simplify migration, consider the temporary use of /Wv:18 flag with the version of the compiler with which you used to build without warnings (compiling source file ..\..\src\SampleTextureAsset.cpp)
C:\CatalystEngine\libs\PhysX\PhysX_3.4\Samples\SampleFramework\renderer\include\RendererColor.h(61,27): warning C5219: implicit conversion from 'int' to 'float', possible loss of data (compiling source file ..\..\src\SampleTextureAsset.cpp)
C:\CatalystEngine\libs\PhysX\PhysX_3.4\Samples\SampleFramework\renderer\include\RendererColor.h(61,27): message : to simplify migration, consider the temporary use of /Wv:18 flag with the version of the compiler with which you used to build without warnings (compiling source file ..\..\src\SampleTextureAsset.cpp)
C:\CatalystEngine\libs\PhysX\PhysX_3.4\Samples\SampleFramework\renderer\include\RendererColor.h(62,27): warning C5219: implicit conversion from 'int' to 'float', possible loss of data (compiling source file ..\..\src\SampleTextureAsset.cpp)
C:\CatalystEngine\libs\PhysX\PhysX_3.4\Samples\SampleFramework\renderer\include\RendererColor.h(62,27): message : to simplify migration, consider the temporary use of /Wv:18 flag with the version of the compiler with which you used to build without warnings (compiling source file ..\..\src\SampleTextureAsset.cpp)
C:\CatalystEngine\libs\PhysX\PhysX_3.4\Samples\SampleFramework\renderer\include\RendererColor.h(59,27): warning C5219: implicit conversion from 'int' to 'float', possible loss of data (compiling source file ..\..\src\SampleTriangleDebugRender.cpp)
C:\CatalystEngine\libs\PhysX\PhysX_3.4\Samples\SampleFramework\renderer\include\RendererColor.h(59,27): message : to simplify migration, consider the temporary use of /Wv:18 flag with the version of the compiler with which you used to build without warnings (compiling source file ..\..\src\SampleTriangleDebugRender.cpp)
C:\CatalystEngine\libs\PhysX\PhysX_3.4\Samples\SampleFramework\renderer\include\RendererColor.h(60,27): warning C5219: implicit conversion from 'int' to 'float', possible loss of data (compiling source file ..\..\src\SampleTriangleDebugRender.cpp)
C:\CatalystEngine\libs\PhysX\PhysX_3.4\Samples\SampleFramework\renderer\include\RendererColor.h(60,27): message : to simplify migration, consider the temporary use of /Wv:18 flag with the version of the compiler with which you used to build without warnings (compiling source file ..\..\src\SampleTriangleDebugRender.cpp)
C:\CatalystEngine\libs\PhysX\PhysX_3.4\Samples\SampleFramework\renderer\include\RendererColor.h(61,27): warning C5219: implicit conversion from 'int' to 'float', possible loss of data (compiling source file ..\..\src\SampleTriangleDebugRender.cpp)
C:\CatalystEngine\libs\PhysX\PhysX_3.4\Samples\SampleFramework\renderer\include\RendererColor.h(61,27): message : to simplify migration, consider the temporary use of /Wv:18 flag with the version of the compiler with which you used to build without warnings (compiling source file ..\..\src\SampleTriangleDebugRender.cpp)
C:\CatalystEngine\libs\PhysX\PhysX_3.4\Samples\SampleFramework\renderer\include\RendererColor.h(62,27): warning C5219: implicit conversion from 'int' to 'float', possible loss of data (compiling source file ..\..\src\SampleTriangleDebugRender.cpp)
C:\CatalystEngine\libs\PhysX\PhysX_3.4\Samples\SampleFramework\renderer\include\RendererColor.h(62,27): message : to simplify migration, consider the temporary use of /Wv:18 flag with the version of the compiler with which you used to build without warnings (compiling source file ..\..\src\SampleTriangleDebugRender.cpp)
C:\CatalystEngine\libs\PhysX\PhysX_3.4\Samples\SampleFramework\framework\src\SampleTriangleDebugRender.cpp(108,35): warning C5219: implicit conversion from 'physx::PxU32' to 'float', possible loss of data
C:\CatalystEngine\libs\PhysX\PhysX_3.4\Samples\SampleFramework\framework\src\SampleTriangleDebugRender.cpp(108,35): message : to simplify migration, consider the temporary use of /Wv:18 flag with the version of the compiler with which you used to build without warnings
