c:\catalystengine\libs\physx\pxshared\src\compiler\vc15win64\x64\pxpvdsdk\debug\pxpvd.obj
c:\catalystengine\libs\physx\pxshared\src\compiler\vc15win64\x64\pxpvdsdk\debug\pxpvdprofilezoneclient.obj
c:\catalystengine\libs\physx\pxshared\src\compiler\vc15win64\x64\pxpvdsdk\debug\pxwindowspvddelayloadhook.obj
c:\catalystengine\libs\physx\pxshared\src\compiler\vc15win64\x64\pxpvdsdk\debug\pxpvddatastream.obj
c:\catalystengine\libs\physx\pxshared\src\compiler\vc15win64\x64\pxpvdsdk\debug\pxpvdobjectmodelmetadata.obj
c:\catalystengine\libs\physx\pxshared\src\compiler\vc15win64\x64\pxpvdsdk\debug\pxprofileeventimpl.obj
c:\catalystengine\libs\physx\pxshared\src\compiler\vc15win64\x64\pxpvdsdk\debug\pxpvduserrenderer.obj
c:\catalystengine\libs\physx\pxshared\src\compiler\vc15win64\x64\pxpvdsdk\debug\pxpvddefaultsockettransport.obj
c:\catalystengine\libs\physx\pxshared\src\compiler\vc15win64\x64\pxpvdsdk\debug\pxpvddefaultfiletransport.obj
c:\catalystengine\libs\physx\pxshared\src\compiler\vc15win64\x64\pxpvdsdk\debug\pxpvdmemclient.obj
c:\catalystengine\libs\physx\pxshared\src\compiler\vc15win64\x64\pxpvdsdk\debug\pxpvdobjectregistrar.obj
c:\catalystengine\libs\physx\pxshared\src\compiler\vc15win64\x64\pxpvdsdk\debug\pxpvdimpl.obj
c:\catalystengine\libs\physx\pxshared\bin\vc15win64\pxpvdsdkdebug_x64.pdb
c:\catalystengine\libs\physx\pxshared\bin\vc15win64\pxpvdsdkdebug_x64.ilk
c:\catalystengine\libs\physx\pxshared\bin\vc15win64\pxpvdsdkdebug_x64.dll
c:\catalystengine\libs\physx\pxshared\lib\vc15win64\pxpvdsdkdebug_x64.lib
c:\catalystengine\libs\physx\pxshared\lib\vc15win64\pxpvdsdkdebug_x64.exp
c:\catalystengine\libs\physx\pxshared\bin\vc15win64\physxfoundation_64.dll
c:\catalystengine\libs\physx\pxshared\src\compiler\vc15win64\x64\pxpvdsdk\debug\pxpvdsdk.res
c:\catalystengine\libs\physx\pxshared\src\compiler\vc15win64\x64\pxpvdsdk\debug\pxpvdsdk.tlog\cl.15112.write.1.tlog
c:\catalystengine\libs\physx\pxshared\src\compiler\vc15win64\x64\pxpvdsdk\debug\pxpvdsdk.tlog\cl.command.1.tlog
c:\catalystengine\libs\physx\pxshared\src\compiler\vc15win64\x64\pxpvdsdk\debug\pxpvdsdk.tlog\cl.read.1.tlog
c:\catalystengine\libs\physx\pxshared\src\compiler\vc15win64\x64\pxpvdsdk\debug\pxpvdsdk.tlog\link.command.1.tlog
c:\catalystengine\libs\physx\pxshared\src\compiler\vc15win64\x64\pxpvdsdk\debug\pxpvdsdk.tlog\link.read.1.tlog
c:\catalystengine\libs\physx\pxshared\src\compiler\vc15win64\x64\pxpvdsdk\debug\pxpvdsdk.tlog\link.write.1.tlog
c:\catalystengine\libs\physx\pxshared\src\compiler\vc15win64\x64\pxpvdsdk\debug\pxpvdsdk.tlog\pxpvdsdk.write.1u.tlog
c:\catalystengine\libs\physx\pxshared\src\compiler\vc15win64\x64\pxpvdsdk\debug\pxpvdsdk.tlog\rc.command.1.tlog
c:\catalystengine\libs\physx\pxshared\src\compiler\vc15win64\x64\pxpvdsdk\debug\pxpvdsdk.tlog\rc.read.1.tlog
c:\catalystengine\libs\physx\pxshared\src\compiler\vc15win64\x64\pxpvdsdk\debug\pxpvdsdk.tlog\rc.write.1.tlog
