c:\catalystengine\libs\physx\physx_3.4\source\compiler\vc15win64\x64\lowlevel\debug\pxsislandsim.obj
c:\catalystengine\libs\physx\physx_3.4\source\compiler\vc15win64\x64\lowlevel\debug\pxccontact.obj
c:\catalystengine\libs\physx\physx_3.4\source\compiler\vc15win64\x64\lowlevel\debug\pxcnpbatch.obj
c:\catalystengine\libs\physx\physx_3.4\source\compiler\vc15win64\x64\lowlevel\debug\pxsdefaultmemorymanager.obj
c:\catalystengine\libs\physx\physx_3.4\source\compiler\vc15win64\x64\lowlevel\debug\pxssimpleislandmanager.obj
c:\catalystengine\libs\physx\physx_3.4\source\compiler\vc15win64\x64\lowlevel\debug\px_globals.obj
c:\catalystengine\libs\physx\physx_3.4\source\compiler\vc15win64\x64\lowlevel\debug\pxccontactmethodimpl.obj
c:\catalystengine\libs\physx\physx_3.4\source\compiler\vc15win64\x64\lowlevel\debug\pxcnpcachestreampair.obj
c:\catalystengine\libs\physx\physx_3.4\source\compiler\vc15win64\x64\lowlevel\debug\pxsccd.obj
c:\catalystengine\libs\physx\physx_3.4\source\compiler\vc15win64\x64\lowlevel\debug\pxcmaterialmesh.obj
c:\catalystengine\libs\physx\physx_3.4\source\compiler\vc15win64\x64\lowlevel\debug\pxcnpthreadcontext.obj
c:\catalystengine\libs\physx\physx_3.4\source\compiler\vc15win64\x64\lowlevel\debug\pxsnphaseimplementationcontext.obj
c:\catalystengine\libs\physx\physx_3.4\source\compiler\vc15win64\x64\lowlevel\debug\pxcmaterialshape.obj
c:\catalystengine\libs\physx\physx_3.4\source\compiler\vc15win64\x64\lowlevel\debug\pxcnpmemblockpool.obj
c:\catalystengine\libs\physx\physx_3.4\source\compiler\vc15win64\x64\lowlevel\debug\pxscontext.obj
c:\catalystengine\libs\physx\physx_3.4\source\compiler\vc15win64\x64\lowlevel\debug\pxcmaterialmethodimpl.obj
c:\catalystengine\libs\physx\physx_3.4\source\compiler\vc15win64\x64\lowlevel\debug\pxcnpcontactprepshared.obj
c:\catalystengine\libs\physx\physx_3.4\source\compiler\vc15win64\x64\lowlevel\debug\pxsmaterialcombiner.obj
c:\catalystengine\libs\physx\physx_3.4\source\compiler\vc15win64\x64\lowlevel\debug\pxcmaterialheightfield.obj
c:\catalystengine\libs\physx\physx_3.4\source\compiler\vc15win64\x64\lowlevel\debug\pxscontactmanager.obj
c:\catalystengine\libs\physx\physx_3.4\source\compiler\vc15win64\x64\lowlevel\debug\pxccontactcache.obj
c:\catalystengine\libs\physx\physx_3.4\lib\vc15win64\lowleveldebug.pdb
c:\catalystengine\libs\physx\physx_3.4\lib\vc15win64\lowleveldebug.lib
c:\catalystengine\libs\physx\physx_3.4\source\compiler\vc15win64\x64\lowlevel\debug\lowlevel.tlog\cl.14112.write.1.tlog
c:\catalystengine\libs\physx\physx_3.4\source\compiler\vc15win64\x64\lowlevel\debug\lowlevel.tlog\cl.command.1.tlog
c:\catalystengine\libs\physx\physx_3.4\source\compiler\vc15win64\x64\lowlevel\debug\lowlevel.tlog\cl.read.1.tlog
c:\catalystengine\libs\physx\physx_3.4\source\compiler\vc15win64\x64\lowlevel\debug\lowlevel.tlog\lib-link.read.1.tlog
c:\catalystengine\libs\physx\physx_3.4\source\compiler\vc15win64\x64\lowlevel\debug\lowlevel.tlog\lib-link.write.1.tlog
c:\catalystengine\libs\physx\physx_3.4\source\compiler\vc15win64\x64\lowlevel\debug\lowlevel.tlog\lib.command.1.tlog
