  Vcpkg is unable to link because we cannot decide between Release and Debug libraries. Please define the property VcpkgConfiguration to be 'Release' or 'Debug' (currently 'debug').
cl : command line warning D9025: overriding '/fp:precise' with '/fp:fast'
cl : command line warning D9002: ignoring unknown option '-/WX'
cl : command line warning D9025: overriding '/fp:precise' with '/fp:fast'
cl : command line warning D9002: ignoring unknown option '-/WX'
  ApexCSG.cpp
cl : command line warning D9025: overriding '/fp:precise' with '/fp:fast'
cl : command line warning D9025: overriding '/fp:precise' with '/fp:fast'
cl : command line warning D9025: overriding '/fp:precise' with '/fp:fast'
cl : command line warning D9025: overriding '/fp:precise' with '/fp:fast'
cl : command line warning D9002: ignoring unknown option '-/WX'
cl : command line warning D9002: ignoring unknown option '-/WX'
cl : command line warning D9002: ignoring unknown option '-/WX'
  ApexCSGHull.cpp
  ApexCSGMeshCleaning.cpp
  Cutout.cpp
cl : command line warning D9002: ignoring unknown option '-/WX'
  Fracturing.cpp
cl : command line warning D9025: overriding '/fp:precise' with '/fp:fast'
cl : command line warning D9002: ignoring unknown option '-/WX'
  PvdNxParamSerializer.cpp
cl : command line warning D9025: overriding '/fp:precise' with '/fp:fast'
cl : command line warning D9002: ignoring unknown option '-/WX'
  FloatMath.cpp
cl : command line warning D9025: overriding '/fp:precise' with '/fp:fast'
cl : command line warning D9002: ignoring unknown option '-/WX'
  AutoGeometry.cpp
C:\CatalystEngine\libs\PhysX\APEX_1.4\include\IProgressListener.h(53,1): warning C5204: 'nvidia::apex::IProgressListener': class has virtual functions, but its trivial destructor is not virtual; instances of objects derived from this class may not be destructed correctly (compiling source file ..\..\shared\internal\src\authoring\ApexCSGMeshCleaning.cpp)
C:\CatalystEngine\libs\PhysX\APEX_1.4\include\IProgressListener.h(53,1): warning C5204: 'nvidia::apex::IProgressListener': class has virtual functions, but its trivial destructor is not virtual; instances of objects derived from this class may not be destructed correctly (compiling source file ..\..\shared\internal\src\authoring\ApexCSG.cpp)
  ConvexDecomposition.cpp
C:\CatalystEngine\libs\PhysX\APEX_1.4\include\RWLockable.h(82,1): warning C5204: 'nvidia::apex::RWLockable': class has virtual functions, but its trivial destructor is not virtual; instances of objects derived from this class may not be destructed correctly (compiling source file ..\..\shared\internal\src\authoring\ApexCSGMeshCleaning.cpp)
C:\CatalystEngine\libs\PhysX\APEX_1.4\include\ApexInterface.h(73,1): warning C5204: 'nvidia::apex::ApexInterface': class has virtual functions, but its trivial destructor is not virtual; instances of objects derived from this class may not be destructed correctly (compiling source file ..\..\shared\internal\src\authoring\ApexCSGMeshCleaning.cpp)
C:\CatalystEngine\libs\PhysX\APEX_1.4\include\RWLockable.h(82,1): warning C5204: 'nvidia::apex::RWLockable': class has virtual functions, but its trivial destructor is not virtual; instances of objects derived from this class may not be destructed correctly (compiling source file ..\..\shared\internal\src\authoring\ApexCSG.cpp)
C:\CatalystEngine\libs\PhysX\APEX_1.4\include\ApexInterface.h(73,1): warning C5204: 'nvidia::apex::ApexInterface': class has virtual functions, but its trivial destructor is not virtual; instances of objects derived from this class may not be destructed correctly (compiling source file ..\..\shared\internal\src\authoring\ApexCSG.cpp)
C:\CatalystEngine\libs\PhysX\APEX_1.4\include\RWLockable.h(82,1): warning C5204: 'nvidia::apex::RWLockable': class has virtual functions, but its trivial destructor is not virtual; instances of objects derived from this class may not be destructed correctly (compiling source file ..\..\shared\internal\src\authoring\Cutout.cpp)
C:\CatalystEngine\libs\PhysX\APEX_1.4\include\ApexInterface.h(73,1): warning C5204: 'nvidia::apex::ApexInterface': class has virtual functions, but its trivial destructor is not virtual; instances of objects derived from this class may not be destructed correctly (compiling source file ..\..\shared\internal\src\authoring\Cutout.cpp)
C:\CatalystEngine\libs\PhysX\APEX_1.4\shared\general\HACD\public\PlatformConfigHACD.h(205,1): warning C5204: 'hacd::ICallback': class has virtual functions, but its trivial destructor is not virtual; instances of objects derived from this class may not be destructed correctly (compiling source file ..\..\shared\general\HACD\src\AutoGeometry.cpp)
C:\CatalystEngine\libs\PhysX\APEX_1.4\shared\general\HACD\include\AutoGeometry.h(133,2): warning C5204: 'HACD::AutoGeometry': class has virtual functions, but its trivial destructor is not virtual; instances of objects derived from this class may not be destructed correctly (compiling source file ..\..\shared\general\HACD\src\AutoGeometry.cpp)
C:\CatalystEngine\libs\PhysX\APEX_1.4\include\RWLockable.h(82,1): warning C5204: 'nvidia::apex::RWLockable': class has virtual functions, but its trivial destructor is not virtual; instances of objects derived from this class may not be destructed correctly (compiling source file ..\..\shared\internal\src\authoring\Fracturing.cpp)
C:\CatalystEngine\libs\PhysX\APEX_1.4\include\ApexInterface.h(73,1): warning C5204: 'nvidia::apex::ApexInterface': class has virtual functions, but its trivial destructor is not virtual; instances of objects derived from this class may not be destructed correctly (compiling source file ..\..\shared\internal\src\authoring\Fracturing.cpp)
C:\CatalystEngine\libs\PhysX\APEX_1.4\include\IProgressListener.h(53,1): warning C5204: 'nvidia::apex::IProgressListener': class has virtual functions, but its trivial destructor is not virtual; instances of objects derived from this class may not be destructed correctly (compiling source file ..\..\shared\internal\src\authoring\ApexCSGHull.cpp)
C:\CatalystEngine\libs\PhysX\APEX_1.4\shared\general\HACD\public\ConvexHull.h(121,1): warning C5204: 'HACD::ConvexHullTriangleInterface': class has virtual functions, but its trivial destructor is not virtual; instances of objects derived from this class may not be destructed correctly (compiling source file ..\..\shared\general\HACD\src\AutoGeometry.cpp)
C:\CatalystEngine\libs\PhysX\APEX_1.4\shared\general\floatmath\include\FloatMath.h(437,1): warning C5204: 'nvidia::general_floatmath2::fm_VertexIndex': class has virtual functions, but its trivial destructor is not virtual; instances of objects derived from this class may not be destructed correctly (compiling source file ..\..\shared\general\floatmath\src\FloatMath.cpp)
C:\CatalystEngine\libs\PhysX\APEX_1.4\shared\general\floatmath\include\FloatMath.h(501,1): warning C5204: 'nvidia::general_floatmath2::fm_Triangulate': class has virtual functions, but its trivial destructor is not virtual; instances of objects derived from this class may not be destructed correctly (compiling source file ..\..\shared\general\floatmath\src\FloatMath.cpp)
C:\CatalystEngine\libs\PhysX\APEX_1.4\shared\general\floatmath\include\FloatMath.h(562,1): warning C5204: 'nvidia::general_floatmath2::fm_Tesselate': class has virtual functions, but its trivial destructor is not virtual; instances of objects derived from this class may not be destructed correctly (compiling source file ..\..\shared\general\floatmath\src\FloatMath.cpp)
C:\CatalystEngine\libs\PhysX\APEX_1.4\shared\general\floatmath\src\FloatMath.inl(164,47): warning C5219: implicit conversion from 'int32_t' to 'float', possible loss of data (compiling source file ..\..\shared\general\floatmath\src\FloatMath.cpp)
C:\CatalystEngine\libs\PhysX\APEX_1.4\include\Shape.h(112,1): warning C5204: 'nvidia::apex::Shape': class has virtual functions, but its trivial destructor is not virtual; instances of objects derived from this class may not be destructed correctly (compiling source file ..\..\shared\internal\src\authoring\Cutout.cpp)
C:\CatalystEngine\libs\PhysX\APEX_1.4\include\Shape.h(112,1): warning C5204: 'nvidia::apex::Shape': class has virtual functions, but its trivial destructor is not virtual; instances of objects derived from this class may not be destructed correctly (compiling source file ..\..\shared\internal\src\authoring\ApexCSGMeshCleaning.cpp)
C:\CatalystEngine\libs\PhysX\APEX_1.4\include\Shape.h(124,1): warning C5204: 'nvidia::apex::SphereShape': class has virtual functions, but its trivial destructor is not virtual; instances of objects derived from this class may not be destructed correctly (compiling source file ..\..\shared\internal\src\authoring\Cutout.cpp)
C:\CatalystEngine\libs\PhysX\APEX_1.4\include\Shape.h(136,1): warning C5204: 'nvidia::apex::CapsuleShape': class has virtual functions, but its trivial destructor is not virtual; instances of objects derived from this class may not be destructed correctly (compiling source file ..\..\shared\internal\src\authoring\Cutout.cpp)
C:\CatalystEngine\libs\PhysX\APEX_1.4\include\Shape.h(149,1): warning C5204: 'nvidia::apex::BoxShape': class has virtual functions, but its trivial destructor is not virtual; instances of objects derived from this class may not be destructed correctly (compiling source file ..\..\shared\internal\src\authoring\Cutout.cpp)
C:\CatalystEngine\libs\PhysX\APEX_1.4\include\Shape.h(166,1): warning C5204: 'nvidia::apex::HalfSpaceShape': class has virtual functions, but its trivial destructor is not virtual; instances of objects derived from this class may not be destructed correctly (compiling source file ..\..\shared\internal\src\authoring\Cutout.cpp)
C:\CatalystEngine\libs\PhysX\APEX_1.4\include\RWLockable.h(82,1): warning C5204: 'nvidia::apex::RWLockable': class has virtual functions, but its trivial destructor is not virtual; instances of objects derived from this class may not be destructed correctly (compiling source file ..\..\shared\internal\src\authoring\ApexCSGHull.cpp)
C:\CatalystEngine\libs\PhysX\APEX_1.4\include\ApexInterface.h(73,1): warning C5204: 'nvidia::apex::ApexInterface': class has virtual functions, but its trivial destructor is not virtual; instances of objects derived from this class may not be destructed correctly (compiling source file ..\..\shared\internal\src\authoring\ApexCSGHull.cpp)
C:\CatalystEngine\libs\PhysX\APEX_1.4\shared\general\floatmath\src\FloatMath.inl(2295,1): warning C5204: 'nvidia::general_floatmath2::VERTEX_INDEX::KdTreeInterface': class has virtual functions, but its trivial destructor is not virtual; instances of objects derived from this class may not be destructed correctly (compiling source file ..\..\shared\general\floatmath\src\FloatMath.cpp)
C:\CatalystEngine\libs\PhysX\APEX_1.4\include\Shape.h(112,1): warning C5204: 'nvidia::apex::Shape': class has virtual functions, but its trivial destructor is not virtual; instances of objects derived from this class may not be destructed correctly (compiling source file ..\..\shared\internal\src\authoring\ApexCSG.cpp)
C:\CatalystEngine\libs\PhysX\APEX_1.4\include\Shape.h(124,1): warning C5204: 'nvidia::apex::SphereShape': class has virtual functions, but its trivial destructor is not virtual; instances of objects derived from this class may not be destructed correctly (compiling source file ..\..\shared\internal\src\authoring\ApexCSG.cpp)
C:\CatalystEngine\libs\PhysX\APEX_1.4\include\Shape.h(136,1): warning C5204: 'nvidia::apex::CapsuleShape': class has virtual functions, but its trivial destructor is not virtual; instances of objects derived from this class may not be destructed correctly (compiling source file ..\..\shared\internal\src\authoring\ApexCSG.cpp)
C:\CatalystEngine\libs\PhysX\APEX_1.4\include\Shape.h(149,1): warning C5204: 'nvidia::apex::BoxShape': class has virtual functions, but its trivial destructor is not virtual; instances of objects derived from this class may not be destructed correctly (compiling source file ..\..\shared\internal\src\authoring\ApexCSG.cpp)
C:\CatalystEngine\libs\PhysX\APEX_1.4\include\Shape.h(166,1): warning C5204: 'nvidia::apex::HalfSpaceShape': class has virtual functions, but its trivial destructor is not virtual; instances of objects derived from this class may not be destructed correctly (compiling source file ..\..\shared\internal\src\authoring\ApexCSG.cpp)
C:\CatalystEngine\libs\PhysX\APEX_1.4\include\RenderDataProvider.h(87,1): warning C5204: 'nvidia::apex::RenderDataProvider': class has virtual functions, but its trivial destructor is not virtual; instances of objects derived from this class may not be destructed correctly (compiling source file ..\..\shared\internal\src\authoring\ApexCSG.cpp)
C:\CatalystEngine\libs\PhysX\APEX_1.4\include\Renderable.h(67,1): warning C5204: 'nvidia::apex::Renderable': class has virtual functions, but its trivial destructor is not virtual; instances of objects derived from this class may not be destructed correctly (compiling source file ..\..\shared\internal\src\authoring\ApexCSG.cpp)
C:\CatalystEngine\libs\PhysX\APEX_1.4\include\Context.h(109,1): warning C5204: 'nvidia::apex::RenderableIterator': class has virtual functions, but its trivial destructor is not virtual; instances of objects derived from this class may not be destructed correctly (compiling source file ..\..\shared\internal\src\authoring\ApexCSG.cpp)
C:\CatalystEngine\libs\PhysX\APEX_1.4\include\AssetPreviewScene.h(97,1): warning C5204: 'nvidia::apex::AssetPreviewScene': class has virtual functions, but its trivial destructor is not virtual; instances of objects derived from this class may not be destructed correctly (compiling source file ..\..\shared\internal\src\authoring\ApexCSG.cpp)
C:\CatalystEngine\libs\PhysX\APEX_1.4\include\Asset.h(175,1): warning C5204: 'nvidia::apex::AssetAuthoring': class has virtual functions, but its trivial destructor is not virtual; instances of objects derived from this class may not be destructed correctly (compiling source file ..\..\shared\internal\src\authoring\ApexCSG.cpp)
C:\CatalystEngine\libs\PhysX\APEX_1.4\include\RenderMesh.h(103,1): warning C5204: 'nvidia::apex::VertexBuffer': class has virtual functions, but its trivial destructor is not virtual; instances of objects derived from this class may not be destructed correctly (compiling source file ..\..\shared\internal\src\authoring\ApexCSG.cpp)
C:\CatalystEngine\libs\PhysX\APEX_1.4\include\RenderMeshAsset.h(460,1): warning C5204: 'nvidia::apex::RenderMeshAssetAuthoring': class has virtual functions, but its trivial destructor is not virtual; instances of objects derived from this class may not be destructed correctly (compiling source file ..\..\shared\internal\src\authoring\ApexCSG.cpp)
C:\CatalystEngine\libs\PhysX\APEX_1.4\include\Module.h(177,1): warning C5204: 'nvidia::apex::Module': class has virtual functions, but its trivial destructor is not virtual; instances of objects derived from this class may not be destructed correctly (compiling source file ..\..\shared\internal\src\authoring\ApexCSG.cpp)
C:\CatalystEngine\libs\PhysX\APEX_1.4\include\Shape.h(124,1): warning C5204: 'nvidia::apex::SphereShape': class has virtual functions, but its trivial destructor is not virtual; instances of objects derived from this class may not be destructed correctly (compiling source file ..\..\shared\internal\src\authoring\ApexCSGMeshCleaning.cpp)
C:\CatalystEngine\libs\PhysX\APEX_1.4\include\Shape.h(136,1): warning C5204: 'nvidia::apex::CapsuleShape': class has virtual functions, but its trivial destructor is not virtual; instances of objects derived from this class may not be destructed correctly (compiling source file ..\..\shared\internal\src\authoring\ApexCSGMeshCleaning.cpp)
C:\CatalystEngine\libs\PhysX\APEX_1.4\include\Shape.h(149,1): warning C5204: 'nvidia::apex::BoxShape': class has virtual functions, but its trivial destructor is not virtual; instances of objects derived from this class may not be destructed correctly (compiling source file ..\..\shared\internal\src\authoring\ApexCSGMeshCleaning.cpp)
C:\CatalystEngine\libs\PhysX\APEX_1.4\include\Shape.h(166,1): warning C5204: 'nvidia::apex::HalfSpaceShape': class has virtual functions, but its trivial destructor is not virtual; instances of objects derived from this class may not be destructed correctly (compiling source file ..\..\shared\internal\src\authoring\ApexCSGMeshCleaning.cpp)
C:\CatalystEngine\libs\PhysX\APEX_1.4\include\RenderDataProvider.h(87,1): warning C5204: 'nvidia::apex::RenderDataProvider': class has virtual functions, but its trivial destructor is not virtual; instances of objects derived from this class may not be destructed correctly (compiling source file ..\..\shared\internal\src\authoring\ApexCSGMeshCleaning.cpp)
C:\CatalystEngine\libs\PhysX\APEX_1.4\include\Renderable.h(67,1): warning C5204: 'nvidia::apex::Renderable': class has virtual functions, but its trivial destructor is not virtual; instances of objects derived from this class may not be destructed correctly (compiling source file ..\..\shared\internal\src\authoring\ApexCSGMeshCleaning.cpp)
C:\CatalystEngine\libs\PhysX\APEX_1.4\include\Context.h(109,1): warning C5204: 'nvidia::apex::RenderableIterator': class has virtual functions, but its trivial destructor is not virtual; instances of objects derived from this class may not be destructed correctly (compiling source file ..\..\shared\internal\src\authoring\ApexCSGMeshCleaning.cpp)
C:\CatalystEngine\libs\PhysX\APEX_1.4\include\AssetPreviewScene.h(97,1): warning C5204: 'nvidia::apex::AssetPreviewScene': class has virtual functions, but its trivial destructor is not virtual; instances of objects derived from this class may not be destructed correctly (compiling source file ..\..\shared\internal\src\authoring\ApexCSGMeshCleaning.cpp)
C:\CatalystEngine\libs\PhysX\APEX_1.4\include\Asset.h(175,1): warning C5204: 'nvidia::apex::AssetAuthoring': class has virtual functions, but its trivial destructor is not virtual; instances of objects derived from this class may not be destructed correctly (compiling source file ..\..\shared\internal\src\authoring\ApexCSGMeshCleaning.cpp)
C:\CatalystEngine\libs\PhysX\APEX_1.4\include\RenderMesh.h(103,1): warning C5204: 'nvidia::apex::VertexBuffer': class has virtual functions, but its trivial destructor is not virtual; instances of objects derived from this class may not be destructed correctly (compiling source file ..\..\shared\internal\src\authoring\ApexCSGMeshCleaning.cpp)
C:\CatalystEngine\libs\PhysX\APEX_1.4\include\RenderMeshAsset.h(460,1): warning C5204: 'nvidia::apex::RenderMeshAssetAuthoring': class has virtual functions, but its trivial destructor is not virtual; instances of objects derived from this class may not be destructed correctly (compiling source file ..\..\shared\internal\src\authoring\ApexCSGMeshCleaning.cpp)
C:\CatalystEngine\libs\PhysX\APEX_1.4\include\Actor.h(245,1): warning C5204: 'nvidia::apex::ActorSource': class has virtual functions, but its trivial destructor is not virtual; instances of objects derived from this class may not be destructed correctly (compiling source file ..\..\shared\internal\src\authoring\Cutout.cpp)
C:\CatalystEngine\libs\PhysX\APEX_1.4\include\Context.h(109,1): warning C5204: 'nvidia::apex::RenderableIterator': class has virtual functions, but its trivial destructor is not virtual; instances of objects derived from this class may not be destructed correctly (compiling source file ..\..\shared\internal\src\authoring\Cutout.cpp)
C:\CatalystEngine\libs\PhysX\APEX_1.4\include\PhysXObjectDesc.h(108,1): warning C5204: 'nvidia::apex::PhysXObjectDesc': class has virtual functions, but its trivial destructor is not virtual; instances of objects derived from this class may not be destructed correctly (compiling source file ..\..\shared\internal\src\authoring\Cutout.cpp)
C:\CatalystEngine\libs\PhysX\APEX_1.4\include\RenderDataProvider.h(87,1): warning C5204: 'nvidia::apex::RenderDataProvider': class has virtual functions, but its trivial destructor is not virtual; instances of objects derived from this class may not be destructed correctly (compiling source file ..\..\shared\internal\src\authoring\Cutout.cpp)
C:\CatalystEngine\libs\PhysX\APEX_1.4\include\Renderable.h(67,1): warning C5204: 'nvidia::apex::Renderable': class has virtual functions, but its trivial destructor is not virtual; instances of objects derived from this class may not be destructed correctly (compiling source file ..\..\shared\internal\src\authoring\Cutout.cpp)
C:\CatalystEngine\libs\PhysX\APEX_1.4\include\AssetPreview.h(72,1): warning C5204: 'nvidia::apex::AssetPreview': class has virtual functions, but its trivial destructor is not virtual; instances of objects derived from this class may not be destructed correctly (compiling source file ..\..\shared\internal\src\authoring\Cutout.cpp)
C:\CatalystEngine\libs\PhysX\APEX_1.4\include\AssetPreviewScene.h(97,1): warning C5204: 'nvidia::apex::AssetPreviewScene': class has virtual functions, but its trivial destructor is not virtual; instances of objects derived from this class may not be destructed correctly (compiling source file ..\..\shared\internal\src\authoring\Cutout.cpp)
C:\CatalystEngine\libs\PhysX\APEX_1.4\include\Asset.h(175,1): warning C5204: 'nvidia::apex::AssetAuthoring': class has virtual functions, but its trivial destructor is not virtual; instances of objects derived from this class may not be destructed correctly (compiling source file ..\..\shared\internal\src\authoring\Cutout.cpp)
C:\CatalystEngine\libs\PhysX\APEX_1.4\include\Module.h(177,1): warning C5204: 'nvidia::apex::Module': class has virtual functions, but its trivial destructor is not virtual; instances of objects derived from this class may not be destructed correctly (compiling source file ..\..\shared\internal\src\authoring\ApexCSGMeshCleaning.cpp)
C:\CatalystEngine\libs\PhysX\APEX_1.4\include\Actor.h(245,1): warning C5204: 'nvidia::apex::ActorSource': class has virtual functions, but its trivial destructor is not virtual; instances of objects derived from this class may not be destructed correctly (compiling source file ..\..\shared\internal\src\authoring\ApexCSG.cpp)
C:\CatalystEngine\libs\PhysX\APEX_1.4\include\PhysXObjectDesc.h(108,1): warning C5204: 'nvidia::apex::PhysXObjectDesc': class has virtual functions, but its trivial destructor is not virtual; instances of objects derived from this class may not be destructed correctly (compiling source file ..\..\shared\internal\src\authoring\ApexCSG.cpp)
C:\CatalystEngine\libs\PhysX\APEX_1.4\include\AssetPreview.h(72,1): warning C5204: 'nvidia::apex::AssetPreview': class has virtual functions, but its trivial destructor is not virtual; instances of objects derived from this class may not be destructed correctly (compiling source file ..\..\shared\internal\src\authoring\ApexCSG.cpp)
C:\CatalystEngine\libs\PhysX\APEX_1.4\include\MirrorScene.h(88,4): warning C5204: 'nvidia::apex::MirrorScene::MirrorFilter': class has virtual functions, but its trivial destructor is not virtual; instances of objects derived from this class may not be destructed correctly (compiling source file ..\..\shared\internal\src\authoring\ApexCSG.cpp)
C:\CatalystEngine\libs\PhysX\APEX_1.4\include\MirrorScene.h(112,3): warning C5204: 'nvidia::apex::MirrorScene': class has virtual functions, but its trivial destructor is not virtual; instances of objects derived from this class may not be destructed correctly (compiling source file ..\..\shared\internal\src\authoring\ApexCSG.cpp)
C:\CatalystEngine\libs\PhysX\APEX_1.4\include\Scene.h(91,1): warning C5204: 'nvidia::apex::PhysX3Interface': class has virtual functions, but its trivial destructor is not virtual; instances of objects derived from this class may not be destructed correctly (compiling source file ..\..\shared\internal\src\authoring\ApexCSG.cpp)
C:\CatalystEngine\libs\PhysX\APEX_1.4\include\ApexSDKCachedData.h(73,1): warning C5204: 'nvidia::apex::ModuleCachedData': class has virtual functions, but its trivial destructor is not virtual; instances of objects derived from this class may not be destructed correctly (compiling source file ..\..\shared\internal\src\authoring\ApexCSG.cpp)
C:\CatalystEngine\libs\PhysX\APEX_1.4\include\ResourceProvider.h(151,1): warning C5204: 'nvidia::apex::ResourceProvider': class has virtual functions, but its trivial destructor is not virtual; instances of objects derived from this class may not be destructed correctly (compiling source file ..\..\shared\internal\src\authoring\ApexCSG.cpp)
C:\CatalystEngine\libs\PhysX\APEX_1.4\include\Actor.h(245,1): warning C5204: 'nvidia::apex::ActorSource': class has virtual functions, but its trivial destructor is not virtual; instances of objects derived from this class may not be destructed correctly (compiling source file ..\..\shared\internal\src\authoring\ApexCSGMeshCleaning.cpp)
C:\CatalystEngine\libs\PhysX\APEX_1.4\include\PhysXObjectDesc.h(108,1): warning C5204: 'nvidia::apex::PhysXObjectDesc': class has virtual functions, but its trivial destructor is not virtual; instances of objects derived from this class may not be destructed correctly (compiling source file ..\..\shared\internal\src\authoring\ApexCSGMeshCleaning.cpp)
C:\CatalystEngine\libs\PhysX\APEX_1.4\include\AssetPreview.h(72,1): warning C5204: 'nvidia::apex::AssetPreview': class has virtual functions, but its trivial destructor is not virtual; instances of objects derived from this class may not be destructed correctly (compiling source file ..\..\shared\internal\src\authoring\ApexCSGMeshCleaning.cpp)
C:\CatalystEngine\libs\PhysX\APEX_1.4\include\MirrorScene.h(88,4): warning C5204: 'nvidia::apex::MirrorScene::MirrorFilter': class has virtual functions, but its trivial destructor is not virtual; instances of objects derived from this class may not be destructed correctly (compiling source file ..\..\shared\internal\src\authoring\ApexCSGMeshCleaning.cpp)
C:\CatalystEngine\libs\PhysX\APEX_1.4\include\MirrorScene.h(112,3): warning C5204: 'nvidia::apex::MirrorScene': class has virtual functions, but its trivial destructor is not virtual; instances of objects derived from this class may not be destructed correctly (compiling source file ..\..\shared\internal\src\authoring\ApexCSGMeshCleaning.cpp)
C:\CatalystEngine\libs\PhysX\APEX_1.4\include\Scene.h(91,1): warning C5204: 'nvidia::apex::PhysX3Interface': class has virtual functions, but its trivial destructor is not virtual; instances of objects derived from this class may not be destructed correctly (compiling source file ..\..\shared\internal\src\authoring\ApexCSGMeshCleaning.cpp)
C:\CatalystEngine\libs\PhysX\APEX_1.4\include\ApexSDKCachedData.h(73,1): warning C5204: 'nvidia::apex::ModuleCachedData': class has virtual functions, but its trivial destructor is not virtual; instances of objects derived from this class may not be destructed correctly (compiling source file ..\..\shared\internal\src\authoring\ApexCSGMeshCleaning.cpp)
C:\CatalystEngine\libs\PhysX\APEX_1.4\include\MirrorScene.h(88,4): warning C5204: 'nvidia::apex::MirrorScene::MirrorFilter': class has virtual functions, but its trivial destructor is not virtual; instances of objects derived from this class may not be destructed correctly (compiling source file ..\..\shared\internal\src\authoring\Cutout.cpp)
C:\CatalystEngine\libs\PhysX\APEX_1.4\include\MirrorScene.h(112,3): warning C5204: 'nvidia::apex::MirrorScene': class has virtual functions, but its trivial destructor is not virtual; instances of objects derived from this class may not be destructed correctly (compiling source file ..\..\shared\internal\src\authoring\Cutout.cpp)
C:\CatalystEngine\libs\PhysX\APEX_1.4\include\Scene.h(91,1): warning C5204: 'nvidia::apex::PhysX3Interface': class has virtual functions, but its trivial destructor is not virtual; instances of objects derived from this class may not be destructed correctly (compiling source file ..\..\shared\internal\src\authoring\Cutout.cpp)
C:\CatalystEngine\libs\PhysX\APEX_1.4\include\ApexSDKCachedData.h(73,1): warning C5204: 'nvidia::apex::ModuleCachedData': class has virtual functions, but its trivial destructor is not virtual; instances of objects derived from this class may not be destructed correctly (compiling source file ..\..\shared\internal\src\authoring\Cutout.cpp)
C:\CatalystEngine\libs\PhysX\APEX_1.4\include\IProgressListener.h(53,1): warning C5204: 'nvidia::apex::IProgressListener': class has virtual functions, but its trivial destructor is not virtual; instances of objects derived from this class may not be destructed correctly (compiling source file ..\..\shared\internal\src\authoring\Cutout.cpp)
C:\CatalystEngine\libs\PhysX\APEX_1.4\include\Module.h(177,1): warning C5204: 'nvidia::apex::Module': class has virtual functions, but its trivial destructor is not virtual; instances of objects derived from this class may not be destructed correctly (compiling source file ..\..\shared\internal\src\authoring\Cutout.cpp)
C:\CatalystEngine\libs\PhysX\APEX_1.4\include\RenderMesh.h(103,1): warning C5204: 'nvidia::apex::VertexBuffer': class has virtual functions, but its trivial destructor is not virtual; instances of objects derived from this class may not be destructed correctly (compiling source file ..\..\shared\internal\src\authoring\Cutout.cpp)
C:\CatalystEngine\libs\PhysX\APEX_1.4\include\ResourceProvider.h(151,1): warning C5204: 'nvidia::apex::ResourceProvider': class has virtual functions, but its trivial destructor is not virtual; instances of objects derived from this class may not be destructed correctly (compiling source file ..\..\shared\internal\src\authoring\ApexCSGMeshCleaning.cpp)
C:\CatalystEngine\libs\PhysX\APEX_1.4\common\include\ApexSharedUtils.h(1543,1): warning C5204: 'nvidia::apex::HierarchicalProgressListener': class has virtual functions, but its trivial destructor is not virtual; instances of objects derived from this class may not be destructed correctly (compiling source file ..\..\shared\internal\src\authoring\ApexCSG.cpp)
C:\CatalystEngine\libs\PhysX\APEX_1.4\include\RenderMeshAsset.h(460,1): warning C5204: 'nvidia::apex::RenderMeshAssetAuthoring': class has virtual functions, but its trivial destructor is not virtual; instances of objects derived from this class may not be destructed correctly (compiling source file ..\..\shared\internal\src\authoring\Cutout.cpp)
C:\CatalystEngine\libs\PhysX\APEX_1.4\include\ResourceProvider.h(151,1): warning C5204: 'nvidia::apex::ResourceProvider': class has virtual functions, but its trivial destructor is not virtual; instances of objects derived from this class may not be destructed correctly (compiling source file ..\..\shared\internal\src\authoring\Cutout.cpp)
C:\CatalystEngine\libs\PhysX\APEX_1.4\common\include\ApexSharedUtils.h(1543,1): warning C5204: 'nvidia::apex::HierarchicalProgressListener': class has virtual functions, but its trivial destructor is not virtual; instances of objects derived from this class may not be destructed correctly (compiling source file ..\..\shared\internal\src\authoring\ApexCSGMeshCleaning.cpp)
C:\CatalystEngine\libs\PhysX\APEX_1.4\shared\internal\include\authoring\ApexCSG.h(46,1): warning C5204: 'ApexCSG::UserRandom': class has virtual functions, but its trivial destructor is not virtual; instances of objects derived from this class may not be destructed correctly (compiling source file ..\..\shared\internal\src\authoring\ApexCSG.cpp)
  ConvexHull.cpp
C:\CatalystEngine\libs\PhysX\APEX_1.4\include\Shape.h(112,1): warning C5204: 'nvidia::apex::Shape': class has virtual functions, but its trivial destructor is not virtual; instances of objects derived from this class may not be destructed correctly (compiling source file ..\..\shared\internal\src\authoring\Fracturing.cpp)
C:\CatalystEngine\libs\PhysX\APEX_1.4\include\Shape.h(124,1): warning C5204: 'nvidia::apex::SphereShape': class has virtual functions, but its trivial destructor is not virtual; instances of objects derived from this class may not be destructed correctly (compiling source file ..\..\shared\internal\src\authoring\Fracturing.cpp)
C:\CatalystEngine\libs\PhysX\APEX_1.4\include\Shape.h(136,1): warning C5204: 'nvidia::apex::CapsuleShape': class has virtual functions, but its trivial destructor is not virtual; instances of objects derived from this class may not be destructed correctly (compiling source file ..\..\shared\internal\src\authoring\Fracturing.cpp)
C:\CatalystEngine\libs\PhysX\APEX_1.4\include\Shape.h(149,1): warning C5204: 'nvidia::apex::BoxShape': class has virtual functions, but its trivial destructor is not virtual; instances of objects derived from this class may not be destructed correctly (compiling source file ..\..\shared\internal\src\authoring\Fracturing.cpp)
C:\CatalystEngine\libs\PhysX\APEX_1.4\shared\general\HACD\public\PlatformConfigHACD.h(205,1): warning C5204: 'hacd::ICallback': class has virtual functions, but its trivial destructor is not virtual; instances of objects derived from this class may not be destructed correctly (compiling source file ..\..\shared\general\HACD\src\ConvexDecomposition.cpp)
C:\CatalystEngine\libs\PhysX\APEX_1.4\shared\general\HACD\public\ConvexHull.h(121,1): warning C5204: 'HACD::ConvexHullTriangleInterface': class has virtual functions, but its trivial destructor is not virtual; instances of objects derived from this class may not be destructed correctly (compiling source file ..\..\shared\general\HACD\src\ConvexDecomposition.cpp)
C:\CatalystEngine\libs\PhysX\APEX_1.4\include\Shape.h(166,1): warning C5204: 'nvidia::apex::HalfSpaceShape': class has virtual functions, but its trivial destructor is not virtual; instances of objects derived from this class may not be destructed correctly (compiling source file ..\..\shared\internal\src\authoring\Fracturing.cpp)
C:\CatalystEngine\libs\PhysX\APEX_1.4\common\include\ApexSharedUtils.h(1543,1): warning C5204: 'nvidia::apex::HierarchicalProgressListener': class has virtual functions, but its trivial destructor is not virtual; instances of objects derived from this class may not be destructed correctly (compiling source file ..\..\shared\internal\src\authoring\Cutout.cpp)
C:\CatalystEngine\libs\PhysX\APEX_1.4\shared\internal\include\authoring\ApexGSA.h(82,1): warning C5204: 'ApexCSG::GSA::VS3D_Halfspace_Set': class has virtual functions, but its trivial destructor is not virtual; instances of objects derived from this class may not be destructed correctly (compiling source file ..\..\shared\internal\src\authoring\ApexCSG.cpp)
C:\CatalystEngine\libs\PhysX\APEX_1.4\include\destructible\ExplicitHierarchicalMesh.h(713,2): warning C5204: 'nvidia::apex::ExplicitHierarchicalMesh::Embedding': class has virtual functions, but its trivial destructor is not virtual; instances of objects derived from this class may not be destructed correctly (compiling source file ..\..\shared\internal\src\authoring\Cutout.cpp)
C:\CatalystEngine\libs\PhysX\APEX_1.4\shared\internal\include\authoring\ApexCSG.h(46,1): warning C5204: 'ApexCSG::UserRandom': class has virtual functions, but its trivial destructor is not virtual; instances of objects derived from this class may not be destructed correctly (compiling source file ..\..\shared\internal\src\authoring\ApexCSGMeshCleaning.cpp)
C:\CatalystEngine\libs\PhysX\APEX_1.4\shared\internal\include\authoring\ApexCSGDefs.h(706,1): warning C5204: 'ApexCSG::QuantityProgressListener': class has virtual functions, but its trivial destructor is not virtual; instances of objects derived from this class may not be destructed correctly (compiling source file ..\..\shared\internal\src\authoring\ApexCSG.cpp)
C:\CatalystEngine\libs\PhysX\APEX_1.4\shared\internal\include\authoring\ApexCSGDefs.h(888,2): warning C5204: 'ApexCSG::BSP::Halfspace': class has virtual functions, but its trivial destructor is not virtual; instances of objects derived from this class may not be destructed correctly (compiling source file ..\..\shared\internal\src\authoring\ApexCSG.cpp)
C:\CatalystEngine\libs\PhysX\APEX_1.4\shared\internal\include\authoring\ApexCSGDefs.h(926,2): warning C5204: 'ApexCSG::BSP::RegionShape': class has virtual functions, but its trivial destructor is not virtual; instances of objects derived from this class may not be destructed correctly (compiling source file ..\..\shared\internal\src\authoring\ApexCSG.cpp)
C:\CatalystEngine\libs\PhysX\APEX_1.4\include\Shape.h(112,1): warning C5204: 'nvidia::apex::Shape': class has virtual functions, but its trivial destructor is not virtual; instances of objects derived from this class may not be destructed correctly (compiling source file ..\..\shared\internal\src\authoring\ApexCSGHull.cpp)
C:\CatalystEngine\libs\PhysX\APEX_1.4\include\Shape.h(124,1): warning C5204: 'nvidia::apex::SphereShape': class has virtual functions, but its trivial destructor is not virtual; instances of objects derived from this class may not be destructed correctly (compiling source file ..\..\shared\internal\src\authoring\ApexCSGHull.cpp)
C:\CatalystEngine\libs\PhysX\APEX_1.4\include\Shape.h(136,1): warning C5204: 'nvidia::apex::CapsuleShape': class has virtual functions, but its trivial destructor is not virtual; instances of objects derived from this class may not be destructed correctly (compiling source file ..\..\shared\internal\src\authoring\ApexCSGHull.cpp)
C:\CatalystEngine\libs\PhysX\APEX_1.4\include\Shape.h(149,1): warning C5204: 'nvidia::apex::BoxShape': class has virtual functions, but its trivial destructor is not virtual; instances of objects derived from this class may not be destructed correctly (compiling source file ..\..\shared\internal\src\authoring\ApexCSGHull.cpp)
C:\CatalystEngine\libs\PhysX\APEX_1.4\include\Shape.h(166,1): warning C5204: 'nvidia::apex::HalfSpaceShape': class has virtual functions, but its trivial destructor is not virtual; instances of objects derived from this class may not be destructed correctly (compiling source file ..\..\shared\internal\src\authoring\ApexCSGHull.cpp)
C:\CatalystEngine\libs\PhysX\APEX_1.4\shared\internal\include\authoring\ApexGSA.h(82,1): warning C5204: 'ApexCSG::GSA::VS3D_Halfspace_Set': class has virtual functions, but its trivial destructor is not virtual; instances of objects derived from this class may not be destructed correctly (compiling source file ..\..\shared\internal\src\authoring\ApexCSGMeshCleaning.cpp)
C:\CatalystEngine\libs\PhysX\APEX_1.4\include\RenderDataProvider.h(87,1): warning C5204: 'nvidia::apex::RenderDataProvider': class has virtual functions, but its trivial destructor is not virtual; instances of objects derived from this class may not be destructed correctly (compiling source file ..\..\shared\internal\src\authoring\ApexCSGHull.cpp)
C:\CatalystEngine\libs\PhysX\APEX_1.4\include\Renderable.h(67,1): warning C5204: 'nvidia::apex::Renderable': class has virtual functions, but its trivial destructor is not virtual; instances of objects derived from this class may not be destructed correctly (compiling source file ..\..\shared\internal\src\authoring\ApexCSGHull.cpp)
C:\CatalystEngine\libs\PhysX\APEX_1.4\include\Context.h(109,1): warning C5204: 'nvidia::apex::RenderableIterator': class has virtual functions, but its trivial destructor is not virtual; instances of objects derived from this class may not be destructed correctly (compiling source file ..\..\shared\internal\src\authoring\ApexCSGHull.cpp)
C:\CatalystEngine\libs\PhysX\APEX_1.4\shared\internal\include\authoring\ApexCSG.h(46,1): warning C5204: 'ApexCSG::UserRandom': class has virtual functions, but its trivial destructor is not virtual; instances of objects derived from this class may not be destructed correctly (compiling source file ..\..\shared\internal\src\authoring\Cutout.cpp)
C:\CatalystEngine\libs\PhysX\APEX_1.4\include\AssetPreviewScene.h(97,1): warning C5204: 'nvidia::apex::AssetPreviewScene': class has virtual functions, but its trivial destructor is not virtual; instances of objects derived from this class may not be destructed correctly (compiling source file ..\..\shared\internal\src\authoring\ApexCSGHull.cpp)
C:\CatalystEngine\libs\PhysX\APEX_1.4\include\Asset.h(175,1): warning C5204: 'nvidia::apex::AssetAuthoring': class has virtual functions, but its trivial destructor is not virtual; instances of objects derived from this class may not be destructed correctly (compiling source file ..\..\shared\internal\src\authoring\ApexCSGHull.cpp)
C:\CatalystEngine\libs\PhysX\APEX_1.4\include\RenderMesh.h(103,1): warning C5204: 'nvidia::apex::VertexBuffer': class has virtual functions, but its trivial destructor is not virtual; instances of objects derived from this class may not be destructed correctly (compiling source file ..\..\shared\internal\src\authoring\ApexCSGHull.cpp)
C:\CatalystEngine\libs\PhysX\APEX_1.4\include\RenderMeshAsset.h(460,1): warning C5204: 'nvidia::apex::RenderMeshAssetAuthoring': class has virtual functions, but its trivial destructor is not virtual; instances of objects derived from this class may not be destructed correctly (compiling source file ..\..\shared\internal\src\authoring\ApexCSGHull.cpp)
C:\CatalystEngine\libs\PhysX\APEX_1.4\include\Module.h(177,1): warning C5204: 'nvidia::apex::Module': class has virtual functions, but its trivial destructor is not virtual; instances of objects derived from this class may not be destructed correctly (compiling source file ..\..\shared\internal\src\authoring\ApexCSGHull.cpp)
C:\CatalystEngine\libs\PhysX\APEX_1.4\shared\general\HACD\src\ConvexDecomposition.cpp(59,1): warning C5204: 'CONVEX_DECOMPOSITION::ConvexDecompInterface': class has virtual functions, but its trivial destructor is not virtual; instances of objects derived from this class may not be destructed correctly
C:\CatalystEngine\libs\PhysX\APEX_1.4\shared\general\HACD\src\ConvexDecomposition.cpp(1122,1): warning C5204: 'CONVEX_DECOMPOSITION::fm_VertexIndex': class has virtual functions, but its trivial destructor is not virtual; instances of objects derived from this class may not be destructed correctly
C:\CatalystEngine\libs\PhysX\APEX_1.4\shared\general\HACD\src\ConvexDecomposition.cpp(1157,1): warning C5204: 'CONVEX_DECOMPOSITION::KdTreeInterface': class has virtual functions, but its trivial destructor is not virtual; instances of objects derived from this class may not be destructed correctly
C:\CatalystEngine\libs\PhysX\APEX_1.4\include\Actor.h(245,1): warning C5204: 'nvidia::apex::ActorSource': class has virtual functions, but its trivial destructor is not virtual; instances of objects derived from this class may not be destructed correctly (compiling source file ..\..\shared\internal\src\authoring\Fracturing.cpp)
C:\CatalystEngine\libs\PhysX\APEX_1.4\include\Context.h(109,1): warning C5204: 'nvidia::apex::RenderableIterator': class has virtual functions, but its trivial destructor is not virtual; instances of objects derived from this class may not be destructed correctly (compiling source file ..\..\shared\internal\src\authoring\Fracturing.cpp)
C:\CatalystEngine\libs\PhysX\APEX_1.4\include\PhysXObjectDesc.h(108,1): warning C5204: 'nvidia::apex::PhysXObjectDesc': class has virtual functions, but its trivial destructor is not virtual; instances of objects derived from this class may not be destructed correctly (compiling source file ..\..\shared\internal\src\authoring\Fracturing.cpp)
C:\CatalystEngine\libs\PhysX\APEX_1.4\include\RenderDataProvider.h(87,1): warning C5204: 'nvidia::apex::RenderDataProvider': class has virtual functions, but its trivial destructor is not virtual; instances of objects derived from this class may not be destructed correctly (compiling source file ..\..\shared\internal\src\authoring\Fracturing.cpp)
C:\CatalystEngine\libs\PhysX\APEX_1.4\include\Renderable.h(67,1): warning C5204: 'nvidia::apex::Renderable': class has virtual functions, but its trivial destructor is not virtual; instances of objects derived from this class may not be destructed correctly (compiling source file ..\..\shared\internal\src\authoring\Fracturing.cpp)
C:\CatalystEngine\libs\PhysX\APEX_1.4\include\AssetPreview.h(72,1): warning C5204: 'nvidia::apex::AssetPreview': class has virtual functions, but its trivial destructor is not virtual; instances of objects derived from this class may not be destructed correctly (compiling source file ..\..\shared\internal\src\authoring\Fracturing.cpp)
C:\CatalystEngine\libs\PhysX\APEX_1.4\include\AssetPreviewScene.h(97,1): warning C5204: 'nvidia::apex::AssetPreviewScene': class has virtual functions, but its trivial destructor is not virtual; instances of objects derived from this class may not be destructed correctly (compiling source file ..\..\shared\internal\src\authoring\Fracturing.cpp)
C:\CatalystEngine\libs\PhysX\APEX_1.4\include\Asset.h(175,1): warning C5204: 'nvidia::apex::AssetAuthoring': class has virtual functions, but its trivial destructor is not virtual; instances of objects derived from this class may not be destructed correctly (compiling source file ..\..\shared\internal\src\authoring\Fracturing.cpp)
C:\CatalystEngine\libs\PhysX\APEX_1.4\common\include\ResourceProviderIntl.h(178,1): warning C5204: 'nvidia::apex::ResourceProviderIntl': class has virtual functions, but its trivial destructor is not virtual; instances of objects derived from this class may not be destructed correctly (compiling source file ..\..\shared\internal\src\authoring\ApexCSG.cpp)
C:\CatalystEngine\libs\PhysX\APEX_1.4\common\include\ResourceProviderIntl.h(178,1): warning C5204: 'nvidia::apex::ResourceProviderIntl': class has virtual functions, but its trivial destructor is not virtual; instances of objects derived from this class may not be destructed correctly (compiling source file ..\..\shared\internal\src\authoring\Cutout.cpp)
C:\CatalystEngine\libs\PhysX\APEX_1.4\include\MirrorScene.h(88,4): warning C5204: 'nvidia::apex::MirrorScene::MirrorFilter': class has virtual functions, but its trivial destructor is not virtual; instances of objects derived from this class may not be destructed correctly (compiling source file ..\..\shared\internal\src\authoring\Fracturing.cpp)
C:\CatalystEngine\libs\PhysX\APEX_1.4\include\MirrorScene.h(112,3): warning C5204: 'nvidia::apex::MirrorScene': class has virtual functions, but its trivial destructor is not virtual; instances of objects derived from this class may not be destructed correctly (compiling source file ..\..\shared\internal\src\authoring\Fracturing.cpp)
C:\CatalystEngine\libs\PhysX\APEX_1.4\include\Scene.h(91,1): warning C5204: 'nvidia::apex::PhysX3Interface': class has virtual functions, but its trivial destructor is not virtual; instances of objects derived from this class may not be destructed correctly (compiling source file ..\..\shared\internal\src\authoring\Fracturing.cpp)
C:\CatalystEngine\libs\PhysX\APEX_1.4\include\ApexSDKCachedData.h(73,1): warning C5204: 'nvidia::apex::ModuleCachedData': class has virtual functions, but its trivial destructor is not virtual; instances of objects derived from this class may not be destructed correctly (compiling source file ..\..\shared\internal\src\authoring\Fracturing.cpp)
C:\CatalystEngine\libs\PhysX\APEX_1.4\include\IProgressListener.h(53,1): warning C5204: 'nvidia::apex::IProgressListener': class has virtual functions, but its trivial destructor is not virtual; instances of objects derived from this class may not be destructed correctly (compiling source file ..\..\shared\internal\src\authoring\Fracturing.cpp)
C:\CatalystEngine\libs\PhysX\APEX_1.4\include\Module.h(177,1): warning C5204: 'nvidia::apex::Module': class has virtual functions, but its trivial destructor is not virtual; instances of objects derived from this class may not be destructed correctly (compiling source file ..\..\shared\internal\src\authoring\Fracturing.cpp)
C:\CatalystEngine\libs\PhysX\APEX_1.4\shared\internal\include\authoring\ApexCSGDefs.h(706,1): warning C5204: 'ApexCSG::QuantityProgressListener': class has virtual functions, but its trivial destructor is not virtual; instances of objects derived from this class may not be destructed correctly (compiling source file ..\..\shared\internal\src\authoring\ApexCSGMeshCleaning.cpp)
C:\CatalystEngine\libs\PhysX\APEX_1.4\shared\internal\include\authoring\ApexCSGDefs.h(888,2): warning C5204: 'ApexCSG::BSP::Halfspace': class has virtual functions, but its trivial destructor is not virtual; instances of objects derived from this class may not be destructed correctly (compiling source file ..\..\shared\internal\src\authoring\ApexCSGMeshCleaning.cpp)
C:\CatalystEngine\libs\PhysX\APEX_1.4\shared\internal\include\authoring\ApexCSGDefs.h(926,2): warning C5204: 'ApexCSG::BSP::RegionShape': class has virtual functions, but its trivial destructor is not virtual; instances of objects derived from this class may not be destructed correctly (compiling source file ..\..\shared\internal\src\authoring\ApexCSGMeshCleaning.cpp)
C:\CatalystEngine\libs\PhysX\APEX_1.4\shared\internal\src\authoring\Cutout.cpp(399,20): warning C5219: implicit conversion from 'int' to 'float', possible loss of data
C:\CatalystEngine\libs\PhysX\APEX_1.4\shared\internal\src\authoring\Cutout.cpp(498,31): warning C5219: implicit conversion from 'uint32_t' to 'float', possible loss of data
C:\CatalystEngine\libs\PhysX\APEX_1.4\shared\internal\src\authoring\Cutout.cpp(498,69): warning C5219: implicit conversion from 'uint32_t' to 'float', possible loss of data
  dgAABBPolygonSoup.cpp
C:\CatalystEngine\libs\PhysX\APEX_1.4\shared\internal\src\authoring\ApexCSG.cpp(206,1): warning C5204: 'ApexCSG::DefaultRandom': class has virtual functions, but its trivial destructor is not virtual; instances of objects derived from this class may not be destructed correctly
C:\CatalystEngine\libs\PhysX\APEX_1.4\include\RenderMesh.h(103,1): warning C5204: 'nvidia::apex::VertexBuffer': class has virtual functions, but its trivial destructor is not virtual; instances of objects derived from this class may not be destructed correctly (compiling source file ..\..\shared\internal\src\authoring\Fracturing.cpp)
C:\CatalystEngine\libs\PhysX\APEX_1.4\shared\internal\include\authoring\ApexGSA.h(423,1): warning C5204: 'ApexCSG::GSA::StaticConvexPolyhedron<ApexCSG::PlaneIterator,ApexCSG::PlaneIteratorInit>': class has virtual functions, but its trivial destructor is not virtual; instances of objects derived from this class may not be destructed correctly (compiling source file ..\..\shared\internal\src\authoring\ApexCSG.cpp)
C:\CatalystEngine\libs\PhysX\APEX_1.4\shared\internal\src\authoring\ApexCSG.cpp(610): message : see reference to class template instantiation 'ApexCSG::GSA::StaticConvexPolyhedron<ApexCSG::PlaneIterator,ApexCSG::PlaneIteratorInit>' being compiled
C:\CatalystEngine\libs\PhysX\APEX_1.4\shared\internal\src\authoring\ApexCSG.cpp(617,1): warning C5204: 'ApexCSG::HalfspaceIntersection': class has virtual functions, but its trivial destructor is not virtual; instances of objects derived from this class may not be destructed correctly
C:\CatalystEngine\libs\PhysX\APEX_1.4\include\RenderMeshAsset.h(460,1): warning C5204: 'nvidia::apex::RenderMeshAssetAuthoring': class has virtual functions, but its trivial destructor is not virtual; instances of objects derived from this class may not be destructed correctly (compiling source file ..\..\shared\internal\src\authoring\Fracturing.cpp)
C:\CatalystEngine\libs\PhysX\APEX_1.4\include\ResourceProvider.h(151,1): warning C5204: 'nvidia::apex::ResourceProvider': class has virtual functions, but its trivial destructor is not virtual; instances of objects derived from this class may not be destructed correctly (compiling source file ..\..\shared\internal\src\authoring\Fracturing.cpp)
C:\CatalystEngine\libs\PhysX\APEX_1.4\shared\internal\src\authoring\ApexCSG.cpp(2134,53): warning C5219: implicit conversion from 'int32_t' to 'const float', possible loss of data
C:\CatalystEngine\libs\PhysX\APEX_1.4\shared\internal\src\authoring\ApexCSG.cpp(2134,111): warning C5219: implicit conversion from 'int32_t' to 'const float', possible loss of data
C:\CatalystEngine\libs\PhysX\APEX_1.4\shared\internal\src\authoring\ApexCSG.cpp(2134,138): warning C5219: implicit conversion from 'uint32_t' to 'float', possible loss of data
C:\CatalystEngine\libs\PhysX\APEX_1.4\include\Actor.h(245,1): warning C5204: 'nvidia::apex::ActorSource': class has virtual functions, but its trivial destructor is not virtual; instances of objects derived from this class may not be destructed correctly (compiling source file ..\..\shared\internal\src\authoring\ApexCSGHull.cpp)
C:\CatalystEngine\libs\PhysX\APEX_1.4\include\PhysXObjectDesc.h(108,1): warning C5204: 'nvidia::apex::PhysXObjectDesc': class has virtual functions, but its trivial destructor is not virtual; instances of objects derived from this class may not be destructed correctly (compiling source file ..\..\shared\internal\src\authoring\ApexCSGHull.cpp)
C:\CatalystEngine\libs\PhysX\APEX_1.4\include\AssetPreview.h(72,1): warning C5204: 'nvidia::apex::AssetPreview': class has virtual functions, but its trivial destructor is not virtual; instances of objects derived from this class may not be destructed correctly (compiling source file ..\..\shared\internal\src\authoring\ApexCSGHull.cpp)
C:\CatalystEngine\libs\PhysX\APEX_1.4\include\MirrorScene.h(88,4): warning C5204: 'nvidia::apex::MirrorScene::MirrorFilter': class has virtual functions, but its trivial destructor is not virtual; instances of objects derived from this class may not be destructed correctly (compiling source file ..\..\shared\internal\src\authoring\ApexCSGHull.cpp)
C:\CatalystEngine\libs\PhysX\APEX_1.4\include\MirrorScene.h(112,3): warning C5204: 'nvidia::apex::MirrorScene': class has virtual functions, but its trivial destructor is not virtual; instances of objects derived from this class may not be destructed correctly (compiling source file ..\..\shared\internal\src\authoring\ApexCSGHull.cpp)
C:\CatalystEngine\libs\PhysX\APEX_1.4\include\Scene.h(91,1): warning C5204: 'nvidia::apex::PhysX3Interface': class has virtual functions, but its trivial destructor is not virtual; instances of objects derived from this class may not be destructed correctly (compiling source file ..\..\shared\internal\src\authoring\ApexCSGHull.cpp)
C:\CatalystEngine\libs\PhysX\APEX_1.4\include\ApexSDKCachedData.h(73,1): warning C5204: 'nvidia::apex::ModuleCachedData': class has virtual functions, but its trivial destructor is not virtual; instances of objects derived from this class may not be destructed correctly (compiling source file ..\..\shared\internal\src\authoring\ApexCSGHull.cpp)
C:\CatalystEngine\libs\PhysX\APEX_1.4\include\ResourceProvider.h(151,1): warning C5204: 'nvidia::apex::ResourceProvider': class has virtual functions, but its trivial destructor is not virtual; instances of objects derived from this class may not be destructed correctly (compiling source file ..\..\shared\internal\src\authoring\ApexCSGHull.cpp)
C:\CatalystEngine\libs\PhysX\APEX_1.4\common\include\ApexSharedUtils.h(1543,1): warning C5204: 'nvidia::apex::HierarchicalProgressListener': class has virtual functions, but its trivial destructor is not virtual; instances of objects derived from this class may not be destructed correctly (compiling source file ..\..\shared\internal\src\authoring\ApexCSGHull.cpp)
C:\CatalystEngine\libs\PhysX\APEX_1.4\common\include\ApexSharedUtils.h(1543,1): warning C5204: 'nvidia::apex::HierarchicalProgressListener': class has virtual functions, but its trivial destructor is not virtual; instances of objects derived from this class may not be destructed correctly (compiling source file ..\..\shared\internal\src\authoring\Fracturing.cpp)
C:\CatalystEngine\libs\PhysX\APEX_1.4\shared\internal\include\authoring\ApexCSG.h(46,1): warning C5204: 'ApexCSG::UserRandom': class has virtual functions, but its trivial destructor is not virtual; instances of objects derived from this class may not be destructed correctly (compiling source file ..\..\shared\internal\src\authoring\ApexCSGHull.cpp)
C:\CatalystEngine\libs\PhysX\APEX_1.4\shared\internal\include\authoring\ApexGSA.h(82,1): warning C5204: 'ApexCSG::GSA::VS3D_Halfspace_Set': class has virtual functions, but its trivial destructor is not virtual; instances of objects derived from this class may not be destructed correctly (compiling source file ..\..\shared\internal\src\authoring\ApexCSGHull.cpp)
C:\CatalystEngine\libs\PhysX\APEX_1.4\include\destructible\ExplicitHierarchicalMesh.h(713,2): warning C5204: 'nvidia::apex::ExplicitHierarchicalMesh::Embedding': class has virtual functions, but its trivial destructor is not virtual; instances of objects derived from this class may not be destructed correctly (compiling source file ..\..\shared\internal\src\authoring\Fracturing.cpp)
C:\CatalystEngine\libs\PhysX\APEX_1.4\shared\internal\include\authoring\ApexCSGDefs.h(706,1): warning C5204: 'ApexCSG::QuantityProgressListener': class has virtual functions, but its trivial destructor is not virtual; instances of objects derived from this class may not be destructed correctly (compiling source file ..\..\shared\internal\src\authoring\ApexCSGHull.cpp)
C:\CatalystEngine\libs\PhysX\APEX_1.4\shared\internal\include\authoring\ApexCSG.h(46,1): warning C5204: 'ApexCSG::UserRandom': class has virtual functions, but its trivial destructor is not virtual; instances of objects derived from this class may not be destructed correctly (compiling source file ..\..\shared\internal\src\authoring\Fracturing.cpp)
C:\CatalystEngine\libs\PhysX\APEX_1.4\shared\internal\include\authoring\ApexCSGDefs.h(888,2): warning C5204: 'ApexCSG::BSP::Halfspace': class has virtual functions, but its trivial destructor is not virtual; instances of objects derived from this class may not be destructed correctly (compiling source file ..\..\shared\internal\src\authoring\ApexCSGHull.cpp)
C:\CatalystEngine\libs\PhysX\APEX_1.4\shared\internal\include\authoring\ApexCSGDefs.h(926,2): warning C5204: 'ApexCSG::BSP::RegionShape': class has virtual functions, but its trivial destructor is not virtual; instances of objects derived from this class may not be destructed correctly (compiling source file ..\..\shared\internal\src\authoring\ApexCSGHull.cpp)
C:\CatalystEngine\libs\PhysX\APEX_1.4\common\include\ResourceProviderIntl.h(178,1): warning C5204: 'nvidia::apex::ResourceProviderIntl': class has virtual functions, but its trivial destructor is not virtual; instances of objects derived from this class may not be destructed correctly (compiling source file ..\..\shared\internal\src\authoring\ApexCSGHull.cpp)
C:\CatalystEngine\libs\PhysX\APEX_1.4\shared\internal\include\authoring\ApexGSA.h(82,1): warning C5204: 'ApexCSG::GSA::VS3D_Halfspace_Set': class has virtual functions, but its trivial destructor is not virtual; instances of objects derived from this class may not be destructed correctly (compiling source file ..\..\shared\internal\src\authoring\Fracturing.cpp)
C:\CatalystEngine\libs\PhysX\APEX_1.4\shared\general\HACD\public\PlatformConfigHACD.h(205,1): warning C5204: 'hacd::ICallback': class has virtual functions, but its trivial destructor is not virtual; instances of objects derived from this class may not be destructed correctly (compiling source file ..\..\shared\general\HACD\src\ConvexHull.cpp)
C:\CatalystEngine\libs\PhysX\APEX_1.4\shared\general\HACD\public\ConvexHull.h(121,1): warning C5204: 'HACD::ConvexHullTriangleInterface': class has virtual functions, but its trivial destructor is not virtual; instances of objects derived from this class may not be destructed correctly (compiling source file ..\..\shared\general\HACD\src\ConvexHull.cpp)
  dgConvexHull3d.cpp
C:\CatalystEngine\libs\PhysX\APEX_1.4\shared\general\HACD\public\PlatformConfigHACD.h(205,1): warning C5204: 'hacd::ICallback': class has virtual functions, but its trivial destructor is not virtual; instances of objects derived from this class may not be destructed correctly (compiling source file ..\..\shared\general\HACD\src\dgAABBPolygonSoup.cpp)
C:\CatalystEngine\libs\PhysX\PxShared\src\foundation\include\PsMathUtils.h(311,29): warning C5219: implicit conversion from 'int' to 'physx::PxF32', possible loss of data (compiling source file ..\..\shared\internal\src\authoring\Fracturing.cpp)
C:\CatalystEngine\libs\PhysX\APEX_1.4\shared\general\HACD\public\PlatformConfigHACD.h(205,1): warning C5204: 'hacd::ICallback': class has virtual functions, but its trivial destructor is not virtual; instances of objects derived from this class may not be destructed correctly (compiling source file ..\..\shared\internal\src\authoring\Fracturing.cpp)
  dgGoogol.cpp
C:\CatalystEngine\libs\PhysX\APEX_1.4\include\destructible\FractureToolsAPI.h(464,1): warning C5204: 'nvidia::apex::FractureToolsAPI': class has virtual functions, but its trivial destructor is not virtual; instances of objects derived from this class may not be destructed correctly (compiling source file ..\..\shared\internal\src\authoring\Fracturing.cpp)
C:\CatalystEngine\libs\PhysX\APEX_1.4\include\destructible\ModuleDestructible.h(447,1): warning C5204: 'nvidia::apex::UserImpactDamageReport': class has virtual functions, but its trivial destructor is not virtual; instances of objects derived from this class may not be destructed correctly (compiling source file ..\..\shared\internal\src\authoring\Fracturing.cpp)
C:\CatalystEngine\libs\PhysX\APEX_1.4\include\destructible\DestructibleAsset.h(2034,1): warning C5204: 'nvidia::apex::DestructibleAssetAuthoring': class has virtual functions, but its trivial destructor is not virtual; instances of objects derived from this class may not be destructed correctly (compiling source file ..\..\shared\internal\src\authoring\Fracturing.cpp)
C:\CatalystEngine\libs\PhysX\APEX_1.4\shared\general\HACD\src\dgAABBPolygonSoup.cpp(887,16): warning C5219: implicit conversion from 'int32_t' to 'T', possible loss of data
          with
          [
              T=float
          ]
C:\CatalystEngine\libs\PhysX\APEX_1.4\shared\general\HACD\src\dgAABBPolygonSoup.cpp(888,16): warning C5219: implicit conversion from 'int32_t' to 'T', possible loss of data
          with
          [
              T=float
          ]
C:\CatalystEngine\libs\PhysX\APEX_1.4\shared\general\HACD\src\dgAABBPolygonSoup.cpp(889,16): warning C5219: implicit conversion from 'int32_t' to 'T', possible loss of data
          with
          [
              T=float
          ]
C:\CatalystEngine\libs\PhysX\APEX_1.4\common\include\ResourceProviderIntl.h(178,1): warning C5204: 'nvidia::apex::ResourceProviderIntl': class has virtual functions, but its trivial destructor is not virtual; instances of objects derived from this class may not be destructed correctly (compiling source file ..\..\shared\internal\src\authoring\Fracturing.cpp)
C:\CatalystEngine\libs\PhysX\APEX_1.4\shared\internal\include\authoring\ApexGSA.h(423,1): warning C5204: 'ApexCSG::GSA::StaticConvexPolyhedron<SiteMidPlaneIterator,SiteMidPlaneIteratorInit>': class has virtual functions, but its trivial destructor is not virtual; instances of objects derived from this class may not be destructed correctly (compiling source file ..\..\shared\internal\src\authoring\Fracturing.cpp)
C:\CatalystEngine\libs\PhysX\APEX_1.4\shared\internal\src\authoring\Fracturing.cpp(225): message : see reference to class template instantiation 'ApexCSG::GSA::StaticConvexPolyhedron<SiteMidPlaneIterator,SiteMidPlaneIteratorInit>' being compiled
C:\CatalystEngine\libs\PhysX\APEX_1.4\shared\internal\src\authoring\Fracturing.cpp(262,1): warning C5204: 'SiteMidPlaneIntersection': class has virtual functions, but its trivial destructor is not virtual; instances of objects derived from this class may not be destructed correctly
C:\CatalystEngine\libs\PhysX\APEX_1.4\shared\internal\src\authoring\Fracturing.cpp(491,1): warning C5204: 'Random': class has virtual functions, but its trivial destructor is not virtual; instances of objects derived from this class may not be destructed correctly
  dgIntersections.cpp
C:\CatalystEngine\libs\PhysX\APEX_1.4\shared\internal\src\authoring\Fracturing.cpp(756,9): warning C5219: implicit conversion from 'const int' to 'const float', possible loss of data
C:\CatalystEngine\libs\PhysX\APEX_1.4\shared\internal\src\authoring\Fracturing.cpp(764,9): warning C5219: implicit conversion from 'const int' to 'const float', possible loss of data
C:\CatalystEngine\libs\PhysX\APEX_1.4\shared\internal\src\authoring\Fracturing.cpp(820,39): warning C5219: implicit conversion from 'uint32_t' to 'float', possible loss of data
C:\CatalystEngine\libs\PhysX\APEX_1.4\shared\internal\src\authoring\Fracturing.cpp(821,39): warning C5219: implicit conversion from 'uint32_t' to 'float', possible loss of data
C:\CatalystEngine\libs\PhysX\APEX_1.4\shared\internal\src\authoring\Fracturing.cpp(1081,44): warning C5219: implicit conversion from 'uint32_t' to 'float', possible loss of data
C:\CatalystEngine\libs\PhysX\APEX_1.4\shared\internal\src\authoring\Fracturing.cpp(1082,44): warning C5219: implicit conversion from 'uint32_t' to 'float', possible loss of data
C:\CatalystEngine\libs\PhysX\APEX_1.4\shared\internal\src\authoring\Fracturing.cpp(1083,44): warning C5219: implicit conversion from 'uint32_t' to 'float', possible loss of data
C:\CatalystEngine\libs\PhysX\APEX_1.4\shared\internal\src\authoring\Fracturing.cpp(1135,65): warning C5219: implicit conversion from 'const int' to 'const float', possible loss of data
C:\CatalystEngine\libs\PhysX\APEX_1.4\shared\internal\src\authoring\Fracturing.cpp(1172,49): warning C5219: implicit conversion from 'int' to 'const float', possible loss of data
C:\CatalystEngine\libs\PhysX\APEX_1.4\shared\internal\src\authoring\Fracturing.cpp(1475,97): warning C5219: implicit conversion from 'int' to 'float', possible loss of data
C:\CatalystEngine\libs\PhysX\APEX_1.4\shared\internal\src\authoring\Fracturing.cpp(1483,63): warning C5219: implicit conversion from 'int' to 'float', possible loss of data
C:\CatalystEngine\libs\PhysX\APEX_1.4\shared\internal\src\authoring\Fracturing.cpp(1483,96): warning C5219: implicit conversion from 'int' to 'float', possible loss of data
C:\CatalystEngine\libs\PhysX\APEX_1.4\shared\internal\src\authoring\Fracturing.cpp(1483,129): warning C5219: implicit conversion from 'int' to 'float', possible loss of data
C:\CatalystEngine\libs\PhysX\APEX_1.4\shared\internal\src\authoring\Fracturing.cpp(2251,28): warning C5219: implicit conversion from 'uint32_t' to 'float', possible loss of data
C:\CatalystEngine\libs\PhysX\APEX_1.4\shared\internal\src\authoring\Fracturing.cpp(2549,56): warning C5219: implicit conversion from 'T' to 'float', possible loss of data
          with
          [
              T=int
          ]
C:\CatalystEngine\libs\PhysX\APEX_1.4\shared\internal\src\authoring\Fracturing.cpp(3418,1): warning C5204: 'FractureTools::MeshSplitter': class has virtual functions, but its trivial destructor is not virtual; instances of objects derived from this class may not be destructed correctly
C:\CatalystEngine\libs\PhysX\APEX_1.4\shared\internal\src\authoring\Fracturing.cpp(3476,2): warning C5204: 'FractureTools::splitMeshInternal::NullEmbedding': class has virtual functions, but its trivial destructor is not virtual; instances of objects derived from this class may not be destructed correctly
C:\CatalystEngine\libs\PhysX\APEX_1.4\shared\internal\src\authoring\Fracturing.cpp(3841,2): warning C5204: 'FractureTools::splitChunkInternal::NullEmbedding': class has virtual functions, but its trivial destructor is not virtual; instances of objects derived from this class may not be destructed correctly
C:\CatalystEngine\libs\PhysX\APEX_1.4\shared\internal\src\authoring\Fracturing.cpp(4000,47): warning C5219: implicit conversion from 'uint32_t' to 'T', possible loss of data
          with
          [
              T=float
          ]
C:\CatalystEngine\libs\PhysX\APEX_1.4\shared\internal\src\authoring\Fracturing.cpp(4011,26): warning C5219: implicit conversion from 'uint32_t' to 'T', possible loss of data
          with
          [
              T=float
          ]
C:\CatalystEngine\libs\PhysX\APEX_1.4\shared\internal\src\authoring\Fracturing.cpp(4029,56): warning C5219: implicit conversion from 'uint32_t' to 'T', possible loss of data
          with
          [
              T=float
          ]
C:\CatalystEngine\libs\PhysX\APEX_1.4\shared\internal\src\authoring\Fracturing.cpp(4170,1): warning C5204: 'FractureTools::HierarchicalMeshSplitter': class has virtual functions, but its trivial destructor is not virtual; instances of objects derived from this class may not be destructed correctly
C:\CatalystEngine\libs\PhysX\APEX_1.4\shared\internal\src\authoring\Fracturing.cpp(4112,38): warning C5219: implicit conversion from 'int' to 'float', possible loss of data
C:\CatalystEngine\libs\PhysX\APEX_1.4\shared\internal\src\authoring\Fracturing.cpp(4113,38): warning C5219: implicit conversion from 'int' to 'float', possible loss of data
C:\CatalystEngine\libs\PhysX\APEX_1.4\shared\internal\src\authoring\Fracturing.cpp(4114,38): warning C5219: implicit conversion from 'int' to 'float', possible loss of data
C:\CatalystEngine\libs\PhysX\APEX_1.4\shared\internal\src\authoring\Fracturing.cpp(5000,2): warning C5204: 'FractureTools::createChippedMesh::NullEmbedding': class has virtual functions, but its trivial destructor is not virtual; instances of objects derived from this class may not be destructed correctly
C:\CatalystEngine\libs\PhysX\APEX_1.4\shared\internal\src\authoring\Fracturing.cpp(5369,1): warning C5204: 'FractureTools::VoronoiMeshSplitter': class has virtual functions, but its trivial destructor is not virtual; instances of objects derived from this class may not be destructed correctly
C:\CatalystEngine\libs\PhysX\APEX_1.4\shared\internal\src\authoring\NoiseUtils.h(52,16): warning C5219: implicit conversion from 'int' to 'T', possible loss of data
          with
          [
              T=float
          ] (compiling source file ..\..\shared\internal\src\authoring\Fracturing.cpp)
C:\CatalystEngine\libs\PhysX\APEX_1.4\shared\internal\src\authoring\NoiseUtils.h(131): message : see reference to function template instantiation 'void ApexCSG::setup<T,ApexCSG::Vec<T,3>,64>(int,VecT &,T &,int &,int &,T &,T &)' being compiled
          with
          [
              T=float,
              VecT=ApexCSG::Vec<float,3>
          ] (compiling source file ..\..\shared\internal\src\authoring\Fracturing.cpp)
C:\CatalystEngine\libs\PhysX\APEX_1.4\shared\internal\src\authoring\Noise.h(91): message : see reference to function template instantiation 'T ApexCSG::noiseSample<T,64>(ApexCSG::Vec<T,3>,int *,ApexCSG::Vec<T,3> *)' being compiled
          with
          [
              T=float
          ] (compiling source file ..\..\shared\internal\src\authoring\Fracturing.cpp)
C:\CatalystEngine\libs\PhysX\APEX_1.4\shared\internal\src\authoring\Noise.h(78): message : while compiling class template member function 'T ApexCSG::PerlinNoise<T,64,3,Vec3Float>::perlinNoise(VecType)'
          with
          [
              T=float,
              VecType=Vec3Float
          ] (compiling source file ..\..\shared\internal\src\authoring\Fracturing.cpp)
C:\CatalystEngine\libs\PhysX\APEX_1.4\shared\internal\src\authoring\Noise.h(71): message : see reference to function template instantiation 'T ApexCSG::PerlinNoise<T,64,3,Vec3Float>::perlinNoise(VecType)' being compiled
          with
          [
              T=float,
              VecType=Vec3Float
          ] (compiling source file ..\..\shared\internal\src\authoring\Fracturing.cpp)
C:\CatalystEngine\libs\PhysX\APEX_1.4\shared\internal\src\authoring\Fracturing.cpp(499): message : see reference to class template instantiation 'ApexCSG::PerlinNoise<float,64,3,Vec3Float>' being compiled
  dgMatrix.cpp
  dgMeshEffect.cpp
  dgPolygonSoupBuilder.cpp
  dgPolyhedra.cpp
C:\CatalystEngine\libs\PhysX\APEX_1.4\shared\general\HACD\public\PlatformConfigHACD.h(205,1): warning C5204: 'hacd::ICallback': class has virtual functions, but its trivial destructor is not virtual; instances of objects derived from this class may not be destructed correctly (compiling source file ..\..\shared\general\HACD\src\dgConvexHull3d.cpp)
  dgQuaternion.cpp
C:\CatalystEngine\libs\PhysX\APEX_1.4\shared\general\HACD\public\PlatformConfigHACD.h(205,1): warning C5204: 'hacd::ICallback': class has virtual functions, but its trivial destructor is not virtual; instances of objects derived from this class may not be destructed correctly (compiling source file ..\..\shared\general\HACD\src\dgGoogol.cpp)
C:\CatalystEngine\libs\PhysX\APEX_1.4\shared\general\HACD\public\PlatformConfigHACD.h(205,1): warning C5204: 'hacd::ICallback': class has virtual functions, but its trivial destructor is not virtual; instances of objects derived from this class may not be destructed correctly (compiling source file ..\..\shared\general\HACD\src\dgMeshEffect.cpp)
C:\CatalystEngine\libs\PhysX\APEX_1.4\shared\general\HACD\public\PlatformConfigHACD.h(205,1): warning C5204: 'hacd::ICallback': class has virtual functions, but its trivial destructor is not virtual; instances of objects derived from this class may not be destructed correctly (compiling source file ..\..\shared\general\HACD\src\dgPolyhedra.cpp)
  dgSmallDeterminant.cpp
C:\CatalystEngine\libs\PhysX\APEX_1.4\shared\general\HACD\public\PlatformConfigHACD.h(205,1): warning C5204: 'hacd::ICallback': class has virtual functions, but its trivial destructor is not virtual; instances of objects derived from this class may not be destructed correctly (compiling source file ..\..\shared\general\HACD\src\dgMatrix.cpp)
C:\CatalystEngine\libs\PhysX\APEX_1.4\shared\general\HACD\public\PlatformConfigHACD.h(205,1): warning C5204: 'hacd::ICallback': class has virtual functions, but its trivial destructor is not virtual; instances of objects derived from this class may not be destructed correctly (compiling source file ..\..\shared\general\HACD\src\dgIntersections.cpp)
  dgSphere.cpp
C:\CatalystEngine\libs\PhysX\APEX_1.4\shared\general\HACD\src\dgMeshEffect.cpp(3252,36): warning C5219: implicit conversion from 'int32_t' to 'float', possible loss of data
C:\CatalystEngine\libs\PhysX\APEX_1.4\shared\general\HACD\public\PlatformConfigHACD.h(205,1): warning C5204: 'hacd::ICallback': class has virtual functions, but its trivial destructor is not virtual; instances of objects derived from this class may not be destructed correctly (compiling source file ..\..\shared\general\HACD\src\dgPolygonSoupBuilder.cpp)
  dgTree.cpp
  dgTypes.cpp
C:\CatalystEngine\libs\PhysX\APEX_1.4\shared\general\HACD\public\PlatformConfigHACD.h(205,1): warning C5204: 'hacd::ICallback': class has virtual functions, but its trivial destructor is not virtual; instances of objects derived from this class may not be destructed correctly (compiling source file ..\..\shared\general\HACD\src\dgQuaternion.cpp)
C:\CatalystEngine\libs\PhysX\APEX_1.4\shared\general\HACD\public\PlatformConfigHACD.h(205,1): warning C5204: 'hacd::ICallback': class has virtual functions, but its trivial destructor is not virtual; instances of objects derived from this class may not be destructed correctly (compiling source file ..\..\shared\general\HACD\src\dgSmallDeterminant.cpp)
  HACD.cpp
  MergeHulls.cpp
  WuQuantizer.cpp
C:\CatalystEngine\libs\PhysX\APEX_1.4\shared\general\HACD\public\PlatformConfigHACD.h(205,1): warning C5204: 'hacd::ICallback': class has virtual functions, but its trivial destructor is not virtual; instances of objects derived from this class may not be destructed correctly (compiling source file ..\..\shared\general\HACD\src\dgSphere.cpp)
  PairFilter.cpp
  StanHull.cpp
C:\CatalystEngine\libs\PhysX\APEX_1.4\shared\general\HACD\public\PlatformConfigHACD.h(205,1): warning C5204: 'hacd::ICallback': class has virtual functions, but its trivial destructor is not virtual; instances of objects derived from this class may not be destructed correctly (compiling source file ..\..\shared\general\HACD\src\dgTypes.cpp)
C:\CatalystEngine\libs\PhysX\APEX_1.4\shared\general\HACD\public\PlatformConfigHACD.h(205,1): warning C5204: 'hacd::ICallback': class has virtual functions, but its trivial destructor is not virtual; instances of objects derived from this class may not be destructed correctly (compiling source file ..\..\shared\general\HACD\src\MergeHulls.cpp)
C:\CatalystEngine\libs\PhysX\APEX_1.4\shared\general\HACD\public\ConvexHull.h(121,1): warning C5204: 'HACD::ConvexHullTriangleInterface': class has virtual functions, but its trivial destructor is not virtual; instances of objects derived from this class may not be destructed correctly (compiling source file ..\..\shared\general\HACD\src\MergeHulls.cpp)
C:\CatalystEngine\libs\PhysX\APEX_1.4\shared\general\HACD\public\PlatformConfigHACD.h(205,1): warning C5204: 'hacd::ICallback': class has virtual functions, but its trivial destructor is not virtual; instances of objects derived from this class may not be destructed correctly (compiling source file ..\..\shared\general\HACD\src\dgTree.cpp)
C:\CatalystEngine\libs\PhysX\APEX_1.4\shared\general\HACD\public\PlatformConfigHACD.h(205,1): warning C5204: 'hacd::ICallback': class has virtual functions, but its trivial destructor is not virtual; instances of objects derived from this class may not be destructed correctly (compiling source file ..\..\shared\general\HACD\src\HACD.cpp)
C:\CatalystEngine\libs\PhysX\APEX_1.4\shared\general\stan_hull\include\StanHull.h(144,1): warning C5204: 'nvidia::stanhull::ConvexHullTriangleInterface': class has virtual functions, but its trivial destructor is not virtual; instances of objects derived from this class may not be destructed correctly (compiling source file ..\..\shared\general\stan_hull\src\StanHull.cpp)
C:\CatalystEngine\libs\PhysX\APEX_1.4\shared\general\HACD\public\PlatformConfigHACD.h(205,1): warning C5204: 'hacd::ICallback': class has virtual functions, but its trivial destructor is not virtual; instances of objects derived from this class may not be destructed correctly (compiling source file ..\..\shared\general\HACD\src\WuQuantizer.cpp)
C:\CatalystEngine\libs\PhysX\APEX_1.4\shared\general\HACD\src\WuQuantizer.cpp(243,48): warning C5219: implicit conversion from 'int32_t' to 'float', possible loss of data
C:\CatalystEngine\libs\PhysX\APEX_1.4\shared\general\HACD\src\WuQuantizer.cpp(429,28): warning C5219: implicit conversion from 'int32_t' to 'float', possible loss of data
C:\CatalystEngine\libs\PhysX\APEX_1.4\shared\general\HACD\src\WuQuantizer.cpp(429,51): warning C5219: implicit conversion from 'int32_t' to 'float', possible loss of data
C:\CatalystEngine\libs\PhysX\APEX_1.4\shared\general\HACD\src\WuQuantizer.cpp(429,74): warning C5219: implicit conversion from 'int32_t' to 'float', possible loss of data
C:\CatalystEngine\libs\PhysX\APEX_1.4\shared\general\HACD\src\WuQuantizer.cpp(429,82): warning C5219: implicit conversion from 'int32_t' to 'float', possible loss of data
C:\CatalystEngine\libs\PhysX\APEX_1.4\shared\general\HACD\src\WuQuantizer.cpp(440,29): warning C5219: implicit conversion from 'int32_t' to 'float', possible loss of data
C:\CatalystEngine\libs\PhysX\APEX_1.4\shared\general\HACD\src\WuQuantizer.cpp(440,52): warning C5219: implicit conversion from 'int32_t' to 'float', possible loss of data
C:\CatalystEngine\libs\PhysX\APEX_1.4\shared\general\HACD\src\WuQuantizer.cpp(440,75): warning C5219: implicit conversion from 'int32_t' to 'float', possible loss of data
C:\CatalystEngine\libs\PhysX\APEX_1.4\shared\general\HACD\src\WuQuantizer.cpp(440,83): warning C5219: implicit conversion from 'int32_t' to 'float', possible loss of data
C:\CatalystEngine\libs\PhysX\APEX_1.4\shared\general\HACD\src\WuQuantizer.cpp(597,11): warning C5219: implicit conversion from 'int32_t' to 'float', possible loss of data
C:\CatalystEngine\libs\PhysX\APEX_1.4\shared\general\HACD\src\WuQuantizer.cpp(598,11): warning C5219: implicit conversion from 'int32_t' to 'float', possible loss of data
C:\CatalystEngine\libs\PhysX\APEX_1.4\shared\general\HACD\src\WuQuantizer.cpp(599,11): warning C5219: implicit conversion from 'int32_t' to 'float', possible loss of data
LINK : warning LNK4044: unrecognized option '/INCREMENTAL:NO'; ignored
  ApexShared.vcxproj -> C:\CatalystEngine\libs\PhysX\APEX_1.4\lib\vc15win64-PhysX_3.4\ApexSharedDEBUG.lib
