c:\catalystengine\libs\physx\physx_3.4\source\compiler\vc15win64\x64\physxcommon\debug\cmwindowsdelayloadhook.obj
c:\catalystengine\libs\physx\physx_3.4\source\compiler\vc15win64\x64\physxcommon\debug\cmmathutils.obj
c:\catalystengine\libs\physx\physx_3.4\source\compiler\vc15win64\x64\physxcommon\debug\cmvisualization.obj
c:\catalystengine\libs\physx\physx_3.4\source\compiler\vc15win64\x64\physxcommon\debug\gucontactplanebox.obj
c:\catalystengine\libs\physx\physx_3.4\source\compiler\vc15win64\x64\physxcommon\debug\gucontactplaneconvex.obj
c:\catalystengine\libs\physx\physx_3.4\source\compiler\vc15win64\x64\physxcommon\debug\gufeaturecode.obj
c:\catalystengine\libs\physx\physx_3.4\source\compiler\vc15win64\x64\physxcommon\debug\gulegacycontactconvexheightfield.obj
c:\catalystengine\libs\physx\physx_3.4\source\compiler\vc15win64\x64\physxcommon\debug\guconvexutilsinternal.obj
c:\catalystengine\libs\physx\physx_3.4\source\compiler\vc15win64\x64\physxcommon\debug\gusweepboxbox.obj
c:\catalystengine\libs\physx\physx_3.4\source\compiler\vc15win64\x64\physxcommon\debug\guepa.obj
c:\catalystengine\libs\physx\physx_3.4\source\compiler\vc15win64\x64\physxcommon\debug\guintersectionraysphere.obj
c:\catalystengine\libs\physx\physx_3.4\source\compiler\vc15win64\x64\physxcommon\debug\gubv4_aabbsweep.obj
c:\catalystengine\libs\physx\physx_3.4\source\compiler\vc15win64\x64\physxcommon\debug\gumeshquery.obj
c:\catalystengine\libs\physx\physx_3.4\source\compiler\vc15win64\x64\physxcommon\debug\guheightfieldutil.obj
c:\catalystengine\libs\physx\physx_3.4\source\compiler\vc15win64\x64\physxcommon\debug\gupcmcontactcapsuleheightfield.obj
c:\catalystengine\libs\physx\physx_3.4\source\compiler\vc15win64\x64\physxcommon\debug\gupcmcontactplanebox.obj
c:\catalystengine\libs\physx\physx_3.4\source\compiler\vc15win64\x64\physxcommon\debug\gupcmcontactsphereplane.obj
c:\catalystengine\libs\physx\physx_3.4\source\compiler\vc15win64\x64\physxcommon\debug\guccdsweepprimitives.obj
c:\catalystengine\libs\physx\physx_3.4\source\compiler\vc15win64\x64\physxcommon\debug\guoverlaptests.obj
c:\catalystengine\libs\physx\physx_3.4\source\compiler\vc15win64\x64\physxcommon\debug\cmradixsortbuffered.obj
c:\catalystengine\libs\physx\physx_3.4\source\compiler\vc15win64\x64\physxcommon\debug\gucontactconvexconvex.obj
c:\catalystengine\libs\physx\physx_3.4\source\compiler\vc15win64\x64\physxcommon\debug\gucontactspherebox.obj
c:\catalystengine\libs\physx\physx_3.4\source\compiler\vc15win64\x64\physxcommon\debug\gubigconvexdata.obj
c:\catalystengine\libs\physx\physx_3.4\source\compiler\vc15win64\x64\physxcommon\debug\gudistancepointbox.obj
c:\catalystengine\libs\physx\physx_3.4\source\compiler\vc15win64\x64\physxcommon\debug\gusweepboxtriangle_featurebased.obj
c:\catalystengine\libs\physx\physx_3.4\source\compiler\vc15win64\x64\physxcommon\debug\gusweepspherecapsule.obj
c:\catalystengine\libs\physx\physx_3.4\source\compiler\vc15win64\x64\physxcommon\debug\gusweeptriangleutils.obj
c:\catalystengine\libs\physx\physx_3.4\source\compiler\vc15win64\x64\physxcommon\debug\guintersectiontrianglebox.obj
c:\catalystengine\libs\physx\physx_3.4\source\compiler\vc15win64\x64\physxcommon\debug\gubv4_obbsweep.obj
c:\catalystengine\libs\physx\physx_3.4\source\compiler\vc15win64\x64\physxcommon\debug\gutrianglemesh.obj
c:\catalystengine\libs\physx\physx_3.4\source\compiler\vc15win64\x64\physxcommon\debug\gupcmcontactboxconvex.obj
c:\catalystengine\libs\physx\physx_3.4\source\compiler\vc15win64\x64\physxcommon\debug\gupcmcontactconvexcommon.obj
c:\catalystengine\libs\physx\physx_3.4\source\compiler\vc15win64\x64\physxcommon\debug\gupcmcontactplaneconvex.obj
c:\catalystengine\libs\physx\physx_3.4\source\compiler\vc15win64\x64\physxcommon\debug\gupcmshapeconvex.obj
c:\catalystengine\libs\physx\physx_3.4\source\compiler\vc15win64\x64\physxcommon\debug\gubox.obj
c:\catalystengine\libs\physx\physx_3.4\source\compiler\vc15win64\x64\physxcommon\debug\gumeshfactory.obj
c:\catalystengine\libs\physx\physx_3.4\source\compiler\vc15win64\x64\physxcommon\debug\cmrenderoutput.obj
c:\catalystengine\libs\physx\physx_3.4\source\compiler\vc15win64\x64\physxcommon\debug\gucontactconvexmesh.obj
c:\catalystengine\libs\physx\physx_3.4\source\compiler\vc15win64\x64\physxcommon\debug\gucontactspheresphere.obj
c:\catalystengine\libs\physx\physx_3.4\source\compiler\vc15win64\x64\physxcommon\debug\gulegacycontactcapsuleheightfield.obj
c:\catalystengine\libs\physx\physx_3.4\source\compiler\vc15win64\x64\physxcommon\debug\guhillclimbing.obj
c:\catalystengine\libs\physx\physx_3.4\source\compiler\vc15win64\x64\physxcommon\debug\gudistancesegmentsegment.obj
c:\catalystengine\libs\physx\physx_3.4\source\compiler\vc15win64\x64\physxcommon\debug\gusweepcapsulecapsule.obj
c:\catalystengine\libs\physx\physx_3.4\source\compiler\vc15win64\x64\physxcommon\debug\gusweepspheresphere.obj
c:\catalystengine\libs\physx\physx_3.4\source\compiler\vc15win64\x64\physxcommon\debug\guintersectioncapsuletriangle.obj
c:\catalystengine\libs\physx\physx_3.4\source\compiler\vc15win64\x64\physxcommon\debug\guintersectionraycapsule.obj
c:\catalystengine\libs\physx\physx_3.4\source\compiler\vc15win64\x64\physxcommon\debug\gubv4.obj
c:\catalystengine\libs\physx\physx_3.4\source\compiler\vc15win64\x64\physxcommon\debug\gubv4_capsulesweep.obj
c:\catalystengine\libs\physx\physx_3.4\source\compiler\vc15win64\x64\physxcommon\debug\gurtreequeries.obj
c:\catalystengine\libs\physx\physx_3.4\source\compiler\vc15win64\x64\physxcommon\debug\gutrianglemeshbv4.obj
c:\catalystengine\libs\physx\physx_3.4\source\compiler\vc15win64\x64\physxcommon\debug\gupcmcontactcapsulebox.obj
c:\catalystengine\libs\physx\physx_3.4\source\compiler\vc15win64\x64\physxcommon\debug\gupcmcontactconvexheightfield.obj
c:\catalystengine\libs\physx\physx_3.4\source\compiler\vc15win64\x64\physxcommon\debug\gupcmcontactsphereheightfield.obj
c:\catalystengine\libs\physx\physx_3.4\source\compiler\vc15win64\x64\physxcommon\debug\gucctsweeptests.obj
c:\catalystengine\libs\physx\physx_3.4\source\compiler\vc15win64\x64\physxcommon\debug\gumtd.obj
c:\catalystengine\libs\physx\physx_3.4\source\compiler\vc15win64\x64\physxcommon\debug\cmcollection.obj
c:\catalystengine\libs\physx\physx_3.4\source\compiler\vc15win64\x64\physxcommon\debug\gucontactcapsulemesh.obj
c:\catalystengine\libs\physx\physx_3.4\source\compiler\vc15win64\x64\physxcommon\debug\gulegacycontactboxheightfield.obj
c:\catalystengine\libs\physx\physx_3.4\source\compiler\vc15win64\x64\physxcommon\debug\gushapeconvex.obj
c:\catalystengine\libs\physx\physx_3.4\source\compiler\vc15win64\x64\physxcommon\debug\gusweepboxtriangle_sat.obj
c:\catalystengine\libs\physx\physx_3.4\source\compiler\vc15win64\x64\physxcommon\debug\gugjksimplex.obj
c:\catalystengine\libs\physx\physx_3.4\source\compiler\vc15win64\x64\physxcommon\debug\guintersectionedgeedge.obj
c:\catalystengine\libs\physx\physx_3.4\source\compiler\vc15win64\x64\physxcommon\debug\guintersectionspherebox.obj
c:\catalystengine\libs\physx\physx_3.4\source\compiler\vc15win64\x64\physxcommon\debug\gubv4_sphereoverlap.obj
c:\catalystengine\libs\physx\physx_3.4\source\compiler\vc15win64\x64\physxcommon\debug\gurtree.obj
c:\catalystengine\libs\physx\physx_3.4\source\compiler\vc15win64\x64\physxcommon\debug\guoverlaptestshf.obj
c:\catalystengine\libs\physx\physx_3.4\source\compiler\vc15win64\x64\physxcommon\debug\gupcmcontactcapsulemesh.obj
c:\catalystengine\libs\physx\physx_3.4\source\compiler\vc15win64\x64\physxcommon\debug\gupcmcontactplanecapsule.obj
c:\catalystengine\libs\physx\physx_3.4\source\compiler\vc15win64\x64\physxcommon\debug\gupcmcontactspheresphere.obj
c:\catalystengine\libs\physx\physx_3.4\source\compiler\vc15win64\x64\physxcommon\debug\gubounds.obj
c:\catalystengine\libs\physx\physx_3.4\source\compiler\vc15win64\x64\physxcommon\debug\guraycasttests.obj
c:\catalystengine\libs\physx\physx_3.4\source\compiler\vc15win64\x64\physxcommon\debug\cmptrtable.obj
c:\catalystengine\libs\physx\physx_3.4\source\compiler\vc15win64\x64\physxcommon\debug\gucontactcapsuleconvex.obj
c:\catalystengine\libs\physx\physx_3.4\source\compiler\vc15win64\x64\physxcommon\debug\gucontactspherecapsule.obj
c:\catalystengine\libs\physx\physx_3.4\source\compiler\vc15win64\x64\physxcommon\debug\guseparatingaxes.obj
c:\catalystengine\libs\physx\physx_3.4\source\compiler\vc15win64\x64\physxcommon\debug\guconvexmesh.obj
c:\catalystengine\libs\physx\physx_3.4\source\compiler\vc15win64\x64\physxcommon\debug\gusweepboxsphere.obj
c:\catalystengine\libs\physx\physx_3.4\source\compiler\vc15win64\x64\physxcommon\debug\guintersectionboxbox.obj
c:\catalystengine\libs\physx\physx_3.4\source\compiler\vc15win64\x64\physxcommon\debug\gubv4build.obj
c:\catalystengine\libs\physx\physx_3.4\source\compiler\vc15win64\x64\physxcommon\debug\gubv4_raycast.obj
c:\catalystengine\libs\physx\physx_3.4\source\compiler\vc15win64\x64\physxcommon\debug\guoverlaptestsmesh.obj
c:\catalystengine\libs\physx\physx_3.4\source\compiler\vc15win64\x64\physxcommon\debug\gusweepshf.obj
c:\catalystengine\libs\physx\physx_3.4\source\compiler\vc15win64\x64\physxcommon\debug\gupcmcontactconvexmesh.obj
c:\catalystengine\libs\physx\physx_3.4\source\compiler\vc15win64\x64\physxcommon\debug\gupcmcontactspheremesh.obj
c:\catalystengine\libs\physx\physx_3.4\source\compiler\vc15win64\x64\physxcommon\debug\gucapsule.obj
c:\catalystengine\libs\physx\physx_3.4\source\compiler\vc15win64\x64\physxcommon\debug\guinternal.obj
c:\catalystengine\libs\physx\physx_3.4\source\compiler\vc15win64\x64\physxcommon\debug\gusweepsharedtests.obj
c:\catalystengine\libs\physx\physx_3.4\source\compiler\vc15win64\x64\physxcommon\debug\cmboxpruning.obj
c:\catalystengine\libs\physx\physx_3.4\source\compiler\vc15win64\x64\physxcommon\debug\gucontactboxbox.obj
c:\catalystengine\libs\physx\physx_3.4\source\compiler\vc15win64\x64\physxcommon\debug\gucontactplanecapsule.obj
c:\catalystengine\libs\physx\physx_3.4\source\compiler\vc15win64\x64\physxcommon\debug\gucontactsphereplane.obj
c:\catalystengine\libs\physx\physx_3.4\source\compiler\vc15win64\x64\physxcommon\debug\gubarycentriccoordinates.obj
c:\catalystengine\libs\physx\physx_3.4\source\compiler\vc15win64\x64\physxcommon\debug\guconvexsupporttable.obj
c:\catalystengine\libs\physx\physx_3.4\source\compiler\vc15win64\x64\physxcommon\debug\gudistancesegmenttriangle.obj
c:\catalystengine\libs\physx\physx_3.4\source\compiler\vc15win64\x64\physxcommon\debug\gusweepcapsuletriangle.obj
c:\catalystengine\libs\physx\physx_3.4\source\compiler\vc15win64\x64\physxcommon\debug\guintersectionraybox.obj
c:\catalystengine\libs\physx\physx_3.4\source\compiler\vc15win64\x64\physxcommon\debug\gubv32build.obj
c:\catalystengine\libs\physx\physx_3.4\source\compiler\vc15win64\x64\physxcommon\debug\gubv4_spheresweep.obj
c:\catalystengine\libs\physx\physx_3.4\source\compiler\vc15win64\x64\physxcommon\debug\gusweepsmesh.obj
c:\catalystengine\libs\physx\physx_3.4\source\compiler\vc15win64\x64\physxcommon\debug\gupcmcontactcapsulecapsule.obj
c:\catalystengine\libs\physx\physx_3.4\source\compiler\vc15win64\x64\physxcommon\debug\gupcmcontactgenboxconvex.obj
c:\catalystengine\libs\physx\physx_3.4\source\compiler\vc15win64\x64\physxcommon\debug\gupcmcontactspherecapsule.obj
c:\catalystengine\libs\physx\physx_3.4\source\compiler\vc15win64\x64\physxcommon\debug\gupersistentcontactmanifold.obj
c:\catalystengine\libs\physx\physx_3.4\source\compiler\vc15win64\x64\physxcommon\debug\gugeometryunion.obj
c:\catalystengine\libs\physx\physx_3.4\source\compiler\vc15win64\x64\physxcommon\debug\gusweepmtd.obj
c:\catalystengine\libs\physx\physx_3.4\source\compiler\vc15win64\x64\physxcommon\debug\cmwindowsmoduleupdateloader.obj
c:\catalystengine\libs\physx\physx_3.4\source\compiler\vc15win64\x64\physxcommon\debug\gucontactcapsulebox.obj
c:\catalystengine\libs\physx\physx_3.4\source\compiler\vc15win64\x64\physxcommon\debug\gucontactpolygonpolygon.obj
c:\catalystengine\libs\physx\physx_3.4\source\compiler\vc15win64\x64\physxcommon\debug\gulegacycontactsphereheightfield.obj
c:\catalystengine\libs\physx\physx_3.4\source\compiler\vc15win64\x64\physxcommon\debug\gudistancepointtriangle.obj
c:\catalystengine\libs\physx\physx_3.4\source\compiler\vc15win64\x64\physxcommon\debug\gusweepcapsulebox.obj
c:\catalystengine\libs\physx\physx_3.4\source\compiler\vc15win64\x64\physxcommon\debug\gugjktest.obj
c:\catalystengine\libs\physx\physx_3.4\source\compiler\vc15win64\x64\physxcommon\debug\gubv4_boxoverlap.obj
c:\catalystengine\libs\physx\physx_3.4\source\compiler\vc15win64\x64\physxcommon\debug\gumidphasebv4.obj
c:\catalystengine\libs\physx\physx_3.4\source\compiler\vc15win64\x64\physxcommon\debug\gutrianglemeshrtree.obj
c:\catalystengine\libs\physx\physx_3.4\source\compiler\vc15win64\x64\physxcommon\debug\gupcmcontactcapsuleconvex.obj
c:\catalystengine\libs\physx\physx_3.4\source\compiler\vc15win64\x64\physxcommon\debug\gupcmcontactgenspherecapsule.obj
c:\catalystengine\libs\physx\physx_3.4\source\compiler\vc15win64\x64\physxcommon\debug\gupcmcontactsphereconvex.obj
c:\catalystengine\libs\physx\physx_3.4\source\compiler\vc15win64\x64\physxcommon\debug\guccdsweepconvexmesh.obj
c:\catalystengine\libs\physx\physx_3.4\source\compiler\vc15win64\x64\physxcommon\debug\gumetadata.obj
c:\catalystengine\libs\physx\physx_3.4\source\compiler\vc15win64\x64\physxcommon\debug\gusweeptests.obj
c:\catalystengine\libs\physx\physx_3.4\source\compiler\vc15win64\x64\physxcommon\debug\cmradixsort.obj
c:\catalystengine\libs\physx\physx_3.4\source\compiler\vc15win64\x64\physxcommon\debug\gucontactcapsulecapsule.obj
c:\catalystengine\libs\physx\physx_3.4\source\compiler\vc15win64\x64\physxcommon\debug\gucontactspheremesh.obj
c:\catalystengine\libs\physx\physx_3.4\source\compiler\vc15win64\x64\physxcommon\debug\guconvexhelper.obj
c:\catalystengine\libs\physx\physx_3.4\source\compiler\vc15win64\x64\physxcommon\debug\gudistancesegmentbox.obj
c:\catalystengine\libs\physx\physx_3.4\source\compiler\vc15win64\x64\physxcommon\debug\gusweepspheretriangle.obj
c:\catalystengine\libs\physx\physx_3.4\source\compiler\vc15win64\x64\physxcommon\debug\gubv32.obj
c:\catalystengine\libs\physx\physx_3.4\source\compiler\vc15win64\x64\physxcommon\debug\gubv4_capsulesweepaa.obj
c:\catalystengine\libs\physx\physx_3.4\source\compiler\vc15win64\x64\physxcommon\debug\gumidphasertree.obj
c:\catalystengine\libs\physx\physx_3.4\source\compiler\vc15win64\x64\physxcommon\debug\guheightfield.obj
c:\catalystengine\libs\physx\physx_3.4\source\compiler\vc15win64\x64\physxcommon\debug\gupcmcontactboxbox.obj
c:\catalystengine\libs\physx\physx_3.4\source\compiler\vc15win64\x64\physxcommon\debug\gupcmcontactconvexconvex.obj
c:\catalystengine\libs\physx\physx_3.4\source\compiler\vc15win64\x64\physxcommon\debug\gupcmcontactspherebox.obj
c:\catalystengine\libs\physx\physx_3.4\source\compiler\vc15win64\x64\physxcommon\debug\gupcmtrianglecontactgen.obj
c:\catalystengine\libs\physx\physx_3.4\source\compiler\vc15win64\x64\physxcommon\debug\gugeometryquery.obj
c:\catalystengine\libs\physx\physx_3.4\source\compiler\vc15win64\x64\physxcommon\debug\guserialize.obj
c:\catalystengine\libs\physx\physx_3.4\bin\vc15win64\physx3commondebug_x64.pdb
c:\catalystengine\libs\physx\physx_3.4\bin\vc15win64\physx3commondebug_x64.ilk
c:\catalystengine\libs\physx\physx_3.4\bin\vc15win64\physx3commondebug_x64.dll
c:\catalystengine\libs\physx\physx_3.4\bin\vc15win64\physx3commondebug_x64.map
c:\catalystengine\libs\physx\physx_3.4\lib\vc15win64\physx3commondebug_x64.lib
c:\catalystengine\libs\physx\physx_3.4\lib\vc15win64\physx3commondebug_x64.exp
c:\catalystengine\libs\physx\physx_3.4\bin\vc15win64\physxfoundation_64.dll
c:\catalystengine\libs\physx\physx_3.4\source\compiler\vc15win64\x64\physxcommon\debug\physx3common.res
c:\catalystengine\libs\physx\physx_3.4\source\compiler\vc15win64\x64\physxcommon\debug\physxcommon.tlog\cl.10812.write.1.tlog
c:\catalystengine\libs\physx\physx_3.4\source\compiler\vc15win64\x64\physxcommon\debug\physxcommon.tlog\cl.command.1.tlog
c:\catalystengine\libs\physx\physx_3.4\source\compiler\vc15win64\x64\physxcommon\debug\physxcommon.tlog\cl.read.1.tlog
c:\catalystengine\libs\physx\physx_3.4\source\compiler\vc15win64\x64\physxcommon\debug\physxcommon.tlog\link.command.1.tlog
c:\catalystengine\libs\physx\physx_3.4\source\compiler\vc15win64\x64\physxcommon\debug\physxcommon.tlog\link.read.1.tlog
c:\catalystengine\libs\physx\physx_3.4\source\compiler\vc15win64\x64\physxcommon\debug\physxcommon.tlog\link.write.1.tlog
c:\catalystengine\libs\physx\physx_3.4\source\compiler\vc15win64\x64\physxcommon\debug\physxcommon.tlog\physxcommon.write.1u.tlog
c:\catalystengine\libs\physx\physx_3.4\source\compiler\vc15win64\x64\physxcommon\debug\physxcommon.tlog\rc.command.1.tlog
c:\catalystengine\libs\physx\physx_3.4\source\compiler\vc15win64\x64\physxcommon\debug\physxcommon.tlog\rc.read.1.tlog
c:\catalystengine\libs\physx\physx_3.4\source\compiler\vc15win64\x64\physxcommon\debug\physxcommon.tlog\rc.write.1.tlog
