c:\catalystengine\libs\physx\physx_3.4\source\compiler\vc15win64\x64\simulationcontroller\debug\scparticlepacketshape.obj
c:\catalystengine\libs\physx\physx_3.4\source\compiler\vc15win64\x64\simulationcontroller\debug\scarticulationjointcore.obj
c:\catalystengine\libs\physx\physx_3.4\source\compiler\vc15win64\x64\simulationcontroller\debug\scelementinteractionmarker.obj
c:\catalystengine\libs\physx\physx_3.4\source\compiler\vc15win64\x64\simulationcontroller\debug\scrigidsim.obj
c:\catalystengine\libs\physx\physx_3.4\source\compiler\vc15win64\x64\simulationcontroller\debug\scstaticcore.obj
c:\catalystengine\libs\physx\physx_3.4\source\compiler\vc15win64\x64\simulationcontroller\debug\scparticlebodyinteraction.obj
c:\catalystengine\libs\physx\physx_3.4\source\compiler\vc15win64\x64\simulationcontroller\debug\scbodycore.obj
c:\catalystengine\libs\physx\physx_3.4\source\compiler\vc15win64\x64\simulationcontroller\debug\scinteraction.obj
c:\catalystengine\libs\physx\physx_3.4\source\compiler\vc15win64\x64\simulationcontroller\debug\scshapecore.obj
c:\catalystengine\libs\physx\physx_3.4\source\compiler\vc15win64\x64\simulationcontroller\debug\scparticlesystemsim.obj
c:\catalystengine\libs\physx\physx_3.4\source\compiler\vc15win64\x64\simulationcontroller\debug\scbodycorekinematic.obj
c:\catalystengine\libs\physx\physx_3.4\source\compiler\vc15win64\x64\simulationcontroller\debug\scconstraintprojectionmanager.obj
c:\catalystengine\libs\physx\physx_3.4\source\compiler\vc15win64\x64\simulationcontroller\debug\scmetadata.obj
c:\catalystengine\libs\physx\physx_3.4\source\compiler\vc15win64\x64\simulationcontroller\debug\scsimstats.obj
c:\catalystengine\libs\physx\physx_3.4\source\compiler\vc15win64\x64\simulationcontroller\debug\scsqboundsmanager.obj
c:\catalystengine\libs\physx\physx_3.4\source\compiler\vc15win64\x64\simulationcontroller\debug\scclothshape.obj
c:\catalystengine\libs\physx\physx_3.4\source\compiler\vc15win64\x64\simulationcontroller\debug\scarticulationcore.obj
c:\catalystengine\libs\physx\physx_3.4\source\compiler\vc15win64\x64\simulationcontroller\debug\scconstraintgroupnode.obj
c:\catalystengine\libs\physx\physx_3.4\source\compiler\vc15win64\x64\simulationcontroller\debug\scelementsim.obj
c:\catalystengine\libs\physx\physx_3.4\source\compiler\vc15win64\x64\simulationcontroller\debug\scrigidcore.obj
c:\catalystengine\libs\physx\physx_3.4\source\compiler\vc15win64\x64\simulationcontroller\debug\scsimulationcontroller.obj
c:\catalystengine\libs\physx\physx_3.4\source\compiler\vc15win64\x64\simulationcontroller\debug\sctriggerinteraction.obj
c:\catalystengine\libs\physx\physx_3.4\source\compiler\vc15win64\x64\simulationcontroller\debug\scparticlesystemcore.obj
c:\catalystengine\libs\physx\physx_3.4\source\compiler\vc15win64\x64\simulationcontroller\debug\scarticulationsim.obj
c:\catalystengine\libs\physx\physx_3.4\source\compiler\vc15win64\x64\simulationcontroller\debug\scconstraintprojectiontree.obj
c:\catalystengine\libs\physx\physx_3.4\source\compiler\vc15win64\x64\simulationcontroller\debug\scnphasecore.obj
c:\catalystengine\libs\physx\physx_3.4\source\compiler\vc15win64\x64\simulationcontroller\debug\scclothfabriccore.obj
c:\catalystengine\libs\physx\physx_3.4\source\compiler\vc15win64\x64\simulationcontroller\debug\scactorcore.obj
c:\catalystengine\libs\physx\physx_3.4\source\compiler\vc15win64\x64\simulationcontroller\debug\scbodysim.obj
c:\catalystengine\libs\physx\physx_3.4\source\compiler\vc15win64\x64\simulationcontroller\debug\sciterators.obj
c:\catalystengine\libs\physx\physx_3.4\source\compiler\vc15win64\x64\simulationcontroller\debug\scshapeinteraction.obj
c:\catalystengine\libs\physx\physx_3.4\source\compiler\vc15win64\x64\simulationcontroller\debug\scstaticsim.obj
c:\catalystengine\libs\physx\physx_3.4\source\compiler\vc15win64\x64\simulationcontroller\debug\scclothsim.obj
c:\catalystengine\libs\physx\physx_3.4\source\compiler\vc15win64\x64\simulationcontroller\debug\scactorsim.obj
c:\catalystengine\libs\physx\physx_3.4\source\compiler\vc15win64\x64\simulationcontroller\debug\scconstraintcore.obj
c:\catalystengine\libs\physx\physx_3.4\source\compiler\vc15win64\x64\simulationcontroller\debug\scconstraintsim.obj
c:\catalystengine\libs\physx\physx_3.4\source\compiler\vc15win64\x64\simulationcontroller\debug\scscene.obj
c:\catalystengine\libs\physx\physx_3.4\source\compiler\vc15win64\x64\simulationcontroller\debug\scclothcore.obj
c:\catalystengine\libs\physx\physx_3.4\source\compiler\vc15win64\x64\simulationcontroller\debug\scarticulationjointsim.obj
c:\catalystengine\libs\physx\physx_3.4\source\compiler\vc15win64\x64\simulationcontroller\debug\scconstraintinteraction.obj
c:\catalystengine\libs\physx\physx_3.4\source\compiler\vc15win64\x64\simulationcontroller\debug\scmaterialcore.obj
c:\catalystengine\libs\physx\physx_3.4\source\compiler\vc15win64\x64\simulationcontroller\debug\scphysics.obj
c:\catalystengine\libs\physx\physx_3.4\source\compiler\vc15win64\x64\simulationcontroller\debug\scshapesim.obj
c:\catalystengine\libs\physx\physx_3.4\lib\vc15win64\simulationcontrollerdebug.pdb
c:\catalystengine\libs\physx\physx_3.4\lib\vc15win64\simulationcontrollerdebug.lib
c:\catalystengine\libs\physx\physx_3.4\source\compiler\vc15win64\x64\simulationcontroller\debug\simulati.49c560c2.tlog\cl.16076.write.1.tlog
c:\catalystengine\libs\physx\physx_3.4\source\compiler\vc15win64\x64\simulationcontroller\debug\simulati.49c560c2.tlog\cl.command.1.tlog
c:\catalystengine\libs\physx\physx_3.4\source\compiler\vc15win64\x64\simulationcontroller\debug\simulati.49c560c2.tlog\cl.read.1.tlog
c:\catalystengine\libs\physx\physx_3.4\source\compiler\vc15win64\x64\simulationcontroller\debug\simulati.49c560c2.tlog\lib-link.read.1.tlog
c:\catalystengine\libs\physx\physx_3.4\source\compiler\vc15win64\x64\simulationcontroller\debug\simulati.49c560c2.tlog\lib-link.write.1.tlog
c:\catalystengine\libs\physx\physx_3.4\source\compiler\vc15win64\x64\simulationcontroller\debug\simulati.49c560c2.tlog\lib.command.1.tlog
